[2026-01-26T01:27:47.263+0000] {taskinstance.py:1956} INFO - Dependencies all met for dep_context=non-requeueable deps ti=<TaskInstance: the_graph_uniswap_v3_swaps.fetch_and_store_swaps scheduled__2026-01-26T00:00:00+00:00 [queued]>
[2026-01-26T01:27:47.270+0000] {taskinstance.py:1956} INFO - Dependencies all met for dep_context=requeueable deps ti=<TaskInstance: the_graph_uniswap_v3_swaps.fetch_and_store_swaps scheduled__2026-01-26T00:00:00+00:00 [queued]>
[2026-01-26T01:27:47.270+0000] {taskinstance.py:2170} INFO - Starting attempt 1 of 2
[2026-01-26T01:27:47.278+0000] {taskinstance.py:2191} INFO - Executing <Task(PythonOperator): fetch_and_store_swaps> on 2026-01-26 00:00:00+00:00
[2026-01-26T01:27:47.282+0000] {standard_task_runner.py:60} INFO - Started process 24948 to run task
[2026-01-26T01:27:47.286+0000] {standard_task_runner.py:87} INFO - Running: ['***', 'tasks', 'run', 'the_graph_uniswap_v3_swaps', 'fetch_and_store_swaps', 'scheduled__2026-01-26T00:00:00+00:00', '--job-id', '59', '--raw', '--subdir', 'DAGS_FOLDER/the_graph_uniswap_v3_swaps_dag.py', '--cfg-path', '/tmp/tmpmqcjdpvj']
[2026-01-26T01:27:47.292+0000] {standard_task_runner.py:88} INFO - Job 59: Subtask fetch_and_store_swaps
[2026-01-26T01:27:47.361+0000] {task_command.py:423} INFO - Running <TaskInstance: the_graph_uniswap_v3_swaps.fetch_and_store_swaps scheduled__2026-01-26T00:00:00+00:00 [running]> on host f2da44f39545
[2026-01-26T01:27:47.457+0000] {taskinstance.py:2480} INFO - Exporting env vars: AIRFLOW_CTX_DAG_OWNER='***' AIRFLOW_CTX_DAG_ID='the_graph_uniswap_v3_swaps' AIRFLOW_CTX_TASK_ID='fetch_and_store_swaps' AIRFLOW_CTX_EXECUTION_DATE='2026-01-26T00:00:00+00:00' AIRFLOW_CTX_TRY_NUMBER='1' AIRFLOW_CTX_DAG_RUN_ID='scheduled__2026-01-26T00:00:00+00:00'
[2026-01-26T01:27:47.465+0000] {logging_mixin.py:188} INFO - Incremental run: Last record at 2026-01-25 23:39:59. Fetching new swaps...
[2026-01-26T01:27:47.467+0000] {logging_mixin.py:188} INFO - Fetching swaps from 2026-01-25 23:40:00 to 2026-01-26 01:27:47.467545
[2026-01-26T01:27:49.762+0000] {logging_mixin.py:188} INFO - [01:27:49] Fetched 1000 swaps from token0_in (Total: 1000)
[2026-01-26T01:27:52.456+0000] {logging_mixin.py:188} INFO - [01:27:52] Fetched 1000 swaps from token0_in (Total: 2000)
[2026-01-26T01:27:55.214+0000] {logging_mixin.py:188} INFO - [01:27:55] Fetched 1000 swaps from token0_in (Total: 3000)
[2026-01-26T01:27:58.637+0000] {logging_mixin.py:188} INFO - [01:27:58] Fetched 1000 swaps from token0_in (Total: 4000)
[2026-01-26T01:28:01.351+0000] {logging_mixin.py:188} INFO - [01:28:01] Fetched 1000 swaps from token0_in (Total: 5000)
[2026-01-26T01:28:03.829+0000] {logging_mixin.py:188} INFO - [01:28:03] Fetched 1000 swaps from token0_in (Total: 6000)
[2026-01-26T01:28:06.476+0000] {logging_mixin.py:188} INFO - [01:28:06] Fetched 1000 swaps from token0_in (Total: 7000)
[2026-01-26T01:28:08.812+0000] {logging_mixin.py:188} INFO - [01:28:08] Fetched 1000 swaps from token0_in (Total: 8000)
[2026-01-26T01:28:10.953+0000] {logging_mixin.py:188} INFO - [01:28:10] Fetched 792 swaps from token0_in (Total: 8792)
[2026-01-26T01:28:13.433+0000] {logging_mixin.py:188} INFO - [01:28:13] Fetched 1000 swaps from token1_in (Total: 1000)
[2026-01-26T01:51:04.939+0000] {logging_mixin.py:188} INFO - [01:51:04] Fetched 1000 swaps from token1_in (Total: 2000)
[2026-01-26T01:51:08.319+0000] {logging_mixin.py:188} INFO - [01:51:08] Fetched 1000 swaps from token1_in (Total: 3000)
[2026-01-26T01:51:10.520+0000] {logging_mixin.py:188} INFO - [01:51:10] Fetched 1000 swaps from token1_in (Total: 4000)
[2026-01-26T01:51:12.151+0000] {local_task_job_runner.py:302} WARNING - State of this instance has been externally set to up_for_retry. Terminating instance.
[2026-01-26T01:51:12.188+0000] {process_utils.py:131} INFO - Sending 15 to group 24948. PIDs of all processes in the group: [24948]
[2026-01-26T01:51:12.188+0000] {process_utils.py:86} INFO - Sending the signal 15 to group 24948
[2026-01-26T01:51:12.190+0000] {taskinstance.py:2450} ERROR - Received SIGTERM. Terminating subprocesses.
[2026-01-26T01:51:12.197+0000] {logging_mixin.py:188} INFO - [01:51:12] Request failed (attempt 1/3): Task received SIGTERM signal
[2026-01-26T01:51:13.706+0000] {logging_mixin.py:188} INFO - [01:51:13] Fetched 1000 swaps from token1_in (Total: 5000)
[2026-01-26T01:51:15.554+0000] {logging_mixin.py:188} INFO - [01:51:15] Fetched 1000 swaps from token1_in (Total: 6000)
[2026-01-26T01:51:17.219+0000] {logging_mixin.py:188} INFO - [01:51:17] Fetched 1000 swaps from token1_in (Total: 7000)
[2026-01-26T01:51:19.026+0000] {logging_mixin.py:188} INFO - [01:51:19] Fetched 1000 swaps from token1_in (Total: 8000)
[2026-01-26T01:51:20.583+0000] {logging_mixin.py:188} INFO - [01:51:20] Fetched 1000 swaps from token1_in (Total: 9000)
[2026-01-26T01:51:22.033+0000] {logging_mixin.py:188} INFO - [01:51:22] Fetched 1000 swaps from token1_in (Total: 10000)
[2026-01-26T01:51:23.533+0000] {logging_mixin.py:188} INFO - [01:51:23] Fetched 1000 swaps from token1_in (Total: 11000)
[2026-01-26T01:51:25.119+0000] {logging_mixin.py:188} INFO - [01:51:25] Fetched 1000 swaps from token1_in (Total: 12000)
[2026-01-26T01:51:26.678+0000] {logging_mixin.py:188} INFO - [01:51:26] Fetched 950 swaps from token1_in (Total: 12950)
[2026-01-26T01:51:26.978+0000] {logging_mixin.py:188} INFO - Fetch complete. Total unique swaps processed: 14384
[2026-01-26T01:51:26.979+0000] {logging_mixin.py:188} INFO - Successfully synchronized swaps.
[2026-01-26T01:51:26.995+0000] {python.py:201} INFO - Done. Returned value was: None
[2026-01-26T01:51:27.017+0000] {logging_mixin.py:188} WARNING - /home/***/.local/lib/python3.8/site-packages/***/models/baseoperator.py:1469 RemovedInAirflow3Warning: Passing 'execution_date' to 'TaskInstance.xcom_push()' is deprecated.
[2026-01-26T01:51:27.056+0000] {taskinstance.py:1138} INFO - Marking task as SUCCESS. dag_id=the_graph_uniswap_v3_swaps, task_id=fetch_and_store_swaps, execution_date=20260126T000000, start_date=20260126T012747, end_date=20260126T015127
[2026-01-26T01:51:27.120+0000] {process_utils.py:79} INFO - Process psutil.Process(pid=24948, status='terminated', exitcode=0, started='01:27:47') (24948) terminated with exit code 0
