[2026-01-26T20:00:01.301+0000] {taskinstance.py:1956} INFO - Dependencies all met for dep_context=non-requeueable deps ti=<TaskInstance: the_graph_uniswap_v3_swaps.fetch_and_store_swaps scheduled__2026-01-26T19:00:00+00:00 [queued]>
[2026-01-26T20:00:01.307+0000] {taskinstance.py:1956} INFO - Dependencies all met for dep_context=requeueable deps ti=<TaskInstance: the_graph_uniswap_v3_swaps.fetch_and_store_swaps scheduled__2026-01-26T19:00:00+00:00 [queued]>
[2026-01-26T20:00:01.308+0000] {taskinstance.py:2170} INFO - Starting attempt 1 of 2
[2026-01-26T20:00:01.317+0000] {taskinstance.py:2191} INFO - Executing <Task(PythonOperator): fetch_and_store_swaps> on 2026-01-26 19:00:00+00:00
[2026-01-26T20:00:01.321+0000] {standard_task_runner.py:60} INFO - Started process 47421 to run task
[2026-01-26T20:00:01.323+0000] {standard_task_runner.py:87} INFO - Running: ['***', 'tasks', 'run', 'the_graph_uniswap_v3_swaps', 'fetch_and_store_swaps', 'scheduled__2026-01-26T19:00:00+00:00', '--job-id', '145', '--raw', '--subdir', 'DAGS_FOLDER/the_graph_uniswap_v3_swaps_dag.py', '--cfg-path', '/tmp/tmp6nthgdhl']
[2026-01-26T20:00:01.325+0000] {standard_task_runner.py:88} INFO - Job 145: Subtask fetch_and_store_swaps
[2026-01-26T20:00:01.358+0000] {task_command.py:423} INFO - Running <TaskInstance: the_graph_uniswap_v3_swaps.fetch_and_store_swaps scheduled__2026-01-26T19:00:00+00:00 [running]> on host f2da44f39545
[2026-01-26T20:00:01.403+0000] {taskinstance.py:2480} INFO - Exporting env vars: AIRFLOW_CTX_DAG_OWNER='***' AIRFLOW_CTX_DAG_ID='the_graph_uniswap_v3_swaps' AIRFLOW_CTX_TASK_ID='fetch_and_store_swaps' AIRFLOW_CTX_EXECUTION_DATE='2026-01-26T19:00:00+00:00' AIRFLOW_CTX_TRY_NUMBER='1' AIRFLOW_CTX_DAG_RUN_ID='scheduled__2026-01-26T19:00:00+00:00'
[2026-01-26T20:00:01.408+0000] {logging_mixin.py:188} INFO - Incremental run: Last record at 2026-01-26 19:27:35. Fetching new swaps...
[2026-01-26T20:00:01.408+0000] {logging_mixin.py:188} INFO - Fetching swaps from 2026-01-26 19:27:36 to 2026-01-26 20:00:01.408959
[2026-01-26T20:00:02.935+0000] {logging_mixin.py:188} INFO - [20:00:02] Fetched 1000 swaps from token0_in (Total: 1000)
[2026-01-26T20:00:04.062+0000] {logging_mixin.py:188} INFO - [20:00:04] Fetched 701 swaps from token0_in (Total: 1701)
[2026-01-26T20:00:05.260+0000] {logging_mixin.py:188} INFO - [20:00:05] Fetched 1000 swaps from token1_in (Total: 1000)
[2026-01-26T20:00:07.411+0000] {logging_mixin.py:188} INFO - [20:00:07] Fetched 1000 swaps from token1_in (Total: 2000)
[2026-01-26T20:00:08.314+0000] {logging_mixin.py:188} INFO - [20:00:08] Fetched 490 swaps from token1_in (Total: 2490)
[2026-01-26T20:00:08.383+0000] {logging_mixin.py:188} INFO - Fetch complete. Total unique swaps processed: 2838
[2026-01-26T20:00:08.384+0000] {logging_mixin.py:188} INFO - Successfully synchronized swaps.
[2026-01-26T20:00:08.385+0000] {python.py:201} INFO - Done. Returned value was: None
[2026-01-26T20:00:08.388+0000] {logging_mixin.py:188} WARNING - /home/***/.local/lib/python3.8/site-packages/***/models/baseoperator.py:1469 RemovedInAirflow3Warning: Passing 'execution_date' to 'TaskInstance.xcom_push()' is deprecated.
[2026-01-26T20:00:08.399+0000] {taskinstance.py:1138} INFO - Marking task as SUCCESS. dag_id=the_graph_uniswap_v3_swaps, task_id=fetch_and_store_swaps, execution_date=20260126T190000, start_date=20260126T200001, end_date=20260126T200008
[2026-01-26T20:00:08.438+0000] {local_task_job_runner.py:234} INFO - Task exited with return code 0
[2026-01-26T20:00:08.446+0000] {taskinstance.py:3280} INFO - 0 downstream tasks scheduled from follow-on schedule check
