[2026-01-26T09:00:02.685+0000] {taskinstance.py:1956} INFO - Dependencies all met for dep_context=non-requeueable deps ti=<TaskInstance: the_graph_uniswap_v3_swaps.fetch_and_store_swaps scheduled__2026-01-26T08:00:00+00:00 [queued]>
[2026-01-26T09:00:02.691+0000] {taskinstance.py:1956} INFO - Dependencies all met for dep_context=requeueable deps ti=<TaskInstance: the_graph_uniswap_v3_swaps.fetch_and_store_swaps scheduled__2026-01-26T08:00:00+00:00 [queued]>
[2026-01-26T09:00:02.693+0000] {taskinstance.py:2170} INFO - Starting attempt 1 of 2
[2026-01-26T09:00:02.704+0000] {taskinstance.py:2191} INFO - Executing <Task(PythonOperator): fetch_and_store_swaps> on 2026-01-26 08:00:00+00:00
[2026-01-26T09:00:02.713+0000] {standard_task_runner.py:60} INFO - Started process 60039 to run task
[2026-01-26T09:00:02.716+0000] {standard_task_runner.py:87} INFO - Running: ['***', 'tasks', 'run', 'the_graph_uniswap_v3_swaps', 'fetch_and_store_swaps', 'scheduled__2026-01-26T08:00:00+00:00', '--job-id', '98', '--raw', '--subdir', 'DAGS_FOLDER/the_graph_uniswap_v3_swaps_dag.py', '--cfg-path', '/tmp/tmpgu2o6ers']
[2026-01-26T09:00:02.718+0000] {standard_task_runner.py:88} INFO - Job 98: Subtask fetch_and_store_swaps
[2026-01-26T09:00:02.818+0000] {task_command.py:423} INFO - Running <TaskInstance: the_graph_uniswap_v3_swaps.fetch_and_store_swaps scheduled__2026-01-26T08:00:00+00:00 [running]> on host f2da44f39545
[2026-01-26T09:00:02.948+0000] {taskinstance.py:2480} INFO - Exporting env vars: AIRFLOW_CTX_DAG_OWNER='***' AIRFLOW_CTX_DAG_ID='the_graph_uniswap_v3_swaps' AIRFLOW_CTX_TASK_ID='fetch_and_store_swaps' AIRFLOW_CTX_EXECUTION_DATE='2026-01-26T08:00:00+00:00' AIRFLOW_CTX_TRY_NUMBER='1' AIRFLOW_CTX_DAG_RUN_ID='scheduled__2026-01-26T08:00:00+00:00'
[2026-01-26T09:00:02.992+0000] {logging_mixin.py:188} INFO - Incremental run: Last record at 2026-01-26 08:09:35. Fetching new swaps...
[2026-01-26T09:00:02.992+0000] {logging_mixin.py:188} INFO - Fetching swaps from 2026-01-26 08:09:36 to 2026-01-26 09:00:02.992907
[2026-01-26T09:00:04.250+0000] {logging_mixin.py:188} INFO - [09:00:04] Fetched 1000 swaps from token0_in (Total: 1000)
[2026-01-26T09:00:06.641+0000] {logging_mixin.py:188} INFO - [09:00:06] Fetched 1000 swaps from token0_in (Total: 2000)
[2026-01-26T09:00:09.261+0000] {logging_mixin.py:188} INFO - [09:00:09] Fetched 766 swaps from token0_in (Total: 2766)
[2026-01-26T09:00:10.935+0000] {logging_mixin.py:188} INFO - [09:00:10] Fetched 1000 swaps from token1_in (Total: 1000)
[2026-01-26T09:00:13.616+0000] {logging_mixin.py:188} INFO - [09:00:13] Fetched 1000 swaps from token1_in (Total: 2000)
[2026-01-26T09:00:15.256+0000] {logging_mixin.py:188} INFO - [09:00:15] Fetched 1000 swaps from token1_in (Total: 3000)
[2026-01-26T09:00:16.515+0000] {logging_mixin.py:188} INFO - [09:00:16] Fetched 823 swaps from token1_in (Total: 3823)
[2026-01-26T09:00:17.112+0000] {logging_mixin.py:188} INFO - Fetch complete. Total unique swaps processed: 4329
[2026-01-26T09:00:17.114+0000] {logging_mixin.py:188} INFO - Successfully synchronized swaps.
[2026-01-26T09:00:17.126+0000] {python.py:201} INFO - Done. Returned value was: None
[2026-01-26T09:00:17.157+0000] {logging_mixin.py:188} WARNING - /home/***/.local/lib/python3.8/site-packages/***/models/baseoperator.py:1469 RemovedInAirflow3Warning: Passing 'execution_date' to 'TaskInstance.xcom_push()' is deprecated.
[2026-01-26T09:00:17.285+0000] {taskinstance.py:1138} INFO - Marking task as SUCCESS. dag_id=the_graph_uniswap_v3_swaps, task_id=fetch_and_store_swaps, execution_date=20260126T080000, start_date=20260126T090002, end_date=20260126T090017
[2026-01-26T09:00:17.368+0000] {local_task_job_runner.py:234} INFO - Task exited with return code 0
[2026-01-26T09:00:17.418+0000] {taskinstance.py:3280} INFO - 0 downstream tasks scheduled from follow-on schedule check
