[2026-01-26T16:00:01.502+0000] {taskinstance.py:1956} INFO - Dependencies all met for dep_context=non-requeueable deps ti=<TaskInstance: the_graph_uniswap_v3_swaps.fetch_and_store_swaps scheduled__2026-01-26T15:00:00+00:00 [queued]>
[2026-01-26T16:00:01.509+0000] {taskinstance.py:1956} INFO - Dependencies all met for dep_context=requeueable deps ti=<TaskInstance: the_graph_uniswap_v3_swaps.fetch_and_store_swaps scheduled__2026-01-26T15:00:00+00:00 [queued]>
[2026-01-26T16:00:01.509+0000] {taskinstance.py:2170} INFO - Starting attempt 1 of 2
[2026-01-26T16:00:01.519+0000] {taskinstance.py:2191} INFO - Executing <Task(PythonOperator): fetch_and_store_swaps> on 2026-01-26 15:00:00+00:00
[2026-01-26T16:00:01.523+0000] {standard_task_runner.py:60} INFO - Started process 38588 to run task
[2026-01-26T16:00:01.526+0000] {standard_task_runner.py:87} INFO - Running: ['***', 'tasks', 'run', 'the_graph_uniswap_v3_swaps', 'fetch_and_store_swaps', 'scheduled__2026-01-26T15:00:00+00:00', '--job-id', '132', '--raw', '--subdir', 'DAGS_FOLDER/the_graph_uniswap_v3_swaps_dag.py', '--cfg-path', '/tmp/tmpu75vnwti']
[2026-01-26T16:00:01.528+0000] {standard_task_runner.py:88} INFO - Job 132: Subtask fetch_and_store_swaps
[2026-01-26T16:00:01.564+0000] {task_command.py:423} INFO - Running <TaskInstance: the_graph_uniswap_v3_swaps.fetch_and_store_swaps scheduled__2026-01-26T15:00:00+00:00 [running]> on host f2da44f39545
[2026-01-26T16:00:01.618+0000] {taskinstance.py:2480} INFO - Exporting env vars: AIRFLOW_CTX_DAG_OWNER='***' AIRFLOW_CTX_DAG_ID='the_graph_uniswap_v3_swaps' AIRFLOW_CTX_TASK_ID='fetch_and_store_swaps' AIRFLOW_CTX_EXECUTION_DATE='2026-01-26T15:00:00+00:00' AIRFLOW_CTX_TRY_NUMBER='1' AIRFLOW_CTX_DAG_RUN_ID='scheduled__2026-01-26T15:00:00+00:00'
[2026-01-26T16:00:01.624+0000] {logging_mixin.py:188} INFO - Incremental run: Last record at 2026-01-26 14:59:59. Fetching new swaps...
[2026-01-26T16:00:01.625+0000] {logging_mixin.py:188} INFO - Fetching swaps from 2026-01-26 15:00:00 to 2026-01-26 16:00:01.625285
[2026-01-26T16:00:03.702+0000] {logging_mixin.py:188} INFO - [16:00:03] Fetched 1000 swaps from token0_in (Total: 1000)
[2026-01-26T16:00:06.191+0000] {logging_mixin.py:188} INFO - [16:00:06] Fetched 1000 swaps from token0_in (Total: 2000)
[2026-01-26T16:00:08.262+0000] {logging_mixin.py:188} INFO - [16:00:08] Fetched 1000 swaps from token0_in (Total: 3000)
[2026-01-26T16:00:09.932+0000] {logging_mixin.py:188} INFO - [16:00:09] Fetched 955 swaps from token0_in (Total: 3955)
[2026-01-26T16:00:11.405+0000] {logging_mixin.py:188} INFO - [16:00:11] Fetched 1000 swaps from token1_in (Total: 1000)
[2026-01-26T16:00:12.893+0000] {logging_mixin.py:188} INFO - [16:00:12] Fetched 1000 swaps from token1_in (Total: 2000)
[2026-01-26T16:00:14.363+0000] {logging_mixin.py:188} INFO - [16:00:14] Fetched 1000 swaps from token1_in (Total: 3000)
[2026-01-26T16:00:15.815+0000] {logging_mixin.py:188} INFO - [16:00:15] Fetched 1000 swaps from token1_in (Total: 4000)
[2026-01-26T16:00:17.152+0000] {logging_mixin.py:188} INFO - [16:00:17] Fetched 1000 swaps from token1_in (Total: 5000)
[2026-01-26T16:00:17.525+0000] {logging_mixin.py:188} INFO - [16:00:17] Fetched 34 swaps from token1_in (Total: 5034)
[2026-01-26T16:00:17.545+0000] {logging_mixin.py:188} INFO - Fetch complete. Total unique swaps processed: 5920
[2026-01-26T16:00:17.546+0000] {logging_mixin.py:188} INFO - Successfully synchronized swaps.
[2026-01-26T16:00:17.550+0000] {python.py:201} INFO - Done. Returned value was: None
[2026-01-26T16:00:17.554+0000] {logging_mixin.py:188} WARNING - /home/***/.local/lib/python3.8/site-packages/***/models/baseoperator.py:1469 RemovedInAirflow3Warning: Passing 'execution_date' to 'TaskInstance.xcom_push()' is deprecated.
[2026-01-26T16:00:17.573+0000] {taskinstance.py:1138} INFO - Marking task as SUCCESS. dag_id=the_graph_uniswap_v3_swaps, task_id=fetch_and_store_swaps, execution_date=20260126T150000, start_date=20260126T160001, end_date=20260126T160017
[2026-01-26T16:00:17.626+0000] {local_task_job_runner.py:234} INFO - Task exited with return code 0
[2026-01-26T16:00:17.636+0000] {taskinstance.py:3280} INFO - 0 downstream tasks scheduled from follow-on schedule check
