[    1187ms] [INFO] Loading the script 'https://challenges.cloudflare.com/turnstile/v0/api.js?render=explicit' violates the following Content Security Policy directive: "script-src 'self' 'wasm-unsafe-eval' https://vercel.com https://vercel.live/". Note that 'script-src-elem' was not explicitly set, so 'script-src' is used as a fallback. The policy is report-only, so the violation has been logged but no further action has been taken. @ https://app.uniswap.org/explore/pools/ethereum/0x1111a99bdf58d7b60d5a78d594e476dbb05485bec7b79abf72cf72778f4f22e8:0
[    2074ms] [INFO] Loading the script 'https://challenges.cloudflare.com/turnstile/v0/b/80a697ecdece/api.js' violates the following Content Security Policy directive: "script-src 'self' 'wasm-unsafe-eval' https://vercel.com https://vercel.live/". Note that 'script-src-elem' was not explicitly set, so 'script-src' is used as a fallback. The policy is report-only, so the violation has been logged but no further action has been taken. @ https://app.uniswap.org/explore/pools/ethereum/0x1111a99bdf58d7b60d5a78d594e476dbb05485bec7b79abf72cf72778f4f22e8:0
[    4168ms] [WARNING] WARN {context: Object} Invalid call to `updateScrollLock` before calling `initializeScrollWatcher` @ https://app.uniswap.org/assets/index-XX3PBvmS.js:59
[    4210ms] [INFO] INFO {context: Object} Session init started @ https://app.uniswap.org/assets/index-XX3PBvmS.js:59
[    4298ms] [ERROR] Connecting to 'wss://nbstream.binance.click/wallet-connector' violates the following Content Security Policy directive: "connect-src 'self' blob: data: https://*.alchemy.com https://*.arc.io https://*.arbitrum.io https://*.base.org/ https://*.coinbase.com https://*.coingecko.com/ https://*.coinmarketcap.com/ https://*.drpc.org/ https://*.googleapis.com https://*.infura.io https://*.nodereal.io https://*.optimism.io https://*.quiknode.pro https://*.uniswap.org https://*.walletconnect.com https://*.walletconnect.org https://api.avax.network/ext/bc/C/rpc https://api.moonpay.com/ https://api.opensea.io https://uploads.pinata.cloud https://bsc-dataseed.bnbchain.org https://bsc-dataseed1.bnbchain.org https://bsc-dataseed2.bnbchain.org https://bsc-dataseed3.bnbchain.org https://bsc-dataseed4.bnbchain.org https://bsc-dataseed-public.bnbchain.org https://opbnb-mainnet-rpc.bnbchain.org https://bsc-dataseed1.ninicoin.io https://bsc-dataseed2.ninicoin.io https://bscrpc.com https://buy.moonpay.com/ https://forno.celo.org/ https://images-country.meld.io https://lh3.googleusercontent.com/ https://mainnet.megaeth.com/rpc https://mainnet.base.org/ https://browser-intake-datadoghq.com https://polygon-rpc.com/ https://raw.githubusercontent.com https://rpc.ankr.com https://eth-mainnet.public.blastapi.io https://rpc.blast.io/ https://rpc.mevblocker.io/ https://rpc.scroll.io/ https://rpc.sepolia.org/ https://rpc.linea.build https://rpc.mainnet.chain.robinhood.com https://rpc.soneium.org https://rpc.tempo.xyz https://sepolia.gateway.tenderly.co https://ethereum-sepolia-rpc.publicnode.com https://rpc.zora.energy/ https://sockjs-us3.pusher.com/ https://sparrow.cloudflare.com/ https://statsigapi.net https://trustwallet.com https://uniswap.org https://valid.rpki.cloudflare.com https://vercel.com https://vercel.live/ https://mainnet.era.zksync.io/ https://mainnet.unichain.org/ https://api.web3modal.org https://api.statsig.com https://featuregates.org https://events.statsigapi.net https://api.statsigcdn.com https://featureassets.org https://assetsconfigcdn.org https://prodregistryv2.org https://cloudflare-dns.com https://beyondwickedmapping.org https://auth.privy.io https://privy.dev.ew.unihq.org https://privy.app.corn-staging.com https://privy.app.uniswap.org https://ipv4-check-perf.radar.cloudflare.com https://ipv6-check-perf.radar.cloudflare.com/ https://performance.radar.cloudflare.com/ https://invalid.rpki.cloudflare.com/ https://dnssec-oracle.ens.domains/ https://ccip-v3.ens.xyz wss://*.uniswap.org wss://relay.walletconnect.com wss://relay.walletconnect.org wss://ws-us3.pusher.com/ wss://nbstream.binance.com wss://nbstream.binance.info". The action has been blocked. @ https://app.uniswap.org/assets/index-D5zi6ITd.js:568
[    4298ms] [ERROR] Connecting to 'wss://nbstream.yshyqxx.com/wallet-connector' violates the following Content Security Policy directive: "connect-src 'self' blob: data: https://*.alchemy.com https://*.arc.io https://*.arbitrum.io https://*.base.org/ https://*.coinbase.com https://*.coingecko.com/ https://*.coinmarketcap.com/ https://*.drpc.org/ https://*.googleapis.com https://*.infura.io https://*.nodereal.io https://*.optimism.io https://*.quiknode.pro https://*.uniswap.org https://*.walletconnect.com https://*.walletconnect.org https://api.avax.network/ext/bc/C/rpc https://api.moonpay.com/ https://api.opensea.io https://uploads.pinata.cloud https://bsc-dataseed.bnbchain.org https://bsc-dataseed1.bnbchain.org https://bsc-dataseed2.bnbchain.org https://bsc-dataseed3.bnbchain.org https://bsc-dataseed4.bnbchain.org https://bsc-dataseed-public.bnbchain.org https://opbnb-mainnet-rpc.bnbchain.org https://bsc-dataseed1.ninicoin.io https://bsc-dataseed2.ninicoin.io https://bscrpc.com https://buy.moonpay.com/ https://forno.celo.org/ https://images-country.meld.io https://lh3.googleusercontent.com/ https://mainnet.megaeth.com/rpc https://mainnet.base.org/ https://browser-intake-datadoghq.com https://polygon-rpc.com/ https://raw.githubusercontent.com https://rpc.ankr.com https://eth-mainnet.public.blastapi.io https://rpc.blast.io/ https://rpc.mevblocker.io/ https://rpc.scroll.io/ https://rpc.sepolia.org/ https://rpc.linea.build https://rpc.mainnet.chain.robinhood.com https://rpc.soneium.org https://rpc.tempo.xyz https://sepolia.gateway.tenderly.co https://ethereum-sepolia-rpc.publicnode.com https://rpc.zora.energy/ https://sockjs-us3.pusher.com/ https://sparrow.cloudflare.com/ https://statsigapi.net https://trustwallet.com https://uniswap.org https://valid.rpki.cloudflare.com https://vercel.com https://vercel.live/ https://mainnet.era.zksync.io/ https://mainnet.unichain.org/ https://api.web3modal.org https://api.statsig.com https://featuregates.org https://events.statsigapi.net https://api.statsigcdn.com https://featureassets.org https://assetsconfigcdn.org https://prodregistryv2.org https://cloudflare-dns.com https://beyondwickedmapping.org https://auth.privy.io https://privy.dev.ew.unihq.org https://privy.app.corn-staging.com https://privy.app.uniswap.org https://ipv4-check-perf.radar.cloudflare.com https://ipv6-check-perf.radar.cloudflare.com/ https://performance.radar.cloudflare.com/ https://invalid.rpki.cloudflare.com/ https://dnssec-oracle.ens.domains/ https://ccip-v3.ens.xyz wss://*.uniswap.org wss://relay.walletconnect.com wss://relay.walletconnect.org wss://ws-us3.pusher.com/ wss://nbstream.binance.com wss://nbstream.binance.info". The action has been blocked. @ https://app.uniswap.org/assets/index-D5zi6ITd.js:568
[    4300ms] [LOG] [DEBUG] ethereum-provider request {method: eth_accounts} @ https://app.uniswap.org/assets/index-XX3PBvmS.js:1644
[    4905ms] [ERROR] Datadog Browser SDK: DD_RUM is already initialized. @ https://app.uniswap.org/assets/index-XX3PBvmS.js:54
[    4906ms] [ERROR] Datadog Browser SDK: DD_LOGS is already initialized. @ https://app.uniswap.org/assets/index-XX3PBvmS.js:48
[    5199ms] [ERROR] Amplitude Logger [Error]: TypeError: Failed to fetch @ https://app.uniswap.org/assets/index-XX3PBvmS.js:2180
[    5200ms] [ERROR] Amplitude Logger [Error]: Failed to fetch @ https://app.uniswap.org/assets/index-XX3PBvmS.js:2180
[    5200ms] [ERROR] Amplitude Logger [Error]: Failed to fetch @ https://app.uniswap.org/assets/index-XX3PBvmS.js:2180
[    5200ms] [ERROR] Amplitude Logger [Error]: Failed to fetch @ https://app.uniswap.org/assets/index-XX3PBvmS.js:2180
[    5200ms] [ERROR] Amplitude Logger [Error]: Failed to fetch @ https://app.uniswap.org/assets/index-XX3PBvmS.js:2180
[    5200ms] [ERROR] Amplitude Logger [Error]: Failed to fetch @ https://app.uniswap.org/assets/index-XX3PBvmS.js:2180
[    5200ms] [ERROR] Amplitude Logger [Error]: Failed to fetch @ https://app.uniswap.org/assets/index-XX3PBvmS.js:2180
[    5200ms] [ERROR] Amplitude Logger [Error]: Failed to fetch @ https://app.uniswap.org/assets/index-XX3PBvmS.js:2180
[    5200ms] [ERROR] Amplitude Logger [Error]: Failed to fetch @ https://app.uniswap.org/assets/index-XX3PBvmS.js:2180
[    5200ms] [ERROR] Amplitude Logger [Error]: Failed to fetch @ https://app.uniswap.org/assets/index-XX3PBvmS.js:2180
[    5200ms] [ERROR] Amplitude Logger [Error]: Failed to fetch @ https://app.uniswap.org/assets/index-XX3PBvmS.js:2180
[    5201ms] [ERROR] Amplitude Logger [Error]: Failed to fetch @ https://app.uniswap.org/assets/index-XX3PBvmS.js:2180
[    5201ms] [ERROR] Amplitude Logger [Error]: Failed to fetch @ https://app.uniswap.org/assets/index-XX3PBvmS.js:2180
[    5201ms] [ERROR] Amplitude Logger [Error]: Failed to fetch @ https://app.uniswap.org/assets/index-XX3PBvmS.js:2180
[    5414ms] [ERROR] Failed to load resource: the server responded with a status of 400 () @ https://interface.gateway.uniswap.org/v2/data.v1.DataApiService/ListPositions:0
[    6078ms] [WARNING] WalletConnect Core is already initialized. This is probably a mistake and can lead to unexpected behavior. Init() was called 2 times. @ https://app.uniswap.org/assets/index-XX3PBvmS.js:2176
[    6154ms] [LOG] 🚀 ~ file: relay.ts:63 ~ .then ~ domains: [wss://nbstream.binance.info/wallet-connector, wss://nbstream.binance.com/wallet-connector] @ https://app.uniswap.org/assets/index-D5zi6ITd.js:568
[    6693ms] [ERROR] Failed to load resource: the server responded with a status of 401 () @ https://entry-gateway.backend-prod.api.uniswap.org/rpc/1:0
[    6696ms] [WARNING] WARN {context: Object} RPC error {method: getBlockNumber, chainId: 1, durationMs: 2502, provider: unirpc, transport: ethers} @ https://app.uniswap.org/assets/index-XX3PBvmS.js:59
[    6697ms] [INFO] INFO {context: Object} Session init completed {needChallenge: true, durationMs: 6690.800000011921} @ https://app.uniswap.org/assets/index-XX3PBvmS.js:59
[    6955ms] ApolloError: input validation error: Invalid address
    at new e (https://app.uniswap.org/assets/index-XX3PBvmS.js:110:153)
    at https://app.uniswap.org/assets/index-XX3PBvmS.js:114:73399
    at d (https://app.uniswap.org/assets/index-XX3PBvmS.js:109:8553)
    at https://app.uniswap.org/assets/index-XX3PBvmS.js:109:8468
    at new Promise (<anonymous>)
    at Object.then (https://app.uniswap.org/assets/index-XX3PBvmS.js:109:8435)
    at Object.next (https://app.uniswap.org/assets/index-XX3PBvmS.js:109:8563)
    at Von (https://app.uniswap.org/assets/index-XX3PBvmS.js:109:1940)
    at MIe (https://app.uniswap.org/assets/index-XX3PBvmS.js:109:2356)
    at e.next (https://app.uniswap.org/assets/index-XX3PBvmS.js:109:2883)
[    7678ms] [INFO] INFO {context: Object} Challenge received {challengeType: 1, challengeId: 676d168e-6bc8-4b25-b4fc-37c5e23fbc56} @ https://app.uniswap.org/assets/index-XX3PBvmS.js:59
[    9059ms] [INFO] INFO {context: Object} Verify completed {success: false, attemptNumber: 1, totalDurationMs: 2361.100000023842} @ https://app.uniswap.org/assets/index-XX3PBvmS.js:59
[    9434ms] [LOG] %cWarning! color:#F16552; font-size:50px; font-weight: bold; -webkit-text-stroke: 1px black; @ https://privy.app.uniswap.org/_next/static/chunks/pages/apps/%5Bapp_id%5D/embedded-wallets-3b0a280e81465b5c.js?dpl=dpl_GL6qx3sHqaUtCfY1Nxk8NsDDA5Kc:0
[    9434ms] [LOG] %cYou are reading this message because you opened the browser console, a developer tool. Do not enter or paste code you do not understand. Never share your tokens or any other info with anyone. If someone told you to do this, it is very likely a scam. font-size: 18px; @ https://privy.app.uniswap.org/_next/static/chunks/pages/apps/%5Bapp_id%5D/embedded-wallets-3b0a280e81465b5c.js?dpl=dpl_GL6qx3sHqaUtCfY1Nxk8NsDDA5Kc:0
[   10521ms] [INFO] INFO {context: Object} Verify completed {success: true, attemptNumber: 2, totalDurationMs: 3823.600000023842} @ https://app.uniswap.org/assets/index-XX3PBvmS.js:59
[   10796ms] [ERROR] Failed to load resource: the server responded with a status of 401 () @ https://entry-gateway.backend-prod.api.uniswap.org/rpc/1:0
[   10796ms] [INFO] INFO {context: Object} Session recovery started {tags: Object, extra: undefined} @ https://app.uniswap.org/assets/index-XX3PBvmS.js:59
[   10797ms] [INFO] INFO {context: Object} Session init started @ https://app.uniswap.org/assets/index-XX3PBvmS.js:59
[   10810ms] [ERROR] Failed to load resource: the server responded with a status of 401 () @ https://entry-gateway.backend-prod.api.uniswap.org/rpc/1:0
[   10811ms] [INFO] INFO {context: Object} Session recovery started {tags: Object, extra: undefined} @ https://app.uniswap.org/assets/index-XX3PBvmS.js:59
[   10831ms] [ERROR] Failed to load resource: the server responded with a status of 401 () @ https://entry-gateway.backend-prod.api.uniswap.org/rpc/1:0
[   10832ms] [INFO] INFO {context: Object} Session recovery started {tags: Object, extra: undefined} @ https://app.uniswap.org/assets/index-XX3PBvmS.js:59
[   11052ms] [INFO] INFO {context: Object} Session init completed {needChallenge: true, durationMs: 254.90000000596046} @ https://app.uniswap.org/assets/index-XX3PBvmS.js:59
[   11329ms] [INFO] INFO {context: Object} Challenge received {challengeType: 2, challengeId: 23af6995-9053-4e6b-abb0-830bc495da73} @ https://app.uniswap.org/assets/index-XX3PBvmS.js:59
[   11478ms] [INFO] INFO {context: Object} Hashcash solve completed {durationMs: 148.90000000596046, success: true, difficulty: 1, iterationCount: 21, usedWorker: true} @ https://app.uniswap.org/assets/index-XX3PBvmS.js:59
[   11734ms] [INFO] INFO {context: Object} Verify completed {success: true, attemptNumber: 1, totalDurationMs: 681.5999999940395} @ https://app.uniswap.org/assets/index-XX3PBvmS.js:59
[   12022ms] [INFO] INFO {context: Object} Session-gated retry succeeded {tags: Object, extra: undefined} @ https://app.uniswap.org/assets/index-XX3PBvmS.js:59
[   12022ms] [INFO] INFO {context: Object} RPC response {method: eth_chainId, chainId: 1, durationMs: 7801, provider: unirpc, transport: viem} @ https://app.uniswap.org/assets/index-XX3PBvmS.js:59
[   12026ms] [INFO] INFO {context: Object} Session-gated retry succeeded {tags: Object, extra: undefined} @ https://app.uniswap.org/assets/index-XX3PBvmS.js:59
[   12026ms] [INFO] INFO {context: Object} RPC response {method: eth_blockNumber, chainId: 1, durationMs: 7817, provider: unirpc, transport: viem} @ https://app.uniswap.org/assets/index-XX3PBvmS.js:59
[   12034ms] [INFO] INFO {context: Object} Session-gated retry succeeded {tags: Object, extra: undefined} @ https://app.uniswap.org/assets/index-XX3PBvmS.js:59
[   12034ms] [INFO] INFO {context: Object} RPC response {method: eth_call, chainId: 1, durationMs: 7803, provider: unirpc, transport: viem} @ https://app.uniswap.org/assets/index-XX3PBvmS.js:59
[   16413ms] [INFO] INFO {context: Object} RPC response {method: eth_blockNumber, chainId: 1, durationMs: 240, provider: unirpc, transport: viem} @ https://app.uniswap.org/assets/index-XX3PBvmS.js:59
[   16421ms] [INFO] INFO {context: Object} RPC response {method: eth_chainId, chainId: 1, durationMs: 246, provider: unirpc, transport: viem} @ https://app.uniswap.org/assets/index-XX3PBvmS.js:59
[   20472ms] [INFO] INFO {context: Object} RPC response {method: eth_blockNumber, chainId: 1, durationMs: 297, provider: unirpc, transport: viem} @ https://app.uniswap.org/assets/index-XX3PBvmS.js:59
[   20511ms] [INFO] INFO {context: Object} RPC response {method: eth_chainId, chainId: 1, durationMs: 335, provider: unirpc, transport: viem} @ https://app.uniswap.org/assets/index-XX3PBvmS.js:59
[   24399ms] [INFO] INFO {context: Object} RPC response {method: eth_chainId, chainId: 1, durationMs: 224, provider: unirpc, transport: viem} @ https://app.uniswap.org/assets/index-XX3PBvmS.js:59
[   24412ms] [INFO] INFO {context: Object} RPC response {method: eth_blockNumber, chainId: 1, durationMs: 239, provider: unirpc, transport: viem} @ https://app.uniswap.org/assets/index-XX3PBvmS.js:59
[   28428ms] [INFO] INFO {context: Object} RPC response {method: eth_blockNumber, chainId: 1, durationMs: 256, provider: unirpc, transport: viem} @ https://app.uniswap.org/assets/index-XX3PBvmS.js:59
[   28447ms] [INFO] INFO {context: Object} RPC response {method: eth_chainId, chainId: 1, durationMs: 270, provider: unirpc, transport: viem} @ https://app.uniswap.org/assets/index-XX3PBvmS.js:59
[   32405ms] [INFO] INFO {context: Object} RPC response {method: eth_blockNumber, chainId: 1, durationMs: 232, provider: unirpc, transport: viem} @ https://app.uniswap.org/assets/index-XX3PBvmS.js:59
[   32406ms] [INFO] INFO {context: Object} RPC response {method: eth_chainId, chainId: 1, durationMs: 228, provider: unirpc, transport: viem} @ https://app.uniswap.org/assets/index-XX3PBvmS.js:59
[   36429ms] [INFO] INFO {context: Object} RPC response {method: eth_blockNumber, chainId: 1, durationMs: 255, provider: unirpc, transport: viem} @ https://app.uniswap.org/assets/index-XX3PBvmS.js:59
[   36432ms] [INFO] INFO {context: Object} RPC response {method: eth_chainId, chainId: 1, durationMs: 253, provider: unirpc, transport: viem} @ https://app.uniswap.org/assets/index-XX3PBvmS.js:59
[   40413ms] [INFO] INFO {context: Object} RPC response {method: eth_blockNumber, chainId: 1, durationMs: 241, provider: unirpc, transport: viem} @ https://app.uniswap.org/assets/index-XX3PBvmS.js:59
[   40420ms] [INFO] INFO {context: Object} RPC response {method: eth_chainId, chainId: 1, durationMs: 242, provider: unirpc, transport: viem} @ https://app.uniswap.org/assets/index-XX3PBvmS.js:59
