[2026-01-25T20:00:03.414+0000] {taskinstance.py:1956} INFO - Dependencies all met for dep_context=non-requeueable deps ti=<TaskInstance: the_graph_uniswap_v3_swaps.fetch_and_store_swaps scheduled__2026-01-25T19:00:00+00:00 [queued]>
[2026-01-25T20:00:03.424+0000] {taskinstance.py:1956} INFO - Dependencies all met for dep_context=requeueable deps ti=<TaskInstance: the_graph_uniswap_v3_swaps.fetch_and_store_swaps scheduled__2026-01-25T19:00:00+00:00 [queued]>
[2026-01-25T20:00:03.424+0000] {taskinstance.py:2170} INFO - Starting attempt 1 of 2
[2026-01-25T20:00:03.435+0000] {taskinstance.py:2191} INFO - Executing <Task(PythonOperator): fetch_and_store_swaps> on 2026-01-25 19:00:00+00:00
[2026-01-25T20:00:03.453+0000] {standard_task_runner.py:60} INFO - Started process 12052 to run task
[2026-01-25T20:00:03.470+0000] {standard_task_runner.py:87} INFO - Running: ['***', 'tasks', 'run', 'the_graph_uniswap_v3_swaps', 'fetch_and_store_swaps', 'scheduled__2026-01-25T19:00:00+00:00', '--job-id', '35', '--raw', '--subdir', 'DAGS_FOLDER/the_graph_uniswap_v3_swaps_dag.py', '--cfg-path', '/tmp/tmpgznemr6u']
[2026-01-25T20:00:03.477+0000] {standard_task_runner.py:88} INFO - Job 35: Subtask fetch_and_store_swaps
[2026-01-25T20:00:03.592+0000] {task_command.py:423} INFO - Running <TaskInstance: the_graph_uniswap_v3_swaps.fetch_and_store_swaps scheduled__2026-01-25T19:00:00+00:00 [running]> on host f2da44f39545
[2026-01-25T20:00:03.701+0000] {taskinstance.py:2480} INFO - Exporting env vars: AIRFLOW_CTX_DAG_OWNER='***' AIRFLOW_CTX_DAG_ID='the_graph_uniswap_v3_swaps' AIRFLOW_CTX_TASK_ID='fetch_and_store_swaps' AIRFLOW_CTX_EXECUTION_DATE='2026-01-25T19:00:00+00:00' AIRFLOW_CTX_TRY_NUMBER='1' AIRFLOW_CTX_DAG_RUN_ID='scheduled__2026-01-25T19:00:00+00:00'
[2026-01-25T20:00:03.739+0000] {logging_mixin.py:188} INFO - Incremental run: Last record at 2026-01-25 19:14:59. Fetching new swaps...
[2026-01-25T20:00:03.741+0000] {logging_mixin.py:188} INFO - Fetching swaps from 2026-01-25 19:15:00 to 2026-01-25 20:00:03.740980
[2026-01-25T20:00:05.612+0000] {logging_mixin.py:188} INFO - [20:00:05] Fetched 1000 swaps from token0_in (Total: 1000)
[2026-01-25T20:00:07.231+0000] {logging_mixin.py:188} INFO - [20:00:07] Fetched 1000 swaps from token0_in (Total: 2000)
[2026-01-25T20:00:08.889+0000] {logging_mixin.py:188} INFO - [20:00:08] Fetched 1000 swaps from token0_in (Total: 3000)
[2026-01-25T20:00:10.699+0000] {logging_mixin.py:188} INFO - [20:00:10] Fetched 1000 swaps from token0_in (Total: 4000)
[2026-01-25T20:00:11.708+0000] {logging_mixin.py:188} INFO - [20:00:11] Fetched 520 swaps from token0_in (Total: 4520)
[2026-01-25T20:00:12.893+0000] {logging_mixin.py:188} INFO - [20:00:12] Fetched 1000 swaps from token1_in (Total: 1000)
[2026-01-25T20:00:14.450+0000] {logging_mixin.py:188} INFO - [20:00:14] Fetched 1000 swaps from token1_in (Total: 2000)
[2026-01-25T20:00:15.912+0000] {logging_mixin.py:188} INFO - [20:00:15] Fetched 1000 swaps from token1_in (Total: 3000)
[2026-01-25T20:00:17.949+0000] {logging_mixin.py:188} INFO - [20:00:17] Fetched 1000 swaps from token1_in (Total: 4000)
[2026-01-25T20:00:19.456+0000] {logging_mixin.py:188} INFO - [20:00:19] Fetched 1000 swaps from token1_in (Total: 5000)
[2026-01-25T20:00:20.770+0000] {logging_mixin.py:188} INFO - [20:00:20] Fetched 1000 swaps from token1_in (Total: 6000)
[2026-01-25T20:00:21.207+0000] {logging_mixin.py:188} INFO - [20:00:21] Fetched 30 swaps from token1_in (Total: 6030)
[2026-01-25T20:00:21.285+0000] {logging_mixin.py:188} INFO - Fetch complete. Total unique swaps processed: 6732
[2026-01-25T20:00:21.286+0000] {logging_mixin.py:188} INFO - Successfully synchronized swaps.
[2026-01-25T20:00:21.298+0000] {python.py:201} INFO - Done. Returned value was: None
[2026-01-25T20:00:21.316+0000] {logging_mixin.py:188} WARNING - /home/***/.local/lib/python3.8/site-packages/***/models/baseoperator.py:1469 RemovedInAirflow3Warning: Passing 'execution_date' to 'TaskInstance.xcom_push()' is deprecated.
[2026-01-25T20:00:21.362+0000] {taskinstance.py:1138} INFO - Marking task as SUCCESS. dag_id=the_graph_uniswap_v3_swaps, task_id=fetch_and_store_swaps, execution_date=20260125T190000, start_date=20260125T200003, end_date=20260125T200021
[2026-01-25T20:00:21.440+0000] {local_task_job_runner.py:234} INFO - Task exited with return code 0
[2026-01-25T20:00:21.466+0000] {taskinstance.py:3280} INFO - 0 downstream tasks scheduled from follow-on schedule check
