[2026-01-27T02:00:01.602+0000] {taskinstance.py:1956} INFO - Dependencies all met for dep_context=non-requeueable deps ti=<TaskInstance: the_graph_uniswap_v3_swaps.fetch_and_store_swaps scheduled__2026-01-27T01:00:00+00:00 [queued]>
[2026-01-27T02:00:01.606+0000] {taskinstance.py:1956} INFO - Dependencies all met for dep_context=requeueable deps ti=<TaskInstance: the_graph_uniswap_v3_swaps.fetch_and_store_swaps scheduled__2026-01-27T01:00:00+00:00 [queued]>
[2026-01-27T02:00:01.607+0000] {taskinstance.py:2170} INFO - Starting attempt 1 of 2
[2026-01-27T02:00:01.614+0000] {taskinstance.py:2191} INFO - Executing <Task(PythonOperator): fetch_and_store_swaps> on 2026-01-27 01:00:00+00:00
[2026-01-27T02:00:01.617+0000] {standard_task_runner.py:60} INFO - Started process 36114 to run task
[2026-01-27T02:00:01.619+0000] {standard_task_runner.py:87} INFO - Running: ['***', 'tasks', 'run', 'the_graph_uniswap_v3_swaps', 'fetch_and_store_swaps', 'scheduled__2026-01-27T01:00:00+00:00', '--job-id', '173', '--raw', '--subdir', 'DAGS_FOLDER/the_graph_uniswap_v3_swaps_dag.py', '--cfg-path', '/tmp/tmp_5e9ujdr']
[2026-01-27T02:00:01.621+0000] {standard_task_runner.py:88} INFO - Job 173: Subtask fetch_and_store_swaps
[2026-01-27T02:00:01.647+0000] {task_command.py:423} INFO - Running <TaskInstance: the_graph_uniswap_v3_swaps.fetch_and_store_swaps scheduled__2026-01-27T01:00:00+00:00 [running]> on host f2da44f39545
[2026-01-27T02:00:01.688+0000] {taskinstance.py:2480} INFO - Exporting env vars: AIRFLOW_CTX_DAG_OWNER='***' AIRFLOW_CTX_DAG_ID='the_graph_uniswap_v3_swaps' AIRFLOW_CTX_TASK_ID='fetch_and_store_swaps' AIRFLOW_CTX_EXECUTION_DATE='2026-01-27T01:00:00+00:00' AIRFLOW_CTX_TRY_NUMBER='1' AIRFLOW_CTX_DAG_RUN_ID='scheduled__2026-01-27T01:00:00+00:00'
[2026-01-27T02:00:01.693+0000] {logging_mixin.py:188} INFO - Incremental run: Last record at 2026-01-27 00:59:59. Fetching new swaps...
[2026-01-27T02:00:01.693+0000] {logging_mixin.py:188} INFO - Fetching swaps from 2026-01-27 01:00:00 to 2026-01-27 02:00:01.693370
[2026-01-27T02:00:03.874+0000] {logging_mixin.py:188} INFO - [02:00:03] Fetched 1000 swaps from token0_in (Total: 1000)
[2026-01-27T02:00:06.138+0000] {logging_mixin.py:188} INFO - [02:00:06] Fetched 1000 swaps from token0_in (Total: 2000)
[2026-01-27T02:00:07.302+0000] {logging_mixin.py:188} INFO - [02:00:07] Fetched 512 swaps from token0_in (Total: 2512)
[2026-01-27T02:00:08.826+0000] {logging_mixin.py:188} INFO - [02:00:08] Fetched 1000 swaps from token1_in (Total: 1000)
[2026-01-27T02:00:10.375+0000] {logging_mixin.py:188} INFO - [02:00:10] Fetched 1000 swaps from token1_in (Total: 2000)
[2026-01-27T02:00:11.933+0000] {logging_mixin.py:188} INFO - [02:00:11] Fetched 1000 swaps from token1_in (Total: 3000)
[2026-01-27T02:00:12.998+0000] {logging_mixin.py:188} INFO - [02:00:12] Fetched 697 swaps from token1_in (Total: 3697)
[2026-01-27T02:00:13.102+0000] {logging_mixin.py:188} INFO - Fetch complete. Total unique swaps processed: 4260
[2026-01-27T02:00:13.102+0000] {logging_mixin.py:188} INFO - Successfully synchronized swaps.
[2026-01-27T02:00:13.104+0000] {python.py:201} INFO - Done. Returned value was: None
[2026-01-27T02:00:13.107+0000] {logging_mixin.py:188} WARNING - /home/***/.local/lib/python3.8/site-packages/***/models/baseoperator.py:1469 RemovedInAirflow3Warning: Passing 'execution_date' to 'TaskInstance.xcom_push()' is deprecated.
[2026-01-27T02:00:13.118+0000] {taskinstance.py:1138} INFO - Marking task as SUCCESS. dag_id=the_graph_uniswap_v3_swaps, task_id=fetch_and_store_swaps, execution_date=20260127T010000, start_date=20260127T020001, end_date=20260127T020013
[2026-01-27T02:00:13.145+0000] {local_task_job_runner.py:234} INFO - Task exited with return code 0
[2026-01-27T02:00:13.152+0000] {taskinstance.py:3280} INFO - 0 downstream tasks scheduled from follow-on schedule check
