[2026-01-26T01:51:06.011+0000] {taskinstance.py:1956} INFO - Dependencies all met for dep_context=non-requeueable deps ti=<TaskInstance: the_graph_uniswap_v3_swaps.fetch_and_store_swaps scheduled__2026-01-25T23:00:00+00:00 [queued]>
[2026-01-26T01:51:06.023+0000] {taskinstance.py:1956} INFO - Dependencies all met for dep_context=requeueable deps ti=<TaskInstance: the_graph_uniswap_v3_swaps.fetch_and_store_swaps scheduled__2026-01-25T23:00:00+00:00 [queued]>
[2026-01-26T01:51:06.024+0000] {taskinstance.py:2170} INFO - Starting attempt 2 of 2
[2026-01-26T01:51:06.044+0000] {taskinstance.py:2191} INFO - Executing <Task(PythonOperator): fetch_and_store_swaps> on 2026-01-25 23:00:00+00:00
[2026-01-26T01:51:06.057+0000] {standard_task_runner.py:60} INFO - Started process 25653 to run task
[2026-01-26T01:51:06.084+0000] {standard_task_runner.py:87} INFO - Running: ['***', 'tasks', 'run', 'the_graph_uniswap_v3_swaps', 'fetch_and_store_swaps', 'scheduled__2026-01-25T23:00:00+00:00', '--job-id', '60', '--raw', '--subdir', 'DAGS_FOLDER/the_graph_uniswap_v3_swaps_dag.py', '--cfg-path', '/tmp/tmpb_jphn0j']
[2026-01-26T01:51:06.090+0000] {standard_task_runner.py:88} INFO - Job 60: Subtask fetch_and_store_swaps
[2026-01-26T01:51:06.306+0000] {task_command.py:423} INFO - Running <TaskInstance: the_graph_uniswap_v3_swaps.fetch_and_store_swaps scheduled__2026-01-25T23:00:00+00:00 [running]> on host f2da44f39545
[2026-01-26T01:51:06.499+0000] {taskinstance.py:2480} INFO - Exporting env vars: AIRFLOW_CTX_DAG_OWNER='***' AIRFLOW_CTX_DAG_ID='the_graph_uniswap_v3_swaps' AIRFLOW_CTX_TASK_ID='fetch_and_store_swaps' AIRFLOW_CTX_EXECUTION_DATE='2026-01-25T23:00:00+00:00' AIRFLOW_CTX_TRY_NUMBER='2' AIRFLOW_CTX_DAG_RUN_ID='scheduled__2026-01-25T23:00:00+00:00'
[2026-01-26T01:51:06.515+0000] {logging_mixin.py:188} INFO - Incremental run: Last record at 2026-01-26 01:27:47. Fetching new swaps...
[2026-01-26T01:51:06.516+0000] {logging_mixin.py:188} INFO - Fetching swaps from 2026-01-26 01:27:48 to 2026-01-26 01:51:06.516238
[2026-01-26T01:51:08.827+0000] {logging_mixin.py:188} INFO - [01:51:08] Fetched 1000 swaps from token0_in (Total: 1000)
[2026-01-26T01:51:10.204+0000] {logging_mixin.py:188} INFO - [01:51:10] Fetched 522 swaps from token0_in (Total: 1522)
[2026-01-26T01:51:11.689+0000] {logging_mixin.py:188} INFO - [01:51:11] Fetched 1000 swaps from token1_in (Total: 1000)
[2026-01-26T01:51:13.162+0000] {logging_mixin.py:188} INFO - [01:51:13] Fetched 1000 swaps from token1_in (Total: 2000)
[2026-01-26T01:51:13.845+0000] {logging_mixin.py:188} INFO - [01:51:13] Fetched 251 swaps from token1_in (Total: 2251)
[2026-01-26T01:51:13.969+0000] {logging_mixin.py:188} INFO - Fetch complete. Total unique swaps processed: 2513
[2026-01-26T01:51:13.970+0000] {logging_mixin.py:188} INFO - Successfully synchronized swaps.
[2026-01-26T01:51:13.980+0000] {python.py:201} INFO - Done. Returned value was: None
[2026-01-26T01:51:14.010+0000] {logging_mixin.py:188} WARNING - /home/***/.local/lib/python3.8/site-packages/***/models/baseoperator.py:1469 RemovedInAirflow3Warning: Passing 'execution_date' to 'TaskInstance.xcom_push()' is deprecated.
[2026-01-26T01:51:14.080+0000] {taskinstance.py:1138} INFO - Marking task as SUCCESS. dag_id=the_graph_uniswap_v3_swaps, task_id=fetch_and_store_swaps, execution_date=20260125T230000, start_date=20260126T015106, end_date=20260126T015114
[2026-01-26T01:51:15.132+0000] {local_task_job_runner.py:234} INFO - Task exited with return code 0
[2026-01-26T01:51:15.203+0000] {taskinstance.py:3280} INFO - 0 downstream tasks scheduled from follow-on schedule check
