[2026-01-25T15:02:00.527+0000] {taskinstance.py:1956} INFO - Dependencies all met for dep_context=non-requeueable deps ti=<TaskInstance: the_graph_uniswap_v3_swaps.fetch_and_store_swaps manual__2026-01-25T15:00:36+00:00 [None]>
[2026-01-25T15:02:00.533+0000] {taskinstance.py:1956} INFO - Dependencies all met for dep_context=requeueable deps ti=<TaskInstance: the_graph_uniswap_v3_swaps.fetch_and_store_swaps manual__2026-01-25T15:00:36+00:00 [None]>
[2026-01-25T15:02:00.533+0000] {taskinstance.py:2170} INFO - Starting attempt 1 of 2
[2026-01-25T15:02:00.533+0000] {taskinstance.py:2249} WARNING - cannot record queued_duration for task fetch_and_store_swaps because previous state change time has not been saved
[2026-01-25T15:02:00.541+0000] {taskinstance.py:2191} INFO - Executing <Task(PythonOperator): fetch_and_store_swaps> on 2026-01-25 15:00:36+00:00
[2026-01-25T15:02:00.544+0000] {standard_task_runner.py:60} INFO - Started process 1235 to run task
[2026-01-25T15:02:00.547+0000] {standard_task_runner.py:87} INFO - Running: ['***', 'tasks', 'run', 'the_graph_uniswap_v3_swaps', 'fetch_and_store_swaps', 'manual__2026-01-25T15:00:36+00:00', '--job-id', '3', '--raw', '--subdir', 'DAGS_FOLDER/the_graph_uniswap_v3_swaps_dag.py', '--cfg-path', '/tmp/tmpp8dg_j4n']
[2026-01-25T15:02:00.549+0000] {standard_task_runner.py:88} INFO - Job 3: Subtask fetch_and_store_swaps
[2026-01-25T15:02:00.584+0000] {task_command.py:423} INFO - Running <TaskInstance: the_graph_uniswap_v3_swaps.fetch_and_store_swaps manual__2026-01-25T15:00:36+00:00 [running]> on host f2da44f39545
[2026-01-25T15:02:00.635+0000] {taskinstance.py:2480} INFO - Exporting env vars: AIRFLOW_CTX_DAG_OWNER='***' AIRFLOW_CTX_DAG_ID='the_graph_uniswap_v3_swaps' AIRFLOW_CTX_TASK_ID='fetch_and_store_swaps' AIRFLOW_CTX_EXECUTION_DATE='2026-01-25T15:00:36+00:00' AIRFLOW_CTX_TRY_NUMBER='1' AIRFLOW_CTX_DAG_RUN_ID='manual__2026-01-25T15:00:36+00:00'
[2026-01-25T15:02:00.642+0000] {logging_mixin.py:188} INFO - Database is empty. Starting 90-day backfill...
[2026-01-25T15:02:00.642+0000] {logging_mixin.py:188} INFO - Fetching swaps from 2025-10-27 15:02:00.642365 to 2026-01-25 15:02:00.642885
[2026-01-25T15:02:02.928+0000] {logging_mixin.py:188} INFO - [15:02:02] Fetched 1000 swaps from token0_in (Total: 1000)
[2026-01-25T15:02:05.294+0000] {logging_mixin.py:188} INFO - [15:02:05] Fetched 1000 swaps from token0_in (Total: 2000)
[2026-01-25T15:02:07.631+0000] {logging_mixin.py:188} INFO - [15:02:07] Fetched 1000 swaps from token0_in (Total: 3000)
[2026-01-25T15:02:09.775+0000] {logging_mixin.py:188} INFO - [15:02:09] Fetched 1000 swaps from token0_in (Total: 4000)
[2026-01-25T15:02:12.019+0000] {logging_mixin.py:188} INFO - [15:02:12] Fetched 1000 swaps from token0_in (Total: 5000)
[2026-01-25T15:02:14.235+0000] {logging_mixin.py:188} INFO - [15:02:14] Fetched 1000 swaps from token0_in (Total: 6000)
[2026-01-25T15:02:16.610+0000] {logging_mixin.py:188} INFO - [15:02:16] Fetched 1000 swaps from token0_in (Total: 7000)
[2026-01-25T15:02:18.829+0000] {logging_mixin.py:188} INFO - [15:02:18] Fetched 1000 swaps from token0_in (Total: 8000)
[2026-01-25T15:02:20.942+0000] {logging_mixin.py:188} INFO - [15:02:20] Fetched 1000 swaps from token0_in (Total: 9000)
[2026-01-25T15:02:23.195+0000] {logging_mixin.py:188} INFO - [15:02:23] Fetched 1000 swaps from token0_in (Total: 10000)
[2026-01-25T15:02:25.823+0000] {logging_mixin.py:188} INFO - [15:02:25] Fetched 1000 swaps from token0_in (Total: 11000)
[2026-01-25T15:02:27.924+0000] {logging_mixin.py:188} INFO - [15:02:27] Fetched 1000 swaps from token0_in (Total: 12000)
[2026-01-25T15:02:30.259+0000] {logging_mixin.py:188} INFO - [15:02:30] Fetched 1000 swaps from token0_in (Total: 13000)
[2026-01-25T15:02:32.381+0000] {logging_mixin.py:188} INFO - [15:02:32] Fetched 1000 swaps from token0_in (Total: 14000)
[2026-01-25T15:02:34.363+0000] {logging_mixin.py:188} INFO - [15:02:34] Fetched 1000 swaps from token0_in (Total: 15000)
[2026-01-25T15:02:36.331+0000] {logging_mixin.py:188} INFO - [15:02:36] Fetched 1000 swaps from token0_in (Total: 16000)
[2026-01-25T15:02:38.266+0000] {logging_mixin.py:188} INFO - [15:02:38] Fetched 1000 swaps from token0_in (Total: 17000)
[2026-01-25T15:02:40.342+0000] {logging_mixin.py:188} INFO - [15:02:40] Fetched 1000 swaps from token0_in (Total: 18000)
[2026-01-25T15:02:42.302+0000] {logging_mixin.py:188} INFO - [15:02:42] Fetched 1000 swaps from token0_in (Total: 19000)
[2026-01-25T15:02:44.224+0000] {logging_mixin.py:188} INFO - [15:02:44] Fetched 1000 swaps from token0_in (Total: 20000)
[2026-01-25T15:02:46.168+0000] {logging_mixin.py:188} INFO - [15:02:46] Fetched 1000 swaps from token0_in (Total: 21000)
[2026-01-25T15:02:48.209+0000] {logging_mixin.py:188} INFO - [15:02:48] Fetched 1000 swaps from token0_in (Total: 22000)
[2026-01-25T15:02:50.249+0000] {logging_mixin.py:188} INFO - [15:02:50] Fetched 1000 swaps from token0_in (Total: 23000)
[2026-01-25T15:02:52.176+0000] {logging_mixin.py:188} INFO - [15:02:52] Fetched 1000 swaps from token0_in (Total: 24000)
[2026-01-25T15:02:54.230+0000] {logging_mixin.py:188} INFO - [15:02:54] Fetched 1000 swaps from token0_in (Total: 25000)
[2026-01-25T15:02:56.248+0000] {logging_mixin.py:188} INFO - [15:02:56] Fetched 1000 swaps from token0_in (Total: 26000)
[2026-01-25T15:02:58.162+0000] {logging_mixin.py:188} INFO - [15:02:58] Fetched 1000 swaps from token0_in (Total: 27000)
[2026-01-25T15:02:59.957+0000] {logging_mixin.py:188} INFO - [15:02:59] Fetched 1000 swaps from token0_in (Total: 28000)
[2026-01-25T15:03:01.821+0000] {logging_mixin.py:188} INFO - [15:03:01] Fetched 1000 swaps from token0_in (Total: 29000)
[2026-01-25T15:03:03.749+0000] {logging_mixin.py:188} INFO - [15:03:03] Fetched 1000 swaps from token0_in (Total: 30000)
[2026-01-25T15:03:05.653+0000] {logging_mixin.py:188} INFO - [15:03:05] Fetched 1000 swaps from token0_in (Total: 31000)
[2026-01-25T15:03:07.489+0000] {logging_mixin.py:188} INFO - [15:03:07] Fetched 1000 swaps from token0_in (Total: 32000)
[2026-01-25T15:03:09.434+0000] {logging_mixin.py:188} INFO - [15:03:09] Fetched 1000 swaps from token0_in (Total: 33000)
[2026-01-25T15:03:11.389+0000] {logging_mixin.py:188} INFO - [15:03:11] Fetched 1000 swaps from token0_in (Total: 34000)
[2026-01-25T15:03:13.301+0000] {logging_mixin.py:188} INFO - [15:03:13] Fetched 1000 swaps from token0_in (Total: 35000)
[2026-01-25T15:03:15.298+0000] {logging_mixin.py:188} INFO - [15:03:15] Fetched 1000 swaps from token0_in (Total: 36000)
[2026-01-25T15:03:17.410+0000] {logging_mixin.py:188} INFO - [15:03:17] Fetched 1000 swaps from token0_in (Total: 37000)
[2026-01-25T15:03:19.371+0000] {logging_mixin.py:188} INFO - [15:03:19] Fetched 1000 swaps from token0_in (Total: 38000)
[2026-01-25T15:03:21.264+0000] {logging_mixin.py:188} INFO - [15:03:21] Fetched 1000 swaps from token0_in (Total: 39000)
[2026-01-25T15:03:23.198+0000] {logging_mixin.py:188} INFO - [15:03:23] Fetched 1000 swaps from token0_in (Total: 40000)
[2026-01-25T15:03:25.378+0000] {logging_mixin.py:188} INFO - [15:03:25] Fetched 1000 swaps from token0_in (Total: 41000)
[2026-01-25T15:03:27.312+0000] {logging_mixin.py:188} INFO - [15:03:27] Fetched 1000 swaps from token0_in (Total: 42000)
[2026-01-25T15:03:29.088+0000] {logging_mixin.py:188} INFO - [15:03:29] Fetched 1000 swaps from token0_in (Total: 43000)
[2026-01-25T15:03:31.122+0000] {logging_mixin.py:188} INFO - [15:03:31] Fetched 1000 swaps from token0_in (Total: 44000)
[2026-01-25T15:03:33.040+0000] {logging_mixin.py:188} INFO - [15:03:33] Fetched 1000 swaps from token0_in (Total: 45000)
[2026-01-25T15:03:34.963+0000] {logging_mixin.py:188} INFO - [15:03:34] Fetched 1000 swaps from token0_in (Total: 46000)
[2026-01-25T15:03:37.817+0000] {logging_mixin.py:188} INFO - [15:03:37] Fetched 1000 swaps from token0_in (Total: 47000)
[2026-01-25T15:03:39.734+0000] {logging_mixin.py:188} INFO - [15:03:39] Fetched 1000 swaps from token0_in (Total: 48000)
[2026-01-25T15:03:41.494+0000] {logging_mixin.py:188} INFO - [15:03:41] Fetched 1000 swaps from token0_in (Total: 49000)
[2026-01-25T15:03:43.701+0000] {logging_mixin.py:188} INFO - [15:03:43] Fetched 1000 swaps from token0_in (Total: 50000)
[2026-01-25T15:03:45.478+0000] {logging_mixin.py:188} INFO - [15:03:45] Fetched 1000 swaps from token0_in (Total: 51000)
[2026-01-25T15:03:47.294+0000] {logging_mixin.py:188} INFO - [15:03:47] Fetched 1000 swaps from token0_in (Total: 52000)
[2026-01-25T15:03:49.238+0000] {logging_mixin.py:188} INFO - [15:03:49] Fetched 1000 swaps from token0_in (Total: 53000)
[2026-01-25T15:03:51.052+0000] {logging_mixin.py:188} INFO - [15:03:51] Fetched 1000 swaps from token0_in (Total: 54000)
[2026-01-25T15:03:52.791+0000] {logging_mixin.py:188} INFO - [15:03:52] Fetched 1000 swaps from token0_in (Total: 55000)
[2026-01-25T15:03:54.539+0000] {logging_mixin.py:188} INFO - [15:03:54] Fetched 1000 swaps from token0_in (Total: 56000)
[2026-01-25T15:03:56.484+0000] {logging_mixin.py:188} INFO - [15:03:56] Fetched 1000 swaps from token0_in (Total: 57000)
[2026-01-25T15:03:58.336+0000] {logging_mixin.py:188} INFO - [15:03:58] Fetched 1000 swaps from token0_in (Total: 58000)
[2026-01-25T15:04:00.052+0000] {logging_mixin.py:188} INFO - [15:04:00] Fetched 1000 swaps from token0_in (Total: 59000)
[2026-01-25T15:04:01.708+0000] {logging_mixin.py:188} INFO - [15:04:01] Fetched 1000 swaps from token0_in (Total: 60000)
[2026-01-25T15:04:03.526+0000] {logging_mixin.py:188} INFO - [15:04:03] Fetched 1000 swaps from token0_in (Total: 61000)
[2026-01-25T15:04:05.194+0000] {logging_mixin.py:188} INFO - [15:04:05] Fetched 1000 swaps from token0_in (Total: 62000)
[2026-01-25T15:04:07.041+0000] {logging_mixin.py:188} INFO - [15:04:07] Fetched 1000 swaps from token0_in (Total: 63000)
[2026-01-25T15:04:08.724+0000] {logging_mixin.py:188} INFO - [15:04:08] Fetched 1000 swaps from token0_in (Total: 64000)
[2026-01-25T15:04:10.327+0000] {logging_mixin.py:188} INFO - [15:04:10] Fetched 1000 swaps from token0_in (Total: 65000)
[2026-01-25T15:04:12.103+0000] {logging_mixin.py:188} INFO - [15:04:12] Fetched 1000 swaps from token0_in (Total: 66000)
[2026-01-25T15:04:13.895+0000] {logging_mixin.py:188} INFO - [15:04:13] Fetched 1000 swaps from token0_in (Total: 67000)
[2026-01-25T15:04:15.549+0000] {logging_mixin.py:188} INFO - [15:04:15] Fetched 1000 swaps from token0_in (Total: 68000)
[2026-01-25T15:04:17.525+0000] {logging_mixin.py:188} INFO - [15:04:17] Fetched 1000 swaps from token0_in (Total: 69000)
[2026-01-25T15:04:19.258+0000] {logging_mixin.py:188} INFO - [15:04:19] Fetched 1000 swaps from token0_in (Total: 70000)
[2026-01-25T15:04:21.000+0000] {logging_mixin.py:188} INFO - [15:04:21] Fetched 1000 swaps from token0_in (Total: 71000)
[2026-01-25T15:04:22.641+0000] {logging_mixin.py:188} INFO - [15:04:22] Fetched 1000 swaps from token0_in (Total: 72000)
[2026-01-25T15:04:24.745+0000] {logging_mixin.py:188} INFO - [15:04:24] Fetched 1000 swaps from token0_in (Total: 73000)
[2026-01-25T15:04:26.266+0000] {logging_mixin.py:188} INFO - [15:04:26] Fetched 1000 swaps from token0_in (Total: 74000)
[2026-01-25T15:04:27.829+0000] {logging_mixin.py:188} INFO - [15:04:27] Fetched 1000 swaps from token0_in (Total: 75000)
[2026-01-25T15:04:29.580+0000] {logging_mixin.py:188} INFO - [15:04:29] Fetched 1000 swaps from token0_in (Total: 76000)
[2026-01-25T15:04:31.329+0000] {logging_mixin.py:188} INFO - [15:04:31] Fetched 1000 swaps from token0_in (Total: 77000)
[2026-01-25T15:04:32.949+0000] {logging_mixin.py:188} INFO - [15:04:32] Fetched 1000 swaps from token0_in (Total: 78000)
[2026-01-25T15:04:34.705+0000] {logging_mixin.py:188} INFO - [15:04:34] Fetched 1000 swaps from token0_in (Total: 79000)
[2026-01-25T15:04:36.685+0000] {logging_mixin.py:188} INFO - [15:04:36] Fetched 1000 swaps from token0_in (Total: 80000)
[2026-01-25T15:04:38.267+0000] {logging_mixin.py:188} INFO - [15:04:38] Fetched 1000 swaps from token0_in (Total: 81000)
[2026-01-25T15:04:39.827+0000] {logging_mixin.py:188} INFO - [15:04:39] Fetched 1000 swaps from token0_in (Total: 82000)
[2026-01-25T15:04:41.473+0000] {logging_mixin.py:188} INFO - [15:04:41] Fetched 1000 swaps from token0_in (Total: 83000)
[2026-01-25T15:04:43.065+0000] {logging_mixin.py:188} INFO - [15:04:43] Fetched 1000 swaps from token0_in (Total: 84000)
[2026-01-25T15:04:44.720+0000] {logging_mixin.py:188} INFO - [15:04:44] Fetched 1000 swaps from token0_in (Total: 85000)
[2026-01-25T15:04:46.613+0000] {logging_mixin.py:188} INFO - [15:04:46] Fetched 1000 swaps from token0_in (Total: 86000)
[2026-01-25T15:04:48.228+0000] {logging_mixin.py:188} INFO - [15:04:48] Fetched 1000 swaps from token0_in (Total: 87000)
[2026-01-25T15:04:49.844+0000] {logging_mixin.py:188} INFO - [15:04:49] Fetched 1000 swaps from token0_in (Total: 88000)
[2026-01-25T15:04:51.472+0000] {logging_mixin.py:188} INFO - [15:04:51] Fetched 1000 swaps from token0_in (Total: 89000)
[2026-01-25T15:04:52.979+0000] {logging_mixin.py:188} INFO - [15:04:52] Fetched 1000 swaps from token0_in (Total: 90000)
[2026-01-25T15:04:54.557+0000] {logging_mixin.py:188} INFO - [15:04:54] Fetched 1000 swaps from token0_in (Total: 91000)
[2026-01-25T15:04:56.247+0000] {logging_mixin.py:188} INFO - [15:04:56] Fetched 1000 swaps from token0_in (Total: 92000)
[2026-01-25T15:04:58.201+0000] {logging_mixin.py:188} INFO - [15:04:58] Fetched 1000 swaps from token0_in (Total: 93000)
[2026-01-25T15:04:59.760+0000] {logging_mixin.py:188} INFO - [15:04:59] Fetched 1000 swaps from token0_in (Total: 94000)
[2026-01-25T15:05:01.266+0000] {logging_mixin.py:188} INFO - [15:05:01] Fetched 1000 swaps from token0_in (Total: 95000)
[2026-01-25T15:05:03.040+0000] {logging_mixin.py:188} INFO - [15:05:03] Fetched 1000 swaps from token0_in (Total: 96000)
[2026-01-25T15:05:04.737+0000] {logging_mixin.py:188} INFO - [15:05:04] Fetched 1000 swaps from token0_in (Total: 97000)
[2026-01-25T15:05:06.236+0000] {logging_mixin.py:188} INFO - [15:05:06] Fetched 1000 swaps from token0_in (Total: 98000)
[2026-01-25T15:05:07.770+0000] {logging_mixin.py:188} INFO - [15:05:07] Fetched 1000 swaps from token0_in (Total: 99000)
[2026-01-25T15:05:09.295+0000] {logging_mixin.py:188} INFO - [15:05:09] Fetched 1000 swaps from token0_in (Total: 100000)
[2026-01-25T15:05:11.158+0000] {logging_mixin.py:188} INFO - [15:05:11] Fetched 1000 swaps from token0_in (Total: 101000)
[2026-01-25T15:05:12.613+0000] {logging_mixin.py:188} INFO - [15:05:12] Fetched 1000 swaps from token0_in (Total: 102000)
[2026-01-25T15:05:14.515+0000] {logging_mixin.py:188} INFO - [15:05:14] Fetched 1000 swaps from token0_in (Total: 103000)
[2026-01-25T15:05:16.319+0000] {logging_mixin.py:188} INFO - [15:05:16] Fetched 1000 swaps from token0_in (Total: 104000)
[2026-01-25T15:05:17.959+0000] {logging_mixin.py:188} INFO - [15:05:17] Fetched 1000 swaps from token0_in (Total: 105000)
[2026-01-25T15:05:19.384+0000] {logging_mixin.py:188} INFO - [15:05:19] Fetched 1000 swaps from token0_in (Total: 106000)
[2026-01-25T15:05:20.854+0000] {logging_mixin.py:188} INFO - [15:05:20] Fetched 1000 swaps from token0_in (Total: 107000)
[2026-01-25T15:05:22.432+0000] {logging_mixin.py:188} INFO - [15:05:22] Fetched 1000 swaps from token0_in (Total: 108000)
[2026-01-25T15:05:24.098+0000] {logging_mixin.py:188} INFO - [15:05:24] Fetched 1000 swaps from token0_in (Total: 109000)
[2026-01-25T15:05:25.651+0000] {logging_mixin.py:188} INFO - [15:05:25] Fetched 1000 swaps from token0_in (Total: 110000)
[2026-01-25T15:05:27.216+0000] {logging_mixin.py:188} INFO - [15:05:27] Fetched 1000 swaps from token0_in (Total: 111000)
[2026-01-25T15:05:28.740+0000] {logging_mixin.py:188} INFO - [15:05:28] Fetched 1000 swaps from token0_in (Total: 112000)
[2026-01-25T15:05:30.198+0000] {logging_mixin.py:188} INFO - [15:05:30] Fetched 1000 swaps from token0_in (Total: 113000)
[2026-01-25T15:05:32.137+0000] {logging_mixin.py:188} INFO - [15:05:32] Fetched 1000 swaps from token0_in (Total: 114000)
[2026-01-25T15:05:33.658+0000] {logging_mixin.py:188} INFO - [15:05:33] Fetched 1000 swaps from token0_in (Total: 115000)
[2026-01-25T15:05:35.177+0000] {logging_mixin.py:188} INFO - [15:05:35] Fetched 1000 swaps from token0_in (Total: 116000)
[2026-01-25T15:05:36.858+0000] {logging_mixin.py:188} INFO - [15:05:36] Fetched 1000 swaps from token0_in (Total: 117000)
[2026-01-25T15:05:38.416+0000] {logging_mixin.py:188} INFO - [15:05:38] Fetched 1000 swaps from token0_in (Total: 118000)
[2026-01-25T15:05:40.198+0000] {logging_mixin.py:188} INFO - [15:05:40] Fetched 1000 swaps from token0_in (Total: 119000)
[2026-01-25T15:05:41.778+0000] {logging_mixin.py:188} INFO - [15:05:41] Fetched 1000 swaps from token0_in (Total: 120000)
[2026-01-25T15:05:43.261+0000] {logging_mixin.py:188} INFO - [15:05:43] Fetched 1000 swaps from token0_in (Total: 121000)
[2026-01-25T15:05:44.622+0000] {logging_mixin.py:188} INFO - [15:05:44] Fetched 1000 swaps from token0_in (Total: 122000)
[2026-01-25T15:05:46.048+0000] {logging_mixin.py:188} INFO - [15:05:46] Fetched 1000 swaps from token0_in (Total: 123000)
[2026-01-25T15:05:47.392+0000] {logging_mixin.py:188} INFO - [15:05:47] Fetched 1000 swaps from token0_in (Total: 124000)
[2026-01-25T15:05:48.671+0000] {logging_mixin.py:188} INFO - [15:05:48] Fetched 1000 swaps from token0_in (Total: 125000)
[2026-01-25T15:05:49.915+0000] {logging_mixin.py:188} INFO - [15:05:49] Fetched 1000 swaps from token0_in (Total: 126000)
[2026-01-25T15:05:51.230+0000] {logging_mixin.py:188} INFO - [15:05:51] Fetched 1000 swaps from token0_in (Total: 127000)
[2026-01-25T15:05:52.465+0000] {logging_mixin.py:188} INFO - [15:05:52] Fetched 1000 swaps from token0_in (Total: 128000)
[2026-01-25T15:05:53.815+0000] {logging_mixin.py:188} INFO - [15:05:53] Fetched 1000 swaps from token0_in (Total: 129000)
[2026-01-25T15:05:55.102+0000] {logging_mixin.py:188} INFO - [15:05:55] Fetched 1000 swaps from token0_in (Total: 130000)
[2026-01-25T15:05:56.349+0000] {logging_mixin.py:188} INFO - [15:05:56] Fetched 1000 swaps from token0_in (Total: 131000)
[2026-01-25T15:05:57.711+0000] {logging_mixin.py:188} INFO - [15:05:57] Fetched 1000 swaps from token0_in (Total: 132000)
[2026-01-25T15:05:59.055+0000] {logging_mixin.py:188} INFO - [15:05:59] Fetched 1000 swaps from token0_in (Total: 133000)
[2026-01-25T15:06:00.341+0000] {logging_mixin.py:188} INFO - [15:06:00] Fetched 1000 swaps from token0_in (Total: 134000)
[2026-01-25T15:06:01.750+0000] {logging_mixin.py:188} INFO - [15:06:01] Fetched 1000 swaps from token0_in (Total: 135000)
[2026-01-25T15:06:03.189+0000] {logging_mixin.py:188} INFO - [15:06:03] Fetched 1000 swaps from token0_in (Total: 136000)
[2026-01-25T15:06:04.433+0000] {logging_mixin.py:188} INFO - [15:06:04] Fetched 1000 swaps from token0_in (Total: 137000)
[2026-01-25T15:06:05.688+0000] {logging_mixin.py:188} INFO - [15:06:05] Fetched 1000 swaps from token0_in (Total: 138000)
[2026-01-25T15:06:06.911+0000] {logging_mixin.py:188} INFO - [15:06:06] Fetched 1000 swaps from token0_in (Total: 139000)
[2026-01-25T15:06:08.216+0000] {logging_mixin.py:188} INFO - [15:06:08] Fetched 1000 swaps from token0_in (Total: 140000)
[2026-01-25T15:06:09.537+0000] {logging_mixin.py:188} INFO - [15:06:09] Fetched 1000 swaps from token0_in (Total: 141000)
[2026-01-25T15:06:10.846+0000] {logging_mixin.py:188} INFO - [15:06:10] Fetched 1000 swaps from token0_in (Total: 142000)
[2026-01-25T15:06:12.142+0000] {logging_mixin.py:188} INFO - [15:06:12] Fetched 1000 swaps from token0_in (Total: 143000)
[2026-01-25T15:06:13.416+0000] {logging_mixin.py:188} INFO - [15:06:13] Fetched 1000 swaps from token0_in (Total: 144000)
[2026-01-25T15:06:14.844+0000] {logging_mixin.py:188} INFO - [15:06:14] Fetched 1000 swaps from token0_in (Total: 145000)
[2026-01-25T15:06:16.474+0000] {logging_mixin.py:188} INFO - [15:06:16] Fetched 1000 swaps from token0_in (Total: 146000)
[2026-01-25T15:06:17.879+0000] {logging_mixin.py:188} INFO - [15:06:17] Fetched 1000 swaps from token0_in (Total: 147000)
[2026-01-25T15:06:19.048+0000] {logging_mixin.py:188} INFO - [15:06:19] Fetched 1000 swaps from token0_in (Total: 148000)
[2026-01-25T15:06:20.370+0000] {logging_mixin.py:188} INFO - [15:06:20] Fetched 1000 swaps from token0_in (Total: 149000)
[2026-01-25T15:06:21.627+0000] {logging_mixin.py:188} INFO - [15:06:21] Fetched 1000 swaps from token0_in (Total: 150000)
[2026-01-25T15:06:22.929+0000] {logging_mixin.py:188} INFO - [15:06:22] Fetched 1000 swaps from token0_in (Total: 151000)
[2026-01-25T15:06:24.129+0000] {logging_mixin.py:188} INFO - [15:06:24] Fetched 1000 swaps from token0_in (Total: 152000)
[2026-01-25T15:06:25.371+0000] {logging_mixin.py:188} INFO - [15:06:25] Fetched 1000 swaps from token0_in (Total: 153000)
[2026-01-25T15:06:26.809+0000] {logging_mixin.py:188} INFO - [15:06:26] Fetched 1000 swaps from token0_in (Total: 154000)
[2026-01-25T15:06:28.166+0000] {logging_mixin.py:188} INFO - [15:06:28] Fetched 1000 swaps from token0_in (Total: 155000)
[2026-01-25T15:06:29.554+0000] {logging_mixin.py:188} INFO - [15:06:29] Fetched 1000 swaps from token0_in (Total: 156000)
[2026-01-25T15:06:30.816+0000] {logging_mixin.py:188} INFO - [15:06:30] Fetched 1000 swaps from token0_in (Total: 157000)
[2026-01-25T15:06:32.135+0000] {logging_mixin.py:188} INFO - [15:06:32] Fetched 1000 swaps from token0_in (Total: 158000)
[2026-01-25T15:06:33.453+0000] {logging_mixin.py:188} INFO - [15:06:33] Fetched 1000 swaps from token0_in (Total: 159000)
[2026-01-25T15:06:34.748+0000] {logging_mixin.py:188} INFO - [15:06:34] Fetched 1000 swaps from token0_in (Total: 160000)
[2026-01-25T15:06:36.155+0000] {logging_mixin.py:188} INFO - [15:06:36] Fetched 1000 swaps from token0_in (Total: 161000)
[2026-01-25T15:06:37.428+0000] {logging_mixin.py:188} INFO - [15:06:37] Fetched 1000 swaps from token0_in (Total: 162000)
[2026-01-25T15:06:38.910+0000] {logging_mixin.py:188} INFO - [15:06:38] Fetched 1000 swaps from token0_in (Total: 163000)
[2026-01-25T15:06:40.046+0000] {logging_mixin.py:188} INFO - [15:06:40] Fetched 1000 swaps from token0_in (Total: 164000)
[2026-01-25T15:06:41.173+0000] {logging_mixin.py:188} INFO - [15:06:41] Fetched 1000 swaps from token0_in (Total: 165000)
[2026-01-25T15:06:42.437+0000] {logging_mixin.py:188} INFO - [15:06:42] Fetched 1000 swaps from token0_in (Total: 166000)
[2026-01-25T15:06:43.718+0000] {logging_mixin.py:188} INFO - [15:06:43] Fetched 1000 swaps from token0_in (Total: 167000)
[2026-01-25T15:06:44.858+0000] {logging_mixin.py:188} INFO - [15:06:44] Fetched 1000 swaps from token0_in (Total: 168000)
[2026-01-25T15:06:46.158+0000] {logging_mixin.py:188} INFO - [15:06:46] Fetched 1000 swaps from token0_in (Total: 169000)
[2026-01-25T15:06:47.348+0000] {logging_mixin.py:188} INFO - [15:06:47] Fetched 1000 swaps from token0_in (Total: 170000)
[2026-01-25T15:06:48.527+0000] {logging_mixin.py:188} INFO - [15:06:48] Fetched 1000 swaps from token0_in (Total: 171000)
[2026-01-25T15:06:48.797+0000] {logging_mixin.py:188} INFO - [15:06:48] Request failed (attempt 1/3): ('Connection aborted.', RemoteDisconnected('Remote end closed connection without response'))
[2026-01-25T15:06:51.042+0000] {logging_mixin.py:188} INFO - [15:06:51] Fetched 1000 swaps from token0_in (Total: 172000)
[2026-01-25T15:06:52.241+0000] {logging_mixin.py:188} INFO - [15:06:52] Fetched 1000 swaps from token0_in (Total: 173000)
[2026-01-25T15:06:53.533+0000] {logging_mixin.py:188} INFO - [15:06:53] Fetched 1000 swaps from token0_in (Total: 174000)
[2026-01-25T15:06:54.892+0000] {logging_mixin.py:188} INFO - [15:06:54] Fetched 1000 swaps from token0_in (Total: 175000)
[2026-01-25T15:06:56.416+0000] {logging_mixin.py:188} INFO - [15:06:56] Fetched 1000 swaps from token0_in (Total: 176000)
[2026-01-25T15:06:57.780+0000] {logging_mixin.py:188} INFO - [15:06:57] Fetched 1000 swaps from token0_in (Total: 177000)
[2026-01-25T15:06:59.083+0000] {logging_mixin.py:188} INFO - [15:06:59] Fetched 1000 swaps from token0_in (Total: 178000)
[2026-01-25T15:07:00.449+0000] {logging_mixin.py:188} INFO - [15:07:00] Fetched 1000 swaps from token0_in (Total: 179000)
[2026-01-25T15:07:01.959+0000] {logging_mixin.py:188} INFO - [15:07:01] Fetched 1000 swaps from token0_in (Total: 180000)
[2026-01-25T15:07:03.499+0000] {logging_mixin.py:188} INFO - [15:07:03] Fetched 1000 swaps from token0_in (Total: 181000)
[2026-01-25T15:07:04.857+0000] {logging_mixin.py:188} INFO - [15:07:04] Fetched 1000 swaps from token0_in (Total: 182000)
[2026-01-25T15:07:06.153+0000] {logging_mixin.py:188} INFO - [15:07:06] Fetched 1000 swaps from token0_in (Total: 183000)
[2026-01-25T15:07:07.439+0000] {logging_mixin.py:188} INFO - [15:07:07] Fetched 1000 swaps from token0_in (Total: 184000)
[2026-01-25T15:07:09.102+0000] {logging_mixin.py:188} INFO - [15:07:09] Fetched 1000 swaps from token0_in (Total: 185000)
[2026-01-25T15:07:10.635+0000] {logging_mixin.py:188} INFO - [15:07:10] Fetched 1000 swaps from token0_in (Total: 186000)
[2026-01-25T15:07:12.093+0000] {logging_mixin.py:188} INFO - [15:07:12] Fetched 1000 swaps from token0_in (Total: 187000)
[2026-01-25T15:07:13.577+0000] {logging_mixin.py:188} INFO - [15:07:13] Fetched 1000 swaps from token0_in (Total: 188000)
[2026-01-25T15:07:15.086+0000] {logging_mixin.py:188} INFO - [15:07:15] Fetched 1000 swaps from token0_in (Total: 189000)
[2026-01-25T15:07:16.616+0000] {logging_mixin.py:188} INFO - [15:07:16] Fetched 1000 swaps from token0_in (Total: 190000)
[2026-01-25T15:07:18.163+0000] {logging_mixin.py:188} INFO - [15:07:18] Fetched 1000 swaps from token0_in (Total: 191000)
[2026-01-25T15:07:19.750+0000] {logging_mixin.py:188} INFO - [15:07:19] Fetched 1000 swaps from token0_in (Total: 192000)
[2026-01-25T15:07:21.422+0000] {logging_mixin.py:188} INFO - [15:07:21] Fetched 1000 swaps from token0_in (Total: 193000)
[2026-01-25T15:07:23.259+0000] {logging_mixin.py:188} INFO - [15:07:23] Fetched 1000 swaps from token0_in (Total: 194000)
[2026-01-25T15:07:24.892+0000] {logging_mixin.py:188} INFO - [15:07:24] Fetched 1000 swaps from token0_in (Total: 195000)
[2026-01-25T15:07:26.727+0000] {logging_mixin.py:188} INFO - [15:07:26] Fetched 1000 swaps from token0_in (Total: 196000)
[2026-01-25T15:07:28.348+0000] {logging_mixin.py:188} INFO - [15:07:28] Fetched 1000 swaps from token0_in (Total: 197000)
[2026-01-25T15:07:30.058+0000] {logging_mixin.py:188} INFO - [15:07:30] Fetched 1000 swaps from token0_in (Total: 198000)
[2026-01-25T15:07:31.742+0000] {logging_mixin.py:188} INFO - [15:07:31] Fetched 1000 swaps from token0_in (Total: 199000)
[2026-01-25T15:07:33.649+0000] {logging_mixin.py:188} INFO - [15:07:33] Fetched 1000 swaps from token0_in (Total: 200000)
[2026-01-25T15:07:35.521+0000] {logging_mixin.py:188} INFO - [15:07:35] Fetched 1000 swaps from token0_in (Total: 201000)
[2026-01-25T15:07:37.141+0000] {logging_mixin.py:188} INFO - [15:07:37] Fetched 1000 swaps from token0_in (Total: 202000)
[2026-01-25T15:07:38.778+0000] {logging_mixin.py:188} INFO - [15:07:38] Fetched 1000 swaps from token0_in (Total: 203000)
[2026-01-25T15:07:41.256+0000] {logging_mixin.py:188} INFO - [15:07:41] Fetched 1000 swaps from token0_in (Total: 204000)
[2026-01-25T15:07:42.971+0000] {logging_mixin.py:188} INFO - [15:07:42] Fetched 1000 swaps from token0_in (Total: 205000)
[2026-01-25T15:07:44.910+0000] {logging_mixin.py:188} INFO - [15:07:44] Fetched 1000 swaps from token0_in (Total: 206000)
[2026-01-25T15:07:46.674+0000] {logging_mixin.py:188} INFO - [15:07:46] Fetched 1000 swaps from token0_in (Total: 207000)
[2026-01-25T15:07:48.511+0000] {logging_mixin.py:188} INFO - [15:07:48] Fetched 1000 swaps from token0_in (Total: 208000)
[2026-01-25T15:07:50.280+0000] {logging_mixin.py:188} INFO - [15:07:50] Fetched 1000 swaps from token0_in (Total: 209000)
[2026-01-25T15:07:52.053+0000] {logging_mixin.py:188} INFO - [15:07:52] Fetched 1000 swaps from token0_in (Total: 210000)
[2026-01-25T15:07:53.813+0000] {logging_mixin.py:188} INFO - [15:07:53] Fetched 1000 swaps from token0_in (Total: 211000)
[2026-01-25T15:07:55.512+0000] {logging_mixin.py:188} INFO - [15:07:55] Fetched 1000 swaps from token0_in (Total: 212000)
[2026-01-25T15:07:57.378+0000] {logging_mixin.py:188} INFO - [15:07:57] Fetched 1000 swaps from token0_in (Total: 213000)
[2026-01-25T15:07:59.244+0000] {logging_mixin.py:188} INFO - [15:07:59] Fetched 1000 swaps from token0_in (Total: 214000)
[2026-01-25T15:08:00.925+0000] {logging_mixin.py:188} INFO - [15:08:00] Fetched 1000 swaps from token0_in (Total: 215000)
[2026-01-25T15:08:02.655+0000] {logging_mixin.py:188} INFO - [15:08:02] Fetched 1000 swaps from token0_in (Total: 216000)
[2026-01-25T15:08:04.386+0000] {logging_mixin.py:188} INFO - [15:08:04] Fetched 1000 swaps from token0_in (Total: 217000)
[2026-01-25T15:08:06.200+0000] {logging_mixin.py:188} INFO - [15:08:06] Fetched 1000 swaps from token0_in (Total: 218000)
[2026-01-25T15:08:07.989+0000] {logging_mixin.py:188} INFO - [15:08:07] Fetched 1000 swaps from token0_in (Total: 219000)
[2026-01-25T15:08:09.776+0000] {logging_mixin.py:188} INFO - [15:08:09] Fetched 1000 swaps from token0_in (Total: 220000)
[2026-01-25T15:08:11.417+0000] {logging_mixin.py:188} INFO - [15:08:11] Fetched 1000 swaps from token0_in (Total: 221000)
[2026-01-25T15:08:13.265+0000] {logging_mixin.py:188} INFO - [15:08:13] Fetched 1000 swaps from token0_in (Total: 222000)
[2026-01-25T15:08:14.990+0000] {logging_mixin.py:188} INFO - [15:08:14] Fetched 1000 swaps from token0_in (Total: 223000)
[2026-01-25T15:08:16.660+0000] {logging_mixin.py:188} INFO - [15:08:16] Fetched 1000 swaps from token0_in (Total: 224000)
[2026-01-25T15:08:18.575+0000] {logging_mixin.py:188} INFO - [15:08:18] Fetched 1000 swaps from token0_in (Total: 225000)
[2026-01-25T15:08:20.359+0000] {logging_mixin.py:188} INFO - [15:08:20] Fetched 1000 swaps from token0_in (Total: 226000)
[2026-01-25T15:08:22.017+0000] {logging_mixin.py:188} INFO - [15:08:22] Fetched 1000 swaps from token0_in (Total: 227000)
[2026-01-25T15:08:23.692+0000] {logging_mixin.py:188} INFO - [15:08:23] Fetched 1000 swaps from token0_in (Total: 228000)
[2026-01-25T15:08:25.403+0000] {logging_mixin.py:188} INFO - [15:08:25] Fetched 1000 swaps from token0_in (Total: 229000)
[2026-01-25T15:08:27.129+0000] {logging_mixin.py:188} INFO - [15:08:27] Fetched 1000 swaps from token0_in (Total: 230000)
[2026-01-25T15:08:29.144+0000] {logging_mixin.py:188} INFO - [15:08:29] Fetched 1000 swaps from token0_in (Total: 231000)
[2026-01-25T15:08:31.155+0000] {logging_mixin.py:188} INFO - [15:08:31] Fetched 1000 swaps from token0_in (Total: 232000)
[2026-01-25T15:08:32.871+0000] {logging_mixin.py:188} INFO - [15:08:32] Fetched 1000 swaps from token0_in (Total: 233000)
[2026-01-25T15:08:34.761+0000] {logging_mixin.py:188} INFO - [15:08:34] Fetched 1000 swaps from token0_in (Total: 234000)
[2026-01-25T15:08:36.483+0000] {logging_mixin.py:188} INFO - [15:08:36] Fetched 1000 swaps from token0_in (Total: 235000)
[2026-01-25T15:08:38.311+0000] {logging_mixin.py:188} INFO - [15:08:38] Fetched 1000 swaps from token0_in (Total: 236000)
[2026-01-25T15:08:41.506+0000] {logging_mixin.py:188} INFO - [15:08:41] Fetched 1000 swaps from token0_in (Total: 237000)
[2026-01-25T15:08:43.526+0000] {logging_mixin.py:188} INFO - [15:08:43] Fetched 1000 swaps from token0_in (Total: 238000)
[2026-01-25T15:08:45.282+0000] {logging_mixin.py:188} INFO - [15:08:45] Fetched 1000 swaps from token0_in (Total: 239000)
[2026-01-25T15:08:47.131+0000] {logging_mixin.py:188} INFO - [15:08:47] Fetched 1000 swaps from token0_in (Total: 240000)
[2026-01-25T15:08:48.804+0000] {logging_mixin.py:188} INFO - [15:08:48] Fetched 1000 swaps from token0_in (Total: 241000)
[2026-01-25T15:08:50.501+0000] {logging_mixin.py:188} INFO - [15:08:50] Fetched 1000 swaps from token0_in (Total: 242000)
[2026-01-25T15:08:52.286+0000] {logging_mixin.py:188} INFO - [15:08:52] Fetched 1000 swaps from token0_in (Total: 243000)
[2026-01-25T15:08:54.037+0000] {logging_mixin.py:188} INFO - [15:08:54] Fetched 1000 swaps from token0_in (Total: 244000)
[2026-01-25T15:08:56.107+0000] {logging_mixin.py:188} INFO - [15:08:56] Fetched 1000 swaps from token0_in (Total: 245000)
[2026-01-25T15:08:57.852+0000] {logging_mixin.py:188} INFO - [15:08:57] Fetched 1000 swaps from token0_in (Total: 246000)
[2026-01-25T15:08:59.515+0000] {logging_mixin.py:188} INFO - [15:08:59] Fetched 1000 swaps from token0_in (Total: 247000)
[2026-01-25T15:09:01.138+0000] {logging_mixin.py:188} INFO - [15:09:01] Fetched 1000 swaps from token0_in (Total: 248000)
[2026-01-25T15:09:02.761+0000] {logging_mixin.py:188} INFO - [15:09:02] Fetched 1000 swaps from token0_in (Total: 249000)
[2026-01-25T15:09:04.645+0000] {logging_mixin.py:188} INFO - [15:09:04] Fetched 1000 swaps from token0_in (Total: 250000)
[2026-01-25T15:09:06.379+0000] {logging_mixin.py:188} INFO - [15:09:06] Fetched 1000 swaps from token0_in (Total: 251000)
[2026-01-25T15:09:08.232+0000] {logging_mixin.py:188} INFO - [15:09:08] Fetched 1000 swaps from token0_in (Total: 252000)
[2026-01-25T15:09:10.364+0000] {logging_mixin.py:188} INFO - [15:09:10] Fetched 1000 swaps from token0_in (Total: 253000)
[2026-01-25T15:09:12.168+0000] {logging_mixin.py:188} INFO - [15:09:12] Fetched 1000 swaps from token0_in (Total: 254000)
[2026-01-25T15:09:13.994+0000] {logging_mixin.py:188} INFO - [15:09:13] Fetched 1000 swaps from token0_in (Total: 255000)
[2026-01-25T15:09:16.256+0000] {logging_mixin.py:188} INFO - [15:09:16] Fetched 1000 swaps from token0_in (Total: 256000)
[2026-01-25T15:09:18.334+0000] {logging_mixin.py:188} INFO - [15:09:18] Fetched 1000 swaps from token0_in (Total: 257000)
[2026-01-25T15:09:20.127+0000] {logging_mixin.py:188} INFO - [15:09:20] Fetched 1000 swaps from token0_in (Total: 258000)
[2026-01-25T15:09:21.950+0000] {logging_mixin.py:188} INFO - [15:09:21] Fetched 1000 swaps from token0_in (Total: 259000)
[2026-01-25T15:09:23.655+0000] {logging_mixin.py:188} INFO - [15:09:23] Fetched 1000 swaps from token0_in (Total: 260000)
[2026-01-25T15:09:25.625+0000] {logging_mixin.py:188} INFO - [15:09:25] Fetched 1000 swaps from token0_in (Total: 261000)
[2026-01-25T15:09:27.714+0000] {logging_mixin.py:188} INFO - [15:09:27] Fetched 1000 swaps from token0_in (Total: 262000)
[2026-01-25T15:09:29.349+0000] {logging_mixin.py:188} INFO - [15:09:29] Fetched 1000 swaps from token0_in (Total: 263000)
[2026-01-25T15:09:31.001+0000] {logging_mixin.py:188} INFO - [15:09:31] Fetched 1000 swaps from token0_in (Total: 264000)
[2026-01-25T15:09:32.723+0000] {logging_mixin.py:188} INFO - [15:09:32] Fetched 1000 swaps from token0_in (Total: 265000)
[2026-01-25T15:09:34.705+0000] {logging_mixin.py:188} INFO - [15:09:34] Fetched 1000 swaps from token0_in (Total: 266000)
[2026-01-25T15:09:36.363+0000] {logging_mixin.py:188} INFO - [15:09:36] Fetched 1000 swaps from token0_in (Total: 267000)
[2026-01-25T15:09:38.062+0000] {logging_mixin.py:188} INFO - [15:09:38] Fetched 1000 swaps from token0_in (Total: 268000)
[2026-01-25T15:09:39.825+0000] {logging_mixin.py:188} INFO - [15:09:39] Fetched 1000 swaps from token0_in (Total: 269000)
[2026-01-25T15:09:41.698+0000] {logging_mixin.py:188} INFO - [15:09:41] Fetched 1000 swaps from token0_in (Total: 270000)
[2026-01-25T15:09:43.269+0000] {logging_mixin.py:188} INFO - [15:09:43] Fetched 1000 swaps from token0_in (Total: 271000)
[2026-01-25T15:09:45.220+0000] {logging_mixin.py:188} INFO - [15:09:45] Fetched 1000 swaps from token0_in (Total: 272000)
[2026-01-25T15:09:47.319+0000] {logging_mixin.py:188} INFO - [15:09:47] Fetched 1000 swaps from token0_in (Total: 273000)
[2026-01-25T15:09:49.071+0000] {logging_mixin.py:188} INFO - [15:09:49] Fetched 1000 swaps from token0_in (Total: 274000)
[2026-01-25T15:09:50.825+0000] {logging_mixin.py:188} INFO - [15:09:50] Fetched 1000 swaps from token0_in (Total: 275000)
[2026-01-25T15:09:52.305+0000] {logging_mixin.py:188} INFO - [15:09:52] Fetched 1000 swaps from token0_in (Total: 276000)
[2026-01-25T15:09:53.971+0000] {logging_mixin.py:188} INFO - [15:09:53] Fetched 1000 swaps from token0_in (Total: 277000)
[2026-01-25T15:09:55.633+0000] {logging_mixin.py:188} INFO - [15:09:55] Fetched 1000 swaps from token0_in (Total: 278000)
[2026-01-25T15:09:57.555+0000] {logging_mixin.py:188} INFO - [15:09:57] Fetched 1000 swaps from token0_in (Total: 279000)
[2026-01-25T15:09:59.373+0000] {logging_mixin.py:188} INFO - [15:09:59] Fetched 1000 swaps from token0_in (Total: 280000)
[2026-01-25T15:10:01.186+0000] {logging_mixin.py:188} INFO - [15:10:01] Fetched 1000 swaps from token0_in (Total: 281000)
[2026-01-25T15:10:02.889+0000] {logging_mixin.py:188} INFO - [15:10:02] Fetched 1000 swaps from token0_in (Total: 282000)
[2026-01-25T15:10:04.450+0000] {logging_mixin.py:188} INFO - [15:10:04] Fetched 1000 swaps from token0_in (Total: 283000)
[2026-01-25T15:10:06.385+0000] {logging_mixin.py:188} INFO - [15:10:06] Fetched 1000 swaps from token0_in (Total: 284000)
[2026-01-25T15:10:08.030+0000] {logging_mixin.py:188} INFO - [15:10:08] Fetched 1000 swaps from token0_in (Total: 285000)
[2026-01-25T15:10:09.805+0000] {logging_mixin.py:188} INFO - [15:10:09] Fetched 1000 swaps from token0_in (Total: 286000)
[2026-01-25T15:10:11.385+0000] {logging_mixin.py:188} INFO - [15:10:11] Fetched 1000 swaps from token0_in (Total: 287000)
[2026-01-25T15:10:12.929+0000] {logging_mixin.py:188} INFO - [15:10:12] Fetched 1000 swaps from token0_in (Total: 288000)
[2026-01-25T15:10:14.609+0000] {logging_mixin.py:188} INFO - [15:10:14] Fetched 1000 swaps from token0_in (Total: 289000)
[2026-01-25T15:10:16.315+0000] {logging_mixin.py:188} INFO - [15:10:16] Fetched 1000 swaps from token0_in (Total: 290000)
[2026-01-25T15:10:17.826+0000] {logging_mixin.py:188} INFO - [15:10:17] Fetched 1000 swaps from token0_in (Total: 291000)
[2026-01-25T15:10:19.441+0000] {logging_mixin.py:188} INFO - [15:10:19] Fetched 1000 swaps from token0_in (Total: 292000)
[2026-01-25T15:10:21.022+0000] {logging_mixin.py:188} INFO - [15:10:21] Fetched 1000 swaps from token0_in (Total: 293000)
[2026-01-25T15:10:22.708+0000] {logging_mixin.py:188} INFO - [15:10:22] Fetched 1000 swaps from token0_in (Total: 294000)
[2026-01-25T15:10:24.297+0000] {logging_mixin.py:188} INFO - [15:10:24] Fetched 1000 swaps from token0_in (Total: 295000)
[2026-01-25T15:10:25.893+0000] {logging_mixin.py:188} INFO - [15:10:25] Fetched 1000 swaps from token0_in (Total: 296000)
[2026-01-25T15:10:27.507+0000] {logging_mixin.py:188} INFO - [15:10:27] Fetched 1000 swaps from token0_in (Total: 297000)
[2026-01-25T15:10:29.013+0000] {logging_mixin.py:188} INFO - [15:10:29] Fetched 1000 swaps from token0_in (Total: 298000)
[2026-01-25T15:10:30.808+0000] {logging_mixin.py:188} INFO - [15:10:30] Fetched 1000 swaps from token0_in (Total: 299000)
[2026-01-25T15:10:32.594+0000] {logging_mixin.py:188} INFO - [15:10:32] Fetched 1000 swaps from token0_in (Total: 300000)
[2026-01-25T15:10:34.178+0000] {logging_mixin.py:188} INFO - [15:10:34] Fetched 1000 swaps from token0_in (Total: 301000)
[2026-01-25T15:10:35.741+0000] {logging_mixin.py:188} INFO - [15:10:35] Fetched 1000 swaps from token0_in (Total: 302000)
[2026-01-25T15:10:37.518+0000] {logging_mixin.py:188} INFO - [15:10:37] Fetched 1000 swaps from token0_in (Total: 303000)
[2026-01-25T15:10:39.232+0000] {logging_mixin.py:188} INFO - [15:10:39] Fetched 1000 swaps from token0_in (Total: 304000)
[2026-01-25T15:10:40.855+0000] {logging_mixin.py:188} INFO - [15:10:40] Fetched 1000 swaps from token0_in (Total: 305000)
[2026-01-25T15:10:42.626+0000] {logging_mixin.py:188} INFO - [15:10:42] Fetched 1000 swaps from token0_in (Total: 306000)
[2026-01-25T15:10:44.260+0000] {logging_mixin.py:188} INFO - [15:10:44] Fetched 1000 swaps from token0_in (Total: 307000)
[2026-01-25T15:10:45.941+0000] {logging_mixin.py:188} INFO - [15:10:45] Fetched 1000 swaps from token0_in (Total: 308000)
[2026-01-25T15:10:47.463+0000] {logging_mixin.py:188} INFO - [15:10:47] Fetched 1000 swaps from token0_in (Total: 309000)
[2026-01-25T15:10:49.317+0000] {logging_mixin.py:188} INFO - [15:10:49] Fetched 1000 swaps from token0_in (Total: 310000)
[2026-01-25T15:10:50.867+0000] {logging_mixin.py:188} INFO - [15:10:50] Fetched 1000 swaps from token0_in (Total: 311000)
[2026-01-25T15:10:52.558+0000] {logging_mixin.py:188} INFO - [15:10:52] Fetched 1000 swaps from token0_in (Total: 312000)
[2026-01-25T15:10:54.512+0000] {logging_mixin.py:188} INFO - [15:10:54] Fetched 1000 swaps from token0_in (Total: 313000)
[2026-01-25T15:10:56.282+0000] {logging_mixin.py:188} INFO - [15:10:56] Fetched 1000 swaps from token0_in (Total: 314000)
[2026-01-25T15:10:58.538+0000] {logging_mixin.py:188} INFO - [15:10:58] Fetched 1000 swaps from token0_in (Total: 315000)
[2026-01-25T15:11:00.222+0000] {logging_mixin.py:188} INFO - [15:11:00] Fetched 1000 swaps from token0_in (Total: 316000)
[2026-01-25T15:11:01.978+0000] {logging_mixin.py:188} INFO - [15:11:01] Fetched 1000 swaps from token0_in (Total: 317000)
[2026-01-25T15:11:03.562+0000] {logging_mixin.py:188} INFO - [15:11:03] Fetched 1000 swaps from token0_in (Total: 318000)
[2026-01-25T15:11:05.102+0000] {logging_mixin.py:188} INFO - [15:11:05] Fetched 1000 swaps from token0_in (Total: 319000)
[2026-01-25T15:11:06.554+0000] {logging_mixin.py:188} INFO - [15:11:06] Fetched 1000 swaps from token0_in (Total: 320000)
[2026-01-25T15:11:08.053+0000] {logging_mixin.py:188} INFO - [15:11:08] Fetched 1000 swaps from token0_in (Total: 321000)
[2026-01-25T15:11:09.561+0000] {logging_mixin.py:188} INFO - [15:11:09] Fetched 1000 swaps from token0_in (Total: 322000)
[2026-01-25T15:11:11.000+0000] {logging_mixin.py:188} INFO - [15:11:11] Fetched 1000 swaps from token0_in (Total: 323000)
[2026-01-25T15:11:12.454+0000] {logging_mixin.py:188} INFO - [15:11:12] Fetched 1000 swaps from token0_in (Total: 324000)
[2026-01-25T15:11:13.948+0000] {logging_mixin.py:188} INFO - [15:11:13] Fetched 1000 swaps from token0_in (Total: 325000)
[2026-01-25T15:11:15.412+0000] {logging_mixin.py:188} INFO - [15:11:15] Fetched 1000 swaps from token0_in (Total: 326000)
[2026-01-25T15:11:17.869+0000] {logging_mixin.py:188} INFO - [15:11:17] Fetched 1000 swaps from token0_in (Total: 327000)
[2026-01-25T15:11:19.169+0000] {logging_mixin.py:188} INFO - [15:11:19] Fetched 1000 swaps from token0_in (Total: 328000)
[2026-01-25T15:11:20.640+0000] {logging_mixin.py:188} INFO - [15:11:20] Fetched 1000 swaps from token0_in (Total: 329000)
[2026-01-25T15:11:22.168+0000] {logging_mixin.py:188} INFO - [15:11:22] Fetched 1000 swaps from token0_in (Total: 330000)
[2026-01-25T15:11:23.686+0000] {logging_mixin.py:188} INFO - [15:11:23] Fetched 1000 swaps from token0_in (Total: 331000)
[2026-01-25T15:11:25.380+0000] {logging_mixin.py:188} INFO - [15:11:25] Fetched 1000 swaps from token0_in (Total: 332000)
[2026-01-25T15:11:27.073+0000] {logging_mixin.py:188} INFO - [15:11:27] Fetched 1000 swaps from token0_in (Total: 333000)
[2026-01-25T15:11:28.518+0000] {logging_mixin.py:188} INFO - [15:11:28] Fetched 1000 swaps from token0_in (Total: 334000)
[2026-01-25T15:11:30.007+0000] {logging_mixin.py:188} INFO - [15:11:30] Fetched 1000 swaps from token0_in (Total: 335000)
[2026-01-25T15:11:31.440+0000] {logging_mixin.py:188} INFO - [15:11:31] Fetched 1000 swaps from token0_in (Total: 336000)
[2026-01-25T15:11:33.004+0000] {logging_mixin.py:188} INFO - [15:11:33] Fetched 1000 swaps from token0_in (Total: 337000)
[2026-01-25T15:11:34.552+0000] {logging_mixin.py:188} INFO - [15:11:34] Fetched 1000 swaps from token0_in (Total: 338000)
[2026-01-25T15:11:36.196+0000] {logging_mixin.py:188} INFO - [15:11:36] Fetched 1000 swaps from token0_in (Total: 339000)
[2026-01-25T15:11:37.606+0000] {logging_mixin.py:188} INFO - [15:11:37] Fetched 1000 swaps from token0_in (Total: 340000)
[2026-01-25T15:11:39.103+0000] {logging_mixin.py:188} INFO - [15:11:39] Fetched 1000 swaps from token0_in (Total: 341000)
[2026-01-25T15:11:40.702+0000] {logging_mixin.py:188} INFO - [15:11:40] Fetched 1000 swaps from token0_in (Total: 342000)
[2026-01-25T15:11:42.233+0000] {logging_mixin.py:188} INFO - [15:11:42] Fetched 1000 swaps from token0_in (Total: 343000)
[2026-01-25T15:11:43.889+0000] {logging_mixin.py:188} INFO - [15:11:43] Fetched 1000 swaps from token0_in (Total: 344000)
[2026-01-25T15:11:44.000+0000] {taskinstance.py:2698} ERROR - Task failed with exception
Traceback (most recent call last):
  File "/home/airflow/.local/lib/python3.8/site-packages/airflow/models/taskinstance.py", line 433, in _execute_task
    result = execute_callable(context=context, **execute_callable_kwargs)
  File "/home/airflow/.local/lib/python3.8/site-packages/airflow/operators/python.py", line 199, in execute
    return_value = self.execute_callable()
  File "/home/airflow/.local/lib/python3.8/site-packages/airflow/operators/python.py", line 216, in execute_callable
    return self.python_callable(*self.op_args, **self.op_kwargs)
  File "/opt/airflow/dags/the_graph_uniswap_v3_swaps_dag.py", line 42, in fetch_and_store_swaps
    swaps = fetcher.fetch_swaps(start_date, end_date, on_batch_callback=storage.save_swaps)
  File "/opt/airflow/dags/utils/uniswap_utils.py", line 129, in fetch_swaps
    swaps_token0 = self._fetch_swaps_with_filter(start_ts, end_ts, "token0_in", TOKEN_ADDRESSES, on_batch_callback)
  File "/opt/airflow/dags/utils/uniswap_utils.py", line 119, in _fetch_swaps_with_filter
    on_batch_callback(batch_swaps)
  File "/opt/airflow/dags/utils/uniswap_utils.py", line 166, in save_swaps
    cur.executemany(insert_query, data)
psycopg2.errors.StringDataRightTruncation: value too long for type character varying(20)

[2026-01-25T15:11:44.031+0000] {taskinstance.py:1138} INFO - Marking task as UP_FOR_RETRY. dag_id=the_graph_uniswap_v3_swaps, task_id=fetch_and_store_swaps, execution_date=20260125T150036, start_date=20260125T150200, end_date=20260125T151144
[2026-01-25T15:11:44.063+0000] {standard_task_runner.py:107} ERROR - Failed to execute job 3 for task fetch_and_store_swaps (value too long for type character varying(20)
; 1235)
[2026-01-25T15:11:44.141+0000] {local_task_job_runner.py:234} INFO - Task exited with return code 1
[2026-01-25T15:11:44.246+0000] {taskinstance.py:3280} INFO - 0 downstream tasks scheduled from follow-on schedule check
