[2026-01-27T01:00:01.386+0000] {taskinstance.py:1956} INFO - Dependencies all met for dep_context=non-requeueable deps ti=<TaskInstance: the_graph_uniswap_v3_swaps.fetch_and_store_swaps scheduled__2026-01-27T00:00:00+00:00 [queued]>
[2026-01-27T01:00:01.391+0000] {taskinstance.py:1956} INFO - Dependencies all met for dep_context=requeueable deps ti=<TaskInstance: the_graph_uniswap_v3_swaps.fetch_and_store_swaps scheduled__2026-01-27T00:00:00+00:00 [queued]>
[2026-01-27T01:00:01.392+0000] {taskinstance.py:2170} INFO - Starting attempt 1 of 2
[2026-01-27T01:00:01.398+0000] {taskinstance.py:2191} INFO - Executing <Task(PythonOperator): fetch_and_store_swaps> on 2026-01-27 00:00:00+00:00
[2026-01-27T01:00:01.403+0000] {standard_task_runner.py:60} INFO - Started process 51866 to run task
[2026-01-27T01:00:01.406+0000] {standard_task_runner.py:87} INFO - Running: ['***', 'tasks', 'run', 'the_graph_uniswap_v3_swaps', 'fetch_and_store_swaps', 'scheduled__2026-01-27T00:00:00+00:00', '--job-id', '169', '--raw', '--subdir', 'DAGS_FOLDER/the_graph_uniswap_v3_swaps_dag.py', '--cfg-path', '/tmp/tmpjye31eok']
[2026-01-27T01:00:01.408+0000] {standard_task_runner.py:88} INFO - Job 169: Subtask fetch_and_store_swaps
[2026-01-27T01:00:01.447+0000] {task_command.py:423} INFO - Running <TaskInstance: the_graph_uniswap_v3_swaps.fetch_and_store_swaps scheduled__2026-01-27T00:00:00+00:00 [running]> on host f2da44f39545
[2026-01-27T01:00:01.494+0000] {taskinstance.py:2480} INFO - Exporting env vars: AIRFLOW_CTX_DAG_OWNER='***' AIRFLOW_CTX_DAG_ID='the_graph_uniswap_v3_swaps' AIRFLOW_CTX_TASK_ID='fetch_and_store_swaps' AIRFLOW_CTX_EXECUTION_DATE='2026-01-27T00:00:00+00:00' AIRFLOW_CTX_TRY_NUMBER='1' AIRFLOW_CTX_DAG_RUN_ID='scheduled__2026-01-27T00:00:00+00:00'
[2026-01-27T01:00:01.501+0000] {logging_mixin.py:188} INFO - Incremental run: Last record at 2026-01-26 23:59:47. Fetching new swaps...
[2026-01-27T01:00:01.501+0000] {logging_mixin.py:188} INFO - Fetching swaps from 2026-01-26 23:59:48 to 2026-01-27 01:00:01.501648
[2026-01-27T01:00:04.120+0000] {logging_mixin.py:188} INFO - [01:00:04] Fetched 1000 swaps from token0_in (Total: 1000)
[2026-01-27T01:00:06.084+0000] {logging_mixin.py:188} INFO - [01:00:06] Fetched 1000 swaps from token0_in (Total: 2000)
[2026-01-27T01:00:06.567+0000] {logging_mixin.py:188} INFO - [01:00:06] Fetched 130 swaps from token0_in (Total: 2130)
[2026-01-27T01:00:07.809+0000] {logging_mixin.py:188} INFO - [01:00:07] Fetched 1000 swaps from token1_in (Total: 1000)
[2026-01-27T01:00:09.171+0000] {logging_mixin.py:188} INFO - [01:00:09] Fetched 1000 swaps from token1_in (Total: 2000)
[2026-01-27T01:00:10.677+0000] {logging_mixin.py:188} INFO - [01:00:10] Fetched 1000 swaps from token1_in (Total: 3000)
[2026-01-27T01:00:11.653+0000] {logging_mixin.py:188} INFO - [01:00:11] Fetched 744 swaps from token1_in (Total: 3744)
[2026-01-27T01:00:11.778+0000] {logging_mixin.py:188} INFO - Fetch complete. Total unique swaps processed: 4457
[2026-01-27T01:00:11.779+0000] {logging_mixin.py:188} INFO - Successfully synchronized swaps.
[2026-01-27T01:00:11.781+0000] {python.py:201} INFO - Done. Returned value was: None
[2026-01-27T01:00:11.784+0000] {logging_mixin.py:188} WARNING - /home/***/.local/lib/python3.8/site-packages/***/models/baseoperator.py:1469 RemovedInAirflow3Warning: Passing 'execution_date' to 'TaskInstance.xcom_push()' is deprecated.
[2026-01-27T01:00:11.797+0000] {taskinstance.py:1138} INFO - Marking task as SUCCESS. dag_id=the_graph_uniswap_v3_swaps, task_id=fetch_and_store_swaps, execution_date=20260127T000000, start_date=20260127T010001, end_date=20260127T010011
[2026-01-27T01:00:11.845+0000] {local_task_job_runner.py:234} INFO - Task exited with return code 0
[2026-01-27T01:00:11.855+0000] {taskinstance.py:3280} INFO - 0 downstream tasks scheduled from follow-on schedule check
