[2026-01-26T05:00:02.479+0000] {taskinstance.py:1956} INFO - Dependencies all met for dep_context=non-requeueable deps ti=<TaskInstance: the_graph_uniswap_v3_swaps.fetch_and_store_swaps scheduled__2026-01-26T04:00:00+00:00 [queued]>
[2026-01-26T05:00:02.487+0000] {taskinstance.py:1956} INFO - Dependencies all met for dep_context=requeueable deps ti=<TaskInstance: the_graph_uniswap_v3_swaps.fetch_and_store_swaps scheduled__2026-01-26T04:00:00+00:00 [queued]>
[2026-01-26T05:00:02.488+0000] {taskinstance.py:2170} INFO - Starting attempt 1 of 2
[2026-01-26T05:00:02.503+0000] {taskinstance.py:2191} INFO - Executing <Task(PythonOperator): fetch_and_store_swaps> on 2026-01-26 04:00:00+00:00
[2026-01-26T05:00:02.515+0000] {standard_task_runner.py:60} INFO - Started process 14523 to run task
[2026-01-26T05:00:02.522+0000] {standard_task_runner.py:87} INFO - Running: ['***', 'tasks', 'run', 'the_graph_uniswap_v3_swaps', 'fetch_and_store_swaps', 'scheduled__2026-01-26T04:00:00+00:00', '--job-id', '77', '--raw', '--subdir', 'DAGS_FOLDER/the_graph_uniswap_v3_swaps_dag.py', '--cfg-path', '/tmp/tmpxm0r6u0k']
[2026-01-26T05:00:02.527+0000] {standard_task_runner.py:88} INFO - Job 77: Subtask fetch_and_store_swaps
[2026-01-26T05:00:02.602+0000] {task_command.py:423} INFO - Running <TaskInstance: the_graph_uniswap_v3_swaps.fetch_and_store_swaps scheduled__2026-01-26T04:00:00+00:00 [running]> on host f2da44f39545
[2026-01-26T05:00:02.698+0000] {taskinstance.py:2480} INFO - Exporting env vars: AIRFLOW_CTX_DAG_OWNER='***' AIRFLOW_CTX_DAG_ID='the_graph_uniswap_v3_swaps' AIRFLOW_CTX_TASK_ID='fetch_and_store_swaps' AIRFLOW_CTX_EXECUTION_DATE='2026-01-26T04:00:00+00:00' AIRFLOW_CTX_TRY_NUMBER='1' AIRFLOW_CTX_DAG_RUN_ID='scheduled__2026-01-26T04:00:00+00:00'
[2026-01-26T05:00:02.718+0000] {logging_mixin.py:188} INFO - Incremental run: Last record at 2026-01-26 03:59:59. Fetching new swaps...
[2026-01-26T05:00:02.719+0000] {logging_mixin.py:188} INFO - Fetching swaps from 2026-01-26 04:00:00 to 2026-01-26 05:00:02.719205
[2026-01-26T05:00:04.655+0000] {logging_mixin.py:188} INFO - [05:00:04] Fetched 1000 swaps from token0_in (Total: 1000)
[2026-01-26T05:00:06.979+0000] {logging_mixin.py:188} INFO - [05:00:06] Fetched 1000 swaps from token0_in (Total: 2000)
[2026-01-26T05:00:09.036+0000] {logging_mixin.py:188} INFO - [05:00:09] Fetched 780 swaps from token0_in (Total: 2780)
[2026-01-26T05:00:10.671+0000] {logging_mixin.py:188} INFO - [05:00:10] Fetched 1000 swaps from token1_in (Total: 1000)
[2026-01-26T05:00:12.211+0000] {logging_mixin.py:188} INFO - [05:00:12] Fetched 1000 swaps from token1_in (Total: 2000)
[2026-01-26T05:00:13.602+0000] {logging_mixin.py:188} INFO - [05:00:13] Fetched 1000 swaps from token1_in (Total: 3000)
[2026-01-26T05:00:15.596+0000] {logging_mixin.py:188} INFO - [05:00:15] Fetched 1000 swaps from token1_in (Total: 4000)
[2026-01-26T05:00:16.648+0000] {logging_mixin.py:188} INFO - [05:00:16] Fetched 284 swaps from token1_in (Total: 4284)
[2026-01-26T05:00:16.855+0000] {logging_mixin.py:188} INFO - Fetch complete. Total unique swaps processed: 4759
[2026-01-26T05:00:16.857+0000] {logging_mixin.py:188} INFO - Successfully synchronized swaps.
[2026-01-26T05:00:16.890+0000] {python.py:201} INFO - Done. Returned value was: None
[2026-01-26T05:00:16.937+0000] {logging_mixin.py:188} WARNING - /home/***/.local/lib/python3.8/site-packages/***/models/baseoperator.py:1469 RemovedInAirflow3Warning: Passing 'execution_date' to 'TaskInstance.xcom_push()' is deprecated.
[2026-01-26T05:00:17.019+0000] {taskinstance.py:1138} INFO - Marking task as SUCCESS. dag_id=the_graph_uniswap_v3_swaps, task_id=fetch_and_store_swaps, execution_date=20260126T040000, start_date=20260126T050002, end_date=20260126T050017
[2026-01-26T05:00:17.125+0000] {local_task_job_runner.py:234} INFO - Task exited with return code 0
[2026-01-26T05:00:17.202+0000] {taskinstance.py:3280} INFO - 0 downstream tasks scheduled from follow-on schedule check
