[2026-01-26T15:00:03.384+0000] {taskinstance.py:1956} INFO - Dependencies all met for dep_context=non-requeueable deps ti=<TaskInstance: the_graph_uniswap_v3_swaps.fetch_and_store_swaps scheduled__2026-01-26T14:00:00+00:00 [queued]>
[2026-01-26T15:00:03.392+0000] {taskinstance.py:1956} INFO - Dependencies all met for dep_context=requeueable deps ti=<TaskInstance: the_graph_uniswap_v3_swaps.fetch_and_store_swaps scheduled__2026-01-26T14:00:00+00:00 [queued]>
[2026-01-26T15:00:03.392+0000] {taskinstance.py:2170} INFO - Starting attempt 1 of 2
[2026-01-26T15:00:03.404+0000] {taskinstance.py:2191} INFO - Executing <Task(PythonOperator): fetch_and_store_swaps> on 2026-01-26 14:00:00+00:00
[2026-01-26T15:00:03.411+0000] {standard_task_runner.py:60} INFO - Started process 53925 to run task
[2026-01-26T15:00:03.415+0000] {standard_task_runner.py:87} INFO - Running: ['***', 'tasks', 'run', 'the_graph_uniswap_v3_swaps', 'fetch_and_store_swaps', 'scheduled__2026-01-26T14:00:00+00:00', '--job-id', '128', '--raw', '--subdir', 'DAGS_FOLDER/the_graph_uniswap_v3_swaps_dag.py', '--cfg-path', '/tmp/tmpd7q7cmu1']
[2026-01-26T15:00:03.422+0000] {standard_task_runner.py:88} INFO - Job 128: Subtask fetch_and_store_swaps
[2026-01-26T15:00:03.562+0000] {task_command.py:423} INFO - Running <TaskInstance: the_graph_uniswap_v3_swaps.fetch_and_store_swaps scheduled__2026-01-26T14:00:00+00:00 [running]> on host f2da44f39545
[2026-01-26T15:00:03.678+0000] {taskinstance.py:2480} INFO - Exporting env vars: AIRFLOW_CTX_DAG_OWNER='***' AIRFLOW_CTX_DAG_ID='the_graph_uniswap_v3_swaps' AIRFLOW_CTX_TASK_ID='fetch_and_store_swaps' AIRFLOW_CTX_EXECUTION_DATE='2026-01-26T14:00:00+00:00' AIRFLOW_CTX_TRY_NUMBER='1' AIRFLOW_CTX_DAG_RUN_ID='scheduled__2026-01-26T14:00:00+00:00'
[2026-01-26T15:00:03.698+0000] {logging_mixin.py:188} INFO - Incremental run: Last record at 2026-01-26 13:59:59. Fetching new swaps...
[2026-01-26T15:00:03.699+0000] {logging_mixin.py:188} INFO - Fetching swaps from 2026-01-26 14:00:00 to 2026-01-26 15:00:03.699205
[2026-01-26T15:00:05.344+0000] {logging_mixin.py:188} INFO - [15:00:05] Fetched 1000 swaps from token0_in (Total: 1000)
[2026-01-26T15:00:07.715+0000] {logging_mixin.py:188} INFO - [15:00:07] Fetched 1000 swaps from token0_in (Total: 2000)
[2026-01-26T15:00:10.118+0000] {logging_mixin.py:188} INFO - [15:00:10] Fetched 1000 swaps from token0_in (Total: 3000)
[2026-01-26T15:00:12.169+0000] {logging_mixin.py:188} INFO - [15:00:12] Fetched 744 swaps from token0_in (Total: 3744)
[2026-01-26T15:00:14.015+0000] {logging_mixin.py:188} INFO - [15:00:14] Fetched 1000 swaps from token1_in (Total: 1000)
[2026-01-26T15:00:16.071+0000] {logging_mixin.py:188} INFO - [15:00:16] Fetched 1000 swaps from token1_in (Total: 2000)
[2026-01-26T15:00:17.651+0000] {logging_mixin.py:188} INFO - [15:00:17] Fetched 1000 swaps from token1_in (Total: 3000)
[2026-01-26T15:00:19.440+0000] {logging_mixin.py:188} INFO - [15:00:19] Fetched 1000 swaps from token1_in (Total: 4000)
[2026-01-26T15:00:20.881+0000] {logging_mixin.py:188} INFO - [15:00:20] Fetched 1000 swaps from token1_in (Total: 5000)
[2026-01-26T15:00:21.684+0000] {logging_mixin.py:188} INFO - [15:00:21] Fetched 207 swaps from token1_in (Total: 5207)
[2026-01-26T15:00:21.792+0000] {logging_mixin.py:188} INFO - Fetch complete. Total unique swaps processed: 5805
[2026-01-26T15:00:21.792+0000] {logging_mixin.py:188} INFO - Successfully synchronized swaps.
[2026-01-26T15:00:21.809+0000] {python.py:201} INFO - Done. Returned value was: None
[2026-01-26T15:00:21.831+0000] {logging_mixin.py:188} WARNING - /home/***/.local/lib/python3.8/site-packages/***/models/baseoperator.py:1469 RemovedInAirflow3Warning: Passing 'execution_date' to 'TaskInstance.xcom_push()' is deprecated.
[2026-01-26T15:00:21.879+0000] {taskinstance.py:1138} INFO - Marking task as SUCCESS. dag_id=the_graph_uniswap_v3_swaps, task_id=fetch_and_store_swaps, execution_date=20260126T140000, start_date=20260126T150003, end_date=20260126T150021
[2026-01-26T15:00:21.940+0000] {local_task_job_runner.py:234} INFO - Task exited with return code 0
[2026-01-26T15:00:21.980+0000] {taskinstance.py:3280} INFO - 0 downstream tasks scheduled from follow-on schedule check
