[2026-01-26T18:10:38.819+0000] {taskinstance.py:1956} INFO - Dependencies all met for dep_context=non-requeueable deps ti=<TaskInstance: the_graph_uniswap_v3_swaps.fetch_and_store_swaps scheduled__2026-01-26T17:00:00+00:00 [queued]>
[2026-01-26T18:10:38.824+0000] {taskinstance.py:1956} INFO - Dependencies all met for dep_context=requeueable deps ti=<TaskInstance: the_graph_uniswap_v3_swaps.fetch_and_store_swaps scheduled__2026-01-26T17:00:00+00:00 [queued]>
[2026-01-26T18:10:38.825+0000] {taskinstance.py:2170} INFO - Starting attempt 1 of 2
[2026-01-26T18:10:38.833+0000] {taskinstance.py:2191} INFO - Executing <Task(PythonOperator): fetch_and_store_swaps> on 2026-01-26 17:00:00+00:00
[2026-01-26T18:10:38.837+0000] {standard_task_runner.py:60} INFO - Started process 12955 to run task
[2026-01-26T18:10:38.839+0000] {standard_task_runner.py:87} INFO - Running: ['***', 'tasks', 'run', 'the_graph_uniswap_v3_swaps', 'fetch_and_store_swaps', 'scheduled__2026-01-26T17:00:00+00:00', '--job-id', '137', '--raw', '--subdir', 'DAGS_FOLDER/the_graph_uniswap_v3_swaps_dag.py', '--cfg-path', '/tmp/tmpg_y4032i']
[2026-01-26T18:10:38.841+0000] {standard_task_runner.py:88} INFO - Job 137: Subtask fetch_and_store_swaps
[2026-01-26T18:10:38.877+0000] {task_command.py:423} INFO - Running <TaskInstance: the_graph_uniswap_v3_swaps.fetch_and_store_swaps scheduled__2026-01-26T17:00:00+00:00 [running]> on host f2da44f39545
[2026-01-26T18:10:38.929+0000] {taskinstance.py:2480} INFO - Exporting env vars: AIRFLOW_CTX_DAG_OWNER='***' AIRFLOW_CTX_DAG_ID='the_graph_uniswap_v3_swaps' AIRFLOW_CTX_TASK_ID='fetch_and_store_swaps' AIRFLOW_CTX_EXECUTION_DATE='2026-01-26T17:00:00+00:00' AIRFLOW_CTX_TRY_NUMBER='1' AIRFLOW_CTX_DAG_RUN_ID='scheduled__2026-01-26T17:00:00+00:00'
[2026-01-26T18:10:38.934+0000] {logging_mixin.py:188} INFO - Incremental run: Last record at 2026-01-26 15:59:59. Fetching new swaps...
[2026-01-26T18:10:38.934+0000] {logging_mixin.py:188} INFO - Fetching swaps from 2026-01-26 16:00:00 to 2026-01-26 18:10:38.934827
[2026-01-26T18:10:40.144+0000] {logging_mixin.py:188} INFO - [18:10:40] Fetched 1000 swaps from token0_in (Total: 1000)
[2026-01-26T18:10:41.518+0000] {logging_mixin.py:188} INFO - [18:10:41] Fetched 1000 swaps from token0_in (Total: 2000)
[2026-01-26T18:10:42.732+0000] {logging_mixin.py:188} INFO - [18:10:42] Fetched 1000 swaps from token0_in (Total: 3000)
[2026-01-26T18:43:08.238+0000] {logging_mixin.py:188} INFO - [18:43:08] Request failed (attempt 1/3): HTTPSConnectionPool(host='gateway.thegraph.com', port=443): Read timed out. (read timeout=30)
[2026-01-26T18:43:12.374+0000] {logging_mixin.py:188} INFO - [18:43:12] Fetched 1000 swaps from token0_in (Total: 4000)
[2026-01-26T18:43:17.768+0000] {logging_mixin.py:188} INFO - [18:43:17] Fetched 1000 swaps from token0_in (Total: 5000)
[2026-01-26T18:43:20.603+0000] {logging_mixin.py:188} INFO - [18:43:20] Fetched 1000 swaps from token0_in (Total: 6000)
[2026-01-26T18:43:22.688+0000] {logging_mixin.py:188} INFO - [18:43:22] Fetched 1000 swaps from token0_in (Total: 7000)
[2026-01-26T18:43:23.304+0000] {logging_mixin.py:188} INFO - [18:43:23] Fetched 154 swaps from token0_in (Total: 7154)
[2026-01-26T18:43:24.531+0000] {logging_mixin.py:188} INFO - [18:43:24] Fetched 1000 swaps from token1_in (Total: 1000)
[2026-01-26T18:43:25.826+0000] {logging_mixin.py:188} INFO - [18:43:25] Fetched 1000 swaps from token1_in (Total: 2000)
[2026-01-26T18:43:27.593+0000] {logging_mixin.py:188} INFO - [18:43:27] Fetched 1000 swaps from token1_in (Total: 3000)
[2026-01-26T18:43:28.894+0000] {logging_mixin.py:188} INFO - [18:43:28] Fetched 1000 swaps from token1_in (Total: 4000)
[2026-01-26T18:43:30.131+0000] {logging_mixin.py:188} INFO - [18:43:30] Fetched 1000 swaps from token1_in (Total: 5000)
[2026-01-26T18:43:31.378+0000] {logging_mixin.py:188} INFO - [18:43:31] Fetched 1000 swaps from token1_in (Total: 6000)
[2026-01-26T18:43:32.556+0000] {logging_mixin.py:188} INFO - [18:43:32] Fetched 1000 swaps from token1_in (Total: 7000)
[2026-01-26T18:43:33.644+0000] {logging_mixin.py:188} INFO - [18:43:33] Fetched 1000 swaps from token1_in (Total: 8000)
[2026-01-26T18:43:34.718+0000] {logging_mixin.py:188} INFO - [18:43:34] Fetched 1000 swaps from token1_in (Total: 9000)
[2026-01-26T18:43:35.345+0000] {logging_mixin.py:188} INFO - [18:43:35] Fetched 468 swaps from token1_in (Total: 9468)
[2026-01-26T18:43:35.414+0000] {logging_mixin.py:188} INFO - Fetch complete. Total unique swaps processed: 10804
[2026-01-26T18:43:35.414+0000] {logging_mixin.py:188} INFO - Successfully synchronized swaps.
[2026-01-26T18:43:35.418+0000] {python.py:201} INFO - Done. Returned value was: None
[2026-01-26T18:43:35.422+0000] {logging_mixin.py:188} WARNING - /home/***/.local/lib/python3.8/site-packages/***/models/baseoperator.py:1469 RemovedInAirflow3Warning: Passing 'execution_date' to 'TaskInstance.xcom_push()' is deprecated.
[2026-01-26T18:43:35.435+0000] {taskinstance.py:1138} INFO - Marking task as SUCCESS. dag_id=the_graph_uniswap_v3_swaps, task_id=fetch_and_store_swaps, execution_date=20260126T170000, start_date=20260126T181038, end_date=20260126T184335
[2026-01-26T18:43:35.475+0000] {local_task_job_runner.py:234} INFO - Task exited with return code 0
[2026-01-26T18:43:35.484+0000] {taskinstance.py:3280} INFO - 0 downstream tasks scheduled from follow-on schedule check
