[2026-01-27T05:05:33.069+0000] {taskinstance.py:1956} INFO - Dependencies all met for dep_context=non-requeueable deps ti=<TaskInstance: the_graph_uniswap_v3_swaps.fetch_and_store_swaps scheduled__2026-01-27T04:00:00+00:00 [queued]>
[2026-01-27T05:05:33.074+0000] {taskinstance.py:1956} INFO - Dependencies all met for dep_context=requeueable deps ti=<TaskInstance: the_graph_uniswap_v3_swaps.fetch_and_store_swaps scheduled__2026-01-27T04:00:00+00:00 [queued]>
[2026-01-27T05:05:33.075+0000] {taskinstance.py:2170} INFO - Starting attempt 1 of 2
[2026-01-27T05:05:33.083+0000] {taskinstance.py:2191} INFO - Executing <Task(PythonOperator): fetch_and_store_swaps> on 2026-01-27 04:00:00+00:00
[2026-01-27T05:05:33.086+0000] {standard_task_runner.py:60} INFO - Started process 79574 to run task
[2026-01-27T05:05:33.089+0000] {standard_task_runner.py:87} INFO - Running: ['***', 'tasks', 'run', 'the_graph_uniswap_v3_swaps', 'fetch_and_store_swaps', 'scheduled__2026-01-27T04:00:00+00:00', '--job-id', '188', '--raw', '--subdir', 'DAGS_FOLDER/the_graph_uniswap_v3_swaps_dag.py', '--cfg-path', '/tmp/tmpd83bgg71']
[2026-01-27T05:05:33.091+0000] {standard_task_runner.py:88} INFO - Job 188: Subtask fetch_and_store_swaps
[2026-01-27T05:05:33.123+0000] {task_command.py:423} INFO - Running <TaskInstance: the_graph_uniswap_v3_swaps.fetch_and_store_swaps scheduled__2026-01-27T04:00:00+00:00 [running]> on host f2da44f39545
[2026-01-27T05:05:33.173+0000] {taskinstance.py:2480} INFO - Exporting env vars: AIRFLOW_CTX_DAG_OWNER='***' AIRFLOW_CTX_DAG_ID='the_graph_uniswap_v3_swaps' AIRFLOW_CTX_TASK_ID='fetch_and_store_swaps' AIRFLOW_CTX_EXECUTION_DATE='2026-01-27T04:00:00+00:00' AIRFLOW_CTX_TRY_NUMBER='1' AIRFLOW_CTX_DAG_RUN_ID='scheduled__2026-01-27T04:00:00+00:00'
[2026-01-27T05:05:33.180+0000] {logging_mixin.py:188} INFO - Incremental run: Last record at 2026-01-27 03:59:47. Fetching new swaps...
[2026-01-27T05:05:33.181+0000] {logging_mixin.py:188} INFO - Fetching swaps from 2026-01-27 03:59:48 to 2026-01-27 05:05:33.181809
[2026-01-27T05:05:35.431+0000] {logging_mixin.py:188} INFO - [05:05:35] Fetched 1000 swaps from token0_in (Total: 1000)
[2026-01-27T05:05:36.968+0000] {logging_mixin.py:188} INFO - [05:05:36] Fetched 1000 swaps from token0_in (Total: 2000)
[2026-01-27T05:05:37.712+0000] {logging_mixin.py:188} INFO - [05:05:37] Fetched 402 swaps from token0_in (Total: 2402)
[2026-01-27T05:05:40.091+0000] {logging_mixin.py:188} INFO - [05:05:40] Fetched 1000 swaps from token1_in (Total: 1000)
[2026-01-27T05:05:41.348+0000] {logging_mixin.py:188} INFO - [05:05:41] Fetched 1000 swaps from token1_in (Total: 2000)
[2026-01-27T05:05:43.160+0000] {logging_mixin.py:188} INFO - [05:05:43] Fetched 1000 swaps from token1_in (Total: 3000)
[2026-01-27T05:05:44.207+0000] {logging_mixin.py:188} INFO - [05:05:44] Fetched 814 swaps from token1_in (Total: 3814)
[2026-01-27T05:05:44.355+0000] {logging_mixin.py:188} INFO - Fetch complete. Total unique swaps processed: 4235
[2026-01-27T05:05:44.356+0000] {logging_mixin.py:188} INFO - Successfully synchronized swaps.
[2026-01-27T05:05:44.360+0000] {python.py:201} INFO - Done. Returned value was: None
[2026-01-27T05:05:44.364+0000] {logging_mixin.py:188} WARNING - /home/***/.local/lib/python3.8/site-packages/***/models/baseoperator.py:1469 RemovedInAirflow3Warning: Passing 'execution_date' to 'TaskInstance.xcom_push()' is deprecated.
[2026-01-27T05:05:44.376+0000] {taskinstance.py:1138} INFO - Marking task as SUCCESS. dag_id=the_graph_uniswap_v3_swaps, task_id=fetch_and_store_swaps, execution_date=20260127T040000, start_date=20260127T050533, end_date=20260127T050544
[2026-01-27T05:05:44.414+0000] {local_task_job_runner.py:234} INFO - Task exited with return code 0
[2026-01-27T05:05:44.426+0000] {taskinstance.py:3280} INFO - 0 downstream tasks scheduled from follow-on schedule check
