[2026-01-25T21:00:03.825+0000] {taskinstance.py:1956} INFO - Dependencies all met for dep_context=non-requeueable deps ti=<TaskInstance: the_graph_uniswap_v3_swaps.fetch_and_store_swaps scheduled__2026-01-25T20:00:00+00:00 [queued]>
[2026-01-25T21:00:03.834+0000] {taskinstance.py:1956} INFO - Dependencies all met for dep_context=requeueable deps ti=<TaskInstance: the_graph_uniswap_v3_swaps.fetch_and_store_swaps scheduled__2026-01-25T20:00:00+00:00 [queued]>
[2026-01-25T21:00:03.835+0000] {taskinstance.py:2170} INFO - Starting attempt 1 of 2
[2026-01-25T21:00:03.847+0000] {taskinstance.py:2191} INFO - Executing <Task(PythonOperator): fetch_and_store_swaps> on 2026-01-25 20:00:00+00:00
[2026-01-25T21:00:03.860+0000] {standard_task_runner.py:60} INFO - Started process 94652 to run task
[2026-01-25T21:00:03.877+0000] {standard_task_runner.py:87} INFO - Running: ['***', 'tasks', 'run', 'the_graph_uniswap_v3_swaps', 'fetch_and_store_swaps', 'scheduled__2026-01-25T20:00:00+00:00', '--job-id', '40', '--raw', '--subdir', 'DAGS_FOLDER/the_graph_uniswap_v3_swaps_dag.py', '--cfg-path', '/tmp/tmpxmio3mmo']
[2026-01-25T21:00:03.884+0000] {standard_task_runner.py:88} INFO - Job 40: Subtask fetch_and_store_swaps
[2026-01-25T21:00:04.126+0000] {task_command.py:423} INFO - Running <TaskInstance: the_graph_uniswap_v3_swaps.fetch_and_store_swaps scheduled__2026-01-25T20:00:00+00:00 [running]> on host f2da44f39545
[2026-01-25T21:00:04.298+0000] {taskinstance.py:2480} INFO - Exporting env vars: AIRFLOW_CTX_DAG_OWNER='***' AIRFLOW_CTX_DAG_ID='the_graph_uniswap_v3_swaps' AIRFLOW_CTX_TASK_ID='fetch_and_store_swaps' AIRFLOW_CTX_EXECUTION_DATE='2026-01-25T20:00:00+00:00' AIRFLOW_CTX_TRY_NUMBER='1' AIRFLOW_CTX_DAG_RUN_ID='scheduled__2026-01-25T20:00:00+00:00'
[2026-01-25T21:00:04.350+0000] {logging_mixin.py:188} INFO - Incremental run: Last record at 2026-01-25 19:59:59. Fetching new swaps...
[2026-01-25T21:00:04.351+0000] {logging_mixin.py:188} INFO - Fetching swaps from 2026-01-25 20:00:00 to 2026-01-25 21:00:04.351495
[2026-01-25T21:00:06.720+0000] {logging_mixin.py:188} INFO - [21:00:06] Fetched 1000 swaps from token0_in (Total: 1000)
[2026-01-25T21:00:09.279+0000] {logging_mixin.py:188} INFO - [21:00:09] Fetched 1000 swaps from token0_in (Total: 2000)
[2026-01-25T21:00:11.825+0000] {logging_mixin.py:188} INFO - [21:00:11] Fetched 1000 swaps from token0_in (Total: 3000)
[2026-01-25T21:00:13.945+0000] {logging_mixin.py:188} INFO - [21:00:13] Fetched 1000 swaps from token0_in (Total: 4000)
[2026-01-25T21:00:16.191+0000] {logging_mixin.py:188} INFO - [21:00:16] Fetched 1000 swaps from token0_in (Total: 5000)
[2026-01-25T21:00:17.474+0000] {logging_mixin.py:188} INFO - [21:00:17] Fetched 141 swaps from token0_in (Total: 5141)
[2026-01-25T21:00:18.684+0000] {logging_mixin.py:188} INFO - [21:00:18] Fetched 1000 swaps from token1_in (Total: 1000)
[2026-01-25T21:00:20.388+0000] {logging_mixin.py:188} INFO - [21:00:20] Fetched 1000 swaps from token1_in (Total: 2000)
[2026-01-25T21:00:21.953+0000] {logging_mixin.py:188} INFO - [21:00:21] Fetched 1000 swaps from token1_in (Total: 3000)
[2026-01-25T21:00:23.590+0000] {logging_mixin.py:188} INFO - [21:00:23] Fetched 1000 swaps from token1_in (Total: 4000)
[2026-01-25T21:00:24.892+0000] {logging_mixin.py:188} INFO - [21:00:24] Fetched 1000 swaps from token1_in (Total: 5000)
[2026-01-25T21:00:26.269+0000] {logging_mixin.py:188} INFO - [21:00:26] Fetched 1000 swaps from token1_in (Total: 6000)
[2026-01-25T21:00:27.475+0000] {logging_mixin.py:188} INFO - [21:00:27] Fetched 726 swaps from token1_in (Total: 6726)
[2026-01-25T21:00:27.752+0000] {logging_mixin.py:188} INFO - Fetch complete. Total unique swaps processed: 7374
[2026-01-25T21:00:27.754+0000] {logging_mixin.py:188} INFO - Successfully synchronized swaps.
[2026-01-25T21:00:27.773+0000] {python.py:201} INFO - Done. Returned value was: None
[2026-01-25T21:00:27.803+0000] {logging_mixin.py:188} WARNING - /home/***/.local/lib/python3.8/site-packages/***/models/baseoperator.py:1469 RemovedInAirflow3Warning: Passing 'execution_date' to 'TaskInstance.xcom_push()' is deprecated.
[2026-01-25T21:00:27.869+0000] {taskinstance.py:1138} INFO - Marking task as SUCCESS. dag_id=the_graph_uniswap_v3_swaps, task_id=fetch_and_store_swaps, execution_date=20260125T200000, start_date=20260125T210003, end_date=20260125T210027
[2026-01-25T21:00:27.948+0000] {local_task_job_runner.py:234} INFO - Task exited with return code 0
[2026-01-25T21:00:27.988+0000] {taskinstance.py:3280} INFO - 0 downstream tasks scheduled from follow-on schedule check
