[2026-01-27T00:00:01.224+0000] {taskinstance.py:1956} INFO - Dependencies all met for dep_context=non-requeueable deps ti=<TaskInstance: the_graph_uniswap_v3_swaps.fetch_and_store_swaps scheduled__2026-01-26T23:00:00+00:00 [queued]>
[2026-01-27T00:00:01.229+0000] {taskinstance.py:1956} INFO - Dependencies all met for dep_context=requeueable deps ti=<TaskInstance: the_graph_uniswap_v3_swaps.fetch_and_store_swaps scheduled__2026-01-26T23:00:00+00:00 [queued]>
[2026-01-27T00:00:01.229+0000] {taskinstance.py:2170} INFO - Starting attempt 1 of 2
[2026-01-27T00:00:01.239+0000] {taskinstance.py:2191} INFO - Executing <Task(PythonOperator): fetch_and_store_swaps> on 2026-01-26 23:00:00+00:00
[2026-01-27T00:00:01.243+0000] {standard_task_runner.py:60} INFO - Started process 67473 to run task
[2026-01-27T00:00:01.246+0000] {standard_task_runner.py:87} INFO - Running: ['***', 'tasks', 'run', 'the_graph_uniswap_v3_swaps', 'fetch_and_store_swaps', 'scheduled__2026-01-26T23:00:00+00:00', '--job-id', '164', '--raw', '--subdir', 'DAGS_FOLDER/the_graph_uniswap_v3_swaps_dag.py', '--cfg-path', '/tmp/tmp9j6vr2u3']
[2026-01-27T00:00:01.249+0000] {standard_task_runner.py:88} INFO - Job 164: Subtask fetch_and_store_swaps
[2026-01-27T00:00:01.289+0000] {task_command.py:423} INFO - Running <TaskInstance: the_graph_uniswap_v3_swaps.fetch_and_store_swaps scheduled__2026-01-26T23:00:00+00:00 [running]> on host f2da44f39545
[2026-01-27T00:00:01.343+0000] {taskinstance.py:2480} INFO - Exporting env vars: AIRFLOW_CTX_DAG_OWNER='***' AIRFLOW_CTX_DAG_ID='the_graph_uniswap_v3_swaps' AIRFLOW_CTX_TASK_ID='fetch_and_store_swaps' AIRFLOW_CTX_EXECUTION_DATE='2026-01-26T23:00:00+00:00' AIRFLOW_CTX_TRY_NUMBER='1' AIRFLOW_CTX_DAG_RUN_ID='scheduled__2026-01-26T23:00:00+00:00'
[2026-01-27T00:00:01.351+0000] {logging_mixin.py:188} INFO - Incremental run: Last record at 2026-01-26 23:52:59. Fetching new swaps...
[2026-01-27T00:00:01.351+0000] {logging_mixin.py:188} INFO - Fetching swaps from 2026-01-26 23:53:00 to 2026-01-27 00:00:01.351611
[2026-01-27T00:00:01.886+0000] {logging_mixin.py:188} INFO - [00:00:01] Fetched 277 swaps from token0_in (Total: 277)
[2026-01-27T00:00:02.413+0000] {logging_mixin.py:188} INFO - [00:00:02] Fetched 478 swaps from token1_in (Total: 478)
[2026-01-27T00:00:02.497+0000] {logging_mixin.py:188} INFO - Fetch complete. Total unique swaps processed: 531
[2026-01-27T00:00:02.498+0000] {logging_mixin.py:188} INFO - Successfully synchronized swaps.
[2026-01-27T00:00:02.499+0000] {python.py:201} INFO - Done. Returned value was: None
[2026-01-27T00:00:02.503+0000] {logging_mixin.py:188} WARNING - /home/***/.local/lib/python3.8/site-packages/***/models/baseoperator.py:1469 RemovedInAirflow3Warning: Passing 'execution_date' to 'TaskInstance.xcom_push()' is deprecated.
[2026-01-27T00:00:02.514+0000] {taskinstance.py:1138} INFO - Marking task as SUCCESS. dag_id=the_graph_uniswap_v3_swaps, task_id=fetch_and_store_swaps, execution_date=20260126T230000, start_date=20260127T000001, end_date=20260127T000002
[2026-01-27T00:00:02.543+0000] {local_task_job_runner.py:234} INFO - Task exited with return code 0
[2026-01-27T00:00:02.554+0000] {taskinstance.py:3280} INFO - 0 downstream tasks scheduled from follow-on schedule check
