[2026-01-26T04:00:01.236+0000] {taskinstance.py:1956} INFO - Dependencies all met for dep_context=non-requeueable deps ti=<TaskInstance: the_graph_uniswap_v3_swaps.fetch_and_store_swaps scheduled__2026-01-26T03:00:00+00:00 [queued]>
[2026-01-26T04:00:01.244+0000] {taskinstance.py:1956} INFO - Dependencies all met for dep_context=requeueable deps ti=<TaskInstance: the_graph_uniswap_v3_swaps.fetch_and_store_swaps scheduled__2026-01-26T03:00:00+00:00 [queued]>
[2026-01-26T04:00:01.244+0000] {taskinstance.py:2170} INFO - Starting attempt 1 of 2
[2026-01-26T04:00:01.253+0000] {taskinstance.py:2191} INFO - Executing <Task(PythonOperator): fetch_and_store_swaps> on 2026-01-26 03:00:00+00:00
[2026-01-26T04:00:01.259+0000] {standard_task_runner.py:60} INFO - Started process 30028 to run task
[2026-01-26T04:00:01.266+0000] {standard_task_runner.py:87} INFO - Running: ['***', 'tasks', 'run', 'the_graph_uniswap_v3_swaps', 'fetch_and_store_swaps', 'scheduled__2026-01-26T03:00:00+00:00', '--job-id', '72', '--raw', '--subdir', 'DAGS_FOLDER/the_graph_uniswap_v3_swaps_dag.py', '--cfg-path', '/tmp/tmp9tzrleek']
[2026-01-26T04:00:01.274+0000] {standard_task_runner.py:88} INFO - Job 72: Subtask fetch_and_store_swaps
[2026-01-26T04:00:01.332+0000] {task_command.py:423} INFO - Running <TaskInstance: the_graph_uniswap_v3_swaps.fetch_and_store_swaps scheduled__2026-01-26T03:00:00+00:00 [running]> on host f2da44f39545
[2026-01-26T04:00:01.395+0000] {taskinstance.py:2480} INFO - Exporting env vars: AIRFLOW_CTX_DAG_OWNER='***' AIRFLOW_CTX_DAG_ID='the_graph_uniswap_v3_swaps' AIRFLOW_CTX_TASK_ID='fetch_and_store_swaps' AIRFLOW_CTX_EXECUTION_DATE='2026-01-26T03:00:00+00:00' AIRFLOW_CTX_TRY_NUMBER='1' AIRFLOW_CTX_DAG_RUN_ID='scheduled__2026-01-26T03:00:00+00:00'
[2026-01-26T04:00:01.409+0000] {logging_mixin.py:188} INFO - Incremental run: Last record at 2026-01-26 02:59:47. Fetching new swaps...
[2026-01-26T04:00:01.409+0000] {logging_mixin.py:188} INFO - Fetching swaps from 2026-01-26 02:59:48 to 2026-01-26 04:00:01.409758
[2026-01-26T04:00:18.311+0000] {logging_mixin.py:188} INFO - [04:00:18] Request failed (attempt 1/3): HTTPSConnectionPool(host='gateway.thegraph.com', port=443): Max retries exceeded with url: /api/ed92ce6476320a3dc899d334acb3998a/subgraphs/id/5zvR82QoaXYFyDEKLZ9t6v9adgnptxYpKpSbxtgVENFV (Caused by SSLError(SSLZeroReturnError(6, 'TLS/SSL connection has been closed (EOF) (_ssl.c:1131)')))
[2026-01-26T04:00:42.204+0000] {logging_mixin.py:188} INFO - [04:00:42] Fetched 1000 swaps from token0_in (Total: 1000)
[2026-01-26T04:00:56.674+0000] {logging_mixin.py:188} INFO - [04:00:56] Fetched 1000 swaps from token0_in (Total: 2000)
[2026-01-26T04:00:58.596+0000] {logging_mixin.py:188} INFO - [04:00:58] Fetched 926 swaps from token0_in (Total: 2926)
[2026-01-26T04:01:00.907+0000] {logging_mixin.py:188} INFO - [04:01:00] Fetched 1000 swaps from token1_in (Total: 1000)
[2026-01-26T04:01:02.609+0000] {logging_mixin.py:188} INFO - [04:01:02] Fetched 1000 swaps from token1_in (Total: 2000)
[2026-01-26T04:01:04.475+0000] {logging_mixin.py:188} INFO - [04:01:04] Fetched 1000 swaps from token1_in (Total: 3000)
[2026-01-26T04:01:06.172+0000] {logging_mixin.py:188} INFO - [04:01:06] Fetched 1000 swaps from token1_in (Total: 4000)
[2026-01-26T04:01:07.865+0000] {logging_mixin.py:188} INFO - [04:01:07] Fetched 414 swaps from token1_in (Total: 4414)
[2026-01-26T04:01:08.051+0000] {logging_mixin.py:188} INFO - Fetch complete. Total unique swaps processed: 4899
[2026-01-26T04:01:08.051+0000] {logging_mixin.py:188} INFO - Successfully synchronized swaps.
[2026-01-26T04:01:08.075+0000] {python.py:201} INFO - Done. Returned value was: None
[2026-01-26T04:01:08.114+0000] {logging_mixin.py:188} WARNING - /home/***/.local/lib/python3.8/site-packages/***/models/baseoperator.py:1469 RemovedInAirflow3Warning: Passing 'execution_date' to 'TaskInstance.xcom_push()' is deprecated.
[2026-01-26T04:01:08.191+0000] {taskinstance.py:1138} INFO - Marking task as SUCCESS. dag_id=the_graph_uniswap_v3_swaps, task_id=fetch_and_store_swaps, execution_date=20260126T030000, start_date=20260126T040001, end_date=20260126T040108
[2026-01-26T04:01:08.268+0000] {local_task_job_runner.py:234} INFO - Task exited with return code 0
[2026-01-26T04:01:08.354+0000] {taskinstance.py:3280} INFO - 0 downstream tasks scheduled from follow-on schedule check
