[2026-01-26T06:00:03.828+0000] {taskinstance.py:1956} INFO - Dependencies all met for dep_context=non-requeueable deps ti=<TaskInstance: the_graph_uniswap_v3_swaps.fetch_and_store_swaps scheduled__2026-01-26T05:00:00+00:00 [queued]>
[2026-01-26T06:00:03.835+0000] {taskinstance.py:1956} INFO - Dependencies all met for dep_context=requeueable deps ti=<TaskInstance: the_graph_uniswap_v3_swaps.fetch_and_store_swaps scheduled__2026-01-26T05:00:00+00:00 [queued]>
[2026-01-26T06:00:03.836+0000] {taskinstance.py:2170} INFO - Starting attempt 1 of 2
[2026-01-26T06:00:03.849+0000] {taskinstance.py:2191} INFO - Executing <Task(PythonOperator): fetch_and_store_swaps> on 2026-01-26 05:00:00+00:00
[2026-01-26T06:00:03.863+0000] {standard_task_runner.py:60} INFO - Started process 54633 to run task
[2026-01-26T06:00:03.869+0000] {standard_task_runner.py:87} INFO - Running: ['***', 'tasks', 'run', 'the_graph_uniswap_v3_swaps', 'fetch_and_store_swaps', 'scheduled__2026-01-26T05:00:00+00:00', '--job-id', '82', '--raw', '--subdir', 'DAGS_FOLDER/the_graph_uniswap_v3_swaps_dag.py', '--cfg-path', '/tmp/tmpjxl5pbtc']
[2026-01-26T06:00:03.878+0000] {standard_task_runner.py:88} INFO - Job 82: Subtask fetch_and_store_swaps
[2026-01-26T06:00:04.014+0000] {task_command.py:423} INFO - Running <TaskInstance: the_graph_uniswap_v3_swaps.fetch_and_store_swaps scheduled__2026-01-26T05:00:00+00:00 [running]> on host f2da44f39545
[2026-01-26T06:00:04.097+0000] {taskinstance.py:2480} INFO - Exporting env vars: AIRFLOW_CTX_DAG_OWNER='***' AIRFLOW_CTX_DAG_ID='the_graph_uniswap_v3_swaps' AIRFLOW_CTX_TASK_ID='fetch_and_store_swaps' AIRFLOW_CTX_EXECUTION_DATE='2026-01-26T05:00:00+00:00' AIRFLOW_CTX_TRY_NUMBER='1' AIRFLOW_CTX_DAG_RUN_ID='scheduled__2026-01-26T05:00:00+00:00'
[2026-01-26T06:00:04.113+0000] {logging_mixin.py:188} INFO - Incremental run: Last record at 2026-01-26 04:59:59. Fetching new swaps...
[2026-01-26T06:00:04.114+0000] {logging_mixin.py:188} INFO - Fetching swaps from 2026-01-26 05:00:00 to 2026-01-26 06:00:04.114103
[2026-01-26T06:00:05.484+0000] {logging_mixin.py:188} INFO - [06:00:05] Fetched 1000 swaps from token0_in (Total: 1000)
[2026-01-26T06:00:07.359+0000] {logging_mixin.py:188} INFO - [06:00:07] Fetched 1000 swaps from token0_in (Total: 2000)
[2026-01-26T06:00:09.012+0000] {logging_mixin.py:188} INFO - [06:00:09] Fetched 215 swaps from token0_in (Total: 2215)
[2026-01-26T06:00:10.142+0000] {logging_mixin.py:188} INFO - [06:00:10] Fetched 1000 swaps from token1_in (Total: 1000)
[2026-01-26T06:00:11.588+0000] {logging_mixin.py:188} INFO - [06:00:11] Fetched 1000 swaps from token1_in (Total: 2000)
[2026-01-26T06:00:13.080+0000] {logging_mixin.py:188} INFO - [06:00:13] Fetched 1000 swaps from token1_in (Total: 3000)
[2026-01-26T06:00:14.874+0000] {logging_mixin.py:188} INFO - [06:00:14] Fetched 366 swaps from token1_in (Total: 3366)
[2026-01-26T06:00:15.144+0000] {logging_mixin.py:188} INFO - Fetch complete. Total unique swaps processed: 3791
[2026-01-26T06:00:15.144+0000] {logging_mixin.py:188} INFO - Successfully synchronized swaps.
[2026-01-26T06:00:15.185+0000] {python.py:201} INFO - Done. Returned value was: None
[2026-01-26T06:00:15.206+0000] {logging_mixin.py:188} WARNING - /home/***/.local/lib/python3.8/site-packages/***/models/baseoperator.py:1469 RemovedInAirflow3Warning: Passing 'execution_date' to 'TaskInstance.xcom_push()' is deprecated.
[2026-01-26T06:00:15.249+0000] {taskinstance.py:1138} INFO - Marking task as SUCCESS. dag_id=the_graph_uniswap_v3_swaps, task_id=fetch_and_store_swaps, execution_date=20260126T050000, start_date=20260126T060003, end_date=20260126T060015
[2026-01-26T06:00:15.291+0000] {local_task_job_runner.py:234} INFO - Task exited with return code 0
[2026-01-26T06:00:15.325+0000] {taskinstance.py:3280} INFO - 0 downstream tasks scheduled from follow-on schedule check
