[2026-01-26T12:02:27.111+0000] {taskinstance.py:1956} INFO - Dependencies all met for dep_context=non-requeueable deps ti=<TaskInstance: the_graph_uniswap_v3_swaps.fetch_and_store_swaps scheduled__2026-01-26T11:00:00+00:00 [queued]>
[2026-01-26T12:02:27.127+0000] {taskinstance.py:1956} INFO - Dependencies all met for dep_context=requeueable deps ti=<TaskInstance: the_graph_uniswap_v3_swaps.fetch_and_store_swaps scheduled__2026-01-26T11:00:00+00:00 [queued]>
[2026-01-26T12:02:27.127+0000] {taskinstance.py:2170} INFO - Starting attempt 1 of 2
[2026-01-26T12:02:27.150+0000] {taskinstance.py:2191} INFO - Executing <Task(PythonOperator): fetch_and_store_swaps> on 2026-01-26 11:00:00+00:00
[2026-01-26T12:02:27.168+0000] {standard_task_runner.py:60} INFO - Started process 76902 to run task
[2026-01-26T12:02:27.179+0000] {standard_task_runner.py:87} INFO - Running: ['***', 'tasks', 'run', 'the_graph_uniswap_v3_swaps', 'fetch_and_store_swaps', 'scheduled__2026-01-26T11:00:00+00:00', '--job-id', '114', '--raw', '--subdir', 'DAGS_FOLDER/the_graph_uniswap_v3_swaps_dag.py', '--cfg-path', '/tmp/tmp3xz70ko8']
[2026-01-26T12:02:27.203+0000] {standard_task_runner.py:88} INFO - Job 114: Subtask fetch_and_store_swaps
[2026-01-26T12:02:27.546+0000] {task_command.py:423} INFO - Running <TaskInstance: the_graph_uniswap_v3_swaps.fetch_and_store_swaps scheduled__2026-01-26T11:00:00+00:00 [running]> on host f2da44f39545
[2026-01-26T12:02:27.942+0000] {taskinstance.py:2480} INFO - Exporting env vars: AIRFLOW_CTX_DAG_OWNER='***' AIRFLOW_CTX_DAG_ID='the_graph_uniswap_v3_swaps' AIRFLOW_CTX_TASK_ID='fetch_and_store_swaps' AIRFLOW_CTX_EXECUTION_DATE='2026-01-26T11:00:00+00:00' AIRFLOW_CTX_TRY_NUMBER='1' AIRFLOW_CTX_DAG_RUN_ID='scheduled__2026-01-26T11:00:00+00:00'
[2026-01-26T12:02:28.001+0000] {logging_mixin.py:188} INFO - Incremental run: Last record at 2026-01-26 11:06:35. Fetching new swaps...
[2026-01-26T12:02:28.001+0000] {logging_mixin.py:188} INFO - Fetching swaps from 2026-01-26 11:06:36 to 2026-01-26 12:02:28.001774
[2026-01-26T12:02:29.695+0000] {logging_mixin.py:188} INFO - [12:02:29] Fetched 1000 swaps from token0_in (Total: 1000)
[2026-01-26T12:02:32.792+0000] {logging_mixin.py:188} INFO - [12:02:32] Fetched 794 swaps from token0_in (Total: 1794)
[2026-01-26T12:02:34.735+0000] {logging_mixin.py:188} INFO - [12:02:34] Fetched 1000 swaps from token1_in (Total: 1000)
[2026-01-26T12:02:36.724+0000] {logging_mixin.py:188} INFO - [12:02:36] Fetched 1000 swaps from token1_in (Total: 2000)
[2026-01-26T12:02:39.074+0000] {logging_mixin.py:188} INFO - [12:02:39] Fetched 862 swaps from token1_in (Total: 2862)
[2026-01-26T12:02:39.640+0000] {logging_mixin.py:188} INFO - Fetch complete. Total unique swaps processed: 3221
[2026-01-26T12:02:39.640+0000] {logging_mixin.py:188} INFO - Successfully synchronized swaps.
[2026-01-26T12:02:39.651+0000] {python.py:201} INFO - Done. Returned value was: None
[2026-01-26T12:02:39.685+0000] {logging_mixin.py:188} WARNING - /home/***/.local/lib/python3.8/site-packages/***/models/baseoperator.py:1469 RemovedInAirflow3Warning: Passing 'execution_date' to 'TaskInstance.xcom_push()' is deprecated.
[2026-01-26T12:02:39.742+0000] {taskinstance.py:1138} INFO - Marking task as SUCCESS. dag_id=the_graph_uniswap_v3_swaps, task_id=fetch_and_store_swaps, execution_date=20260126T110000, start_date=20260126T120227, end_date=20260126T120239
[2026-01-26T12:02:39.856+0000] {local_task_job_runner.py:234} INFO - Task exited with return code 0
[2026-01-26T12:02:39.918+0000] {taskinstance.py:3280} INFO - 0 downstream tasks scheduled from follow-on schedule check
