[2026-01-27T03:00:00.746+0000] {taskinstance.py:1956} INFO - Dependencies all met for dep_context=non-requeueable deps ti=<TaskInstance: the_graph_uniswap_v3_swaps.fetch_and_store_swaps scheduled__2026-01-27T02:00:00+00:00 [queued]>
[2026-01-27T03:00:00.750+0000] {taskinstance.py:1956} INFO - Dependencies all met for dep_context=requeueable deps ti=<TaskInstance: the_graph_uniswap_v3_swaps.fetch_and_store_swaps scheduled__2026-01-27T02:00:00+00:00 [queued]>
[2026-01-27T03:00:00.750+0000] {taskinstance.py:2170} INFO - Starting attempt 1 of 2
[2026-01-27T03:00:00.757+0000] {taskinstance.py:2191} INFO - Executing <Task(PythonOperator): fetch_and_store_swaps> on 2026-01-27 02:00:00+00:00
[2026-01-27T03:00:00.761+0000] {standard_task_runner.py:60} INFO - Started process 20501 to run task
[2026-01-27T03:00:00.764+0000] {standard_task_runner.py:87} INFO - Running: ['***', 'tasks', 'run', 'the_graph_uniswap_v3_swaps', 'fetch_and_store_swaps', 'scheduled__2026-01-27T02:00:00+00:00', '--job-id', '179', '--raw', '--subdir', 'DAGS_FOLDER/the_graph_uniswap_v3_swaps_dag.py', '--cfg-path', '/tmp/tmp6cq8tdl3']
[2026-01-27T03:00:00.766+0000] {standard_task_runner.py:88} INFO - Job 179: Subtask fetch_and_store_swaps
[2026-01-27T03:00:00.792+0000] {task_command.py:423} INFO - Running <TaskInstance: the_graph_uniswap_v3_swaps.fetch_and_store_swaps scheduled__2026-01-27T02:00:00+00:00 [running]> on host f2da44f39545
[2026-01-27T03:00:00.836+0000] {taskinstance.py:2480} INFO - Exporting env vars: AIRFLOW_CTX_DAG_OWNER='***' AIRFLOW_CTX_DAG_ID='the_graph_uniswap_v3_swaps' AIRFLOW_CTX_TASK_ID='fetch_and_store_swaps' AIRFLOW_CTX_EXECUTION_DATE='2026-01-27T02:00:00+00:00' AIRFLOW_CTX_TRY_NUMBER='1' AIRFLOW_CTX_DAG_RUN_ID='scheduled__2026-01-27T02:00:00+00:00'
[2026-01-27T03:00:00.842+0000] {logging_mixin.py:188} INFO - Incremental run: Last record at 2026-01-27 01:59:59. Fetching new swaps...
[2026-01-27T03:00:00.843+0000] {logging_mixin.py:188} INFO - Fetching swaps from 2026-01-27 02:00:00 to 2026-01-27 03:00:00.843175
[2026-01-27T03:00:02.774+0000] {logging_mixin.py:188} INFO - [03:00:02] Fetched 1000 swaps from token0_in (Total: 1000)
[2026-01-27T03:00:04.420+0000] {logging_mixin.py:188} INFO - [03:00:04] Fetched 879 swaps from token0_in (Total: 1879)
[2026-01-27T03:00:05.956+0000] {logging_mixin.py:188} INFO - [03:00:05] Fetched 1000 swaps from token1_in (Total: 1000)
[2026-01-27T03:00:07.286+0000] {logging_mixin.py:188} INFO - [03:00:07] Fetched 1000 swaps from token1_in (Total: 2000)
[2026-01-27T03:00:08.514+0000] {logging_mixin.py:188} INFO - [03:00:08] Fetched 938 swaps from token1_in (Total: 2938)
[2026-01-27T03:00:08.664+0000] {logging_mixin.py:188} INFO - Fetch complete. Total unique swaps processed: 3259
[2026-01-27T03:00:08.664+0000] {logging_mixin.py:188} INFO - Successfully synchronized swaps.
[2026-01-27T03:00:08.666+0000] {python.py:201} INFO - Done. Returned value was: None
[2026-01-27T03:00:08.670+0000] {logging_mixin.py:188} WARNING - /home/***/.local/lib/python3.8/site-packages/***/models/baseoperator.py:1469 RemovedInAirflow3Warning: Passing 'execution_date' to 'TaskInstance.xcom_push()' is deprecated.
[2026-01-27T03:00:08.682+0000] {taskinstance.py:1138} INFO - Marking task as SUCCESS. dag_id=the_graph_uniswap_v3_swaps, task_id=fetch_and_store_swaps, execution_date=20260127T020000, start_date=20260127T030000, end_date=20260127T030008
[2026-01-27T03:00:08.703+0000] {local_task_job_runner.py:234} INFO - Task exited with return code 0
[2026-01-27T03:00:08.711+0000] {taskinstance.py:3280} INFO - 0 downstream tasks scheduled from follow-on schedule check
