[2026-01-26T22:00:00.950+0000] {taskinstance.py:1956} INFO - Dependencies all met for dep_context=non-requeueable deps ti=<TaskInstance: the_graph_uniswap_v3_swaps.fetch_and_store_swaps scheduled__2026-01-26T21:00:00+00:00 [queued]>
[2026-01-26T22:00:00.956+0000] {taskinstance.py:1956} INFO - Dependencies all met for dep_context=requeueable deps ti=<TaskInstance: the_graph_uniswap_v3_swaps.fetch_and_store_swaps scheduled__2026-01-26T21:00:00+00:00 [queued]>
[2026-01-26T22:00:00.957+0000] {taskinstance.py:2170} INFO - Starting attempt 1 of 2
[2026-01-26T22:00:00.966+0000] {taskinstance.py:2191} INFO - Executing <Task(PythonOperator): fetch_and_store_swaps> on 2026-01-26 21:00:00+00:00
[2026-01-26T22:00:00.971+0000] {standard_task_runner.py:60} INFO - Started process 21332 to run task
[2026-01-26T22:00:00.974+0000] {standard_task_runner.py:87} INFO - Running: ['***', 'tasks', 'run', 'the_graph_uniswap_v3_swaps', 'fetch_and_store_swaps', 'scheduled__2026-01-26T21:00:00+00:00', '--job-id', '155', '--raw', '--subdir', 'DAGS_FOLDER/the_graph_uniswap_v3_swaps_dag.py', '--cfg-path', '/tmp/tmp2v25uj97']
[2026-01-26T22:00:00.977+0000] {standard_task_runner.py:88} INFO - Job 155: Subtask fetch_and_store_swaps
[2026-01-26T22:00:01.034+0000] {task_command.py:423} INFO - Running <TaskInstance: the_graph_uniswap_v3_swaps.fetch_and_store_swaps scheduled__2026-01-26T21:00:00+00:00 [running]> on host f2da44f39545
[2026-01-26T22:00:01.121+0000] {taskinstance.py:2480} INFO - Exporting env vars: AIRFLOW_CTX_DAG_OWNER='***' AIRFLOW_CTX_DAG_ID='the_graph_uniswap_v3_swaps' AIRFLOW_CTX_TASK_ID='fetch_and_store_swaps' AIRFLOW_CTX_EXECUTION_DATE='2026-01-26T21:00:00+00:00' AIRFLOW_CTX_TRY_NUMBER='1' AIRFLOW_CTX_DAG_RUN_ID='scheduled__2026-01-26T21:00:00+00:00'
[2026-01-26T22:00:01.130+0000] {logging_mixin.py:188} INFO - Incremental run: Last record at 2026-01-26 20:59:59. Fetching new swaps...
[2026-01-26T22:00:01.130+0000] {logging_mixin.py:188} INFO - Fetching swaps from 2026-01-26 21:00:00 to 2026-01-26 22:00:01.130823
[2026-01-26T22:00:03.416+0000] {logging_mixin.py:188} INFO - [22:00:03] Fetched 1000 swaps from token0_in (Total: 1000)
[2026-01-26T22:00:05.575+0000] {logging_mixin.py:188} INFO - [22:00:05] Fetched 1000 swaps from token0_in (Total: 2000)
[2026-01-26T22:00:07.529+0000] {logging_mixin.py:188} INFO - [22:00:07] Fetched 1000 swaps from token0_in (Total: 3000)
[2026-01-26T22:00:08.527+0000] {logging_mixin.py:188} INFO - [22:00:08] Fetched 542 swaps from token0_in (Total: 3542)
[2026-01-26T22:00:09.930+0000] {logging_mixin.py:188} INFO - [22:00:09] Fetched 1000 swaps from token1_in (Total: 1000)
[2026-01-26T22:00:11.282+0000] {logging_mixin.py:188} INFO - [22:00:11] Fetched 1000 swaps from token1_in (Total: 2000)
[2026-01-26T22:00:12.654+0000] {logging_mixin.py:188} INFO - [22:00:12] Fetched 1000 swaps from token1_in (Total: 3000)
[2026-01-26T22:00:13.936+0000] {logging_mixin.py:188} INFO - [22:00:13] Fetched 1000 swaps from token1_in (Total: 4000)
[2026-01-26T22:00:15.001+0000] {logging_mixin.py:188} INFO - [22:00:15] Fetched 777 swaps from token1_in (Total: 4777)
[2026-01-26T22:00:15.127+0000] {logging_mixin.py:188} INFO - Fetch complete. Total unique swaps processed: 5487
[2026-01-26T22:00:15.128+0000] {logging_mixin.py:188} INFO - Successfully synchronized swaps.
[2026-01-26T22:00:15.131+0000] {python.py:201} INFO - Done. Returned value was: None
[2026-01-26T22:00:15.134+0000] {logging_mixin.py:188} WARNING - /home/***/.local/lib/python3.8/site-packages/***/models/baseoperator.py:1469 RemovedInAirflow3Warning: Passing 'execution_date' to 'TaskInstance.xcom_push()' is deprecated.
[2026-01-26T22:00:15.149+0000] {taskinstance.py:1138} INFO - Marking task as SUCCESS. dag_id=the_graph_uniswap_v3_swaps, task_id=fetch_and_store_swaps, execution_date=20260126T210000, start_date=20260126T220000, end_date=20260126T220015
[2026-01-26T22:00:15.196+0000] {local_task_job_runner.py:234} INFO - Task exited with return code 0
[2026-01-26T22:00:15.209+0000] {taskinstance.py:3280} INFO - 0 downstream tasks scheduled from follow-on schedule check
