[2026-01-26T23:53:07.748+0000] {taskinstance.py:1956} INFO - Dependencies all met for dep_context=non-requeueable deps ti=<TaskInstance: the_graph_uniswap_v3_swaps.fetch_and_store_swaps scheduled__2026-01-26T22:00:00+00:00 [queued]>
[2026-01-26T23:53:07.756+0000] {taskinstance.py:1956} INFO - Dependencies all met for dep_context=requeueable deps ti=<TaskInstance: the_graph_uniswap_v3_swaps.fetch_and_store_swaps scheduled__2026-01-26T22:00:00+00:00 [queued]>
[2026-01-26T23:53:07.757+0000] {taskinstance.py:2170} INFO - Starting attempt 1 of 2
[2026-01-26T23:53:07.770+0000] {taskinstance.py:2191} INFO - Executing <Task(PythonOperator): fetch_and_store_swaps> on 2026-01-26 22:00:00+00:00
[2026-01-26T23:53:07.782+0000] {standard_task_runner.py:60} INFO - Started process 57691 to run task
[2026-01-26T23:53:07.817+0000] {standard_task_runner.py:87} INFO - Running: ['***', 'tasks', 'run', 'the_graph_uniswap_v3_swaps', 'fetch_and_store_swaps', 'scheduled__2026-01-26T22:00:00+00:00', '--job-id', '161', '--raw', '--subdir', 'DAGS_FOLDER/the_graph_uniswap_v3_swaps_dag.py', '--cfg-path', '/tmp/tmpb7m4fwjj']
[2026-01-26T23:53:07.835+0000] {standard_task_runner.py:88} INFO - Job 161: Subtask fetch_and_store_swaps
[2026-01-26T23:53:07.939+0000] {task_command.py:423} INFO - Running <TaskInstance: the_graph_uniswap_v3_swaps.fetch_and_store_swaps scheduled__2026-01-26T22:00:00+00:00 [running]> on host f2da44f39545
[2026-01-26T23:53:08.010+0000] {taskinstance.py:2480} INFO - Exporting env vars: AIRFLOW_CTX_DAG_OWNER='***' AIRFLOW_CTX_DAG_ID='the_graph_uniswap_v3_swaps' AIRFLOW_CTX_TASK_ID='fetch_and_store_swaps' AIRFLOW_CTX_EXECUTION_DATE='2026-01-26T22:00:00+00:00' AIRFLOW_CTX_TRY_NUMBER='1' AIRFLOW_CTX_DAG_RUN_ID='scheduled__2026-01-26T22:00:00+00:00'
[2026-01-26T23:53:08.022+0000] {logging_mixin.py:188} INFO - Incremental run: Last record at 2026-01-26 21:59:59. Fetching new swaps...
[2026-01-26T23:53:08.023+0000] {logging_mixin.py:188} INFO - Fetching swaps from 2026-01-26 22:00:00 to 2026-01-26 23:53:08.023584
[2026-01-26T23:53:10.004+0000] {logging_mixin.py:188} INFO - [23:53:10] Fetched 1000 swaps from token0_in (Total: 1000)
[2026-01-26T23:53:12.428+0000] {logging_mixin.py:188} INFO - [23:53:12] Fetched 1000 swaps from token0_in (Total: 2000)
[2026-01-26T23:53:14.601+0000] {logging_mixin.py:188} INFO - [23:53:14] Fetched 1000 swaps from token0_in (Total: 3000)
[2026-01-26T23:53:16.608+0000] {logging_mixin.py:188} INFO - [23:53:16] Fetched 1000 swaps from token0_in (Total: 4000)
[2026-01-26T23:53:18.562+0000] {logging_mixin.py:188} INFO - [23:53:18] Fetched 1000 swaps from token0_in (Total: 5000)
[2026-01-26T23:53:20.282+0000] {logging_mixin.py:188} INFO - [23:53:20] Fetched 1000 swaps from token0_in (Total: 6000)
[2026-01-26T23:53:20.666+0000] {logging_mixin.py:188} INFO - [23:53:20] Fetched 61 swaps from token0_in (Total: 6061)
[2026-01-26T23:53:21.904+0000] {logging_mixin.py:188} INFO - [23:53:21] Fetched 1000 swaps from token1_in (Total: 1000)
[2026-01-26T23:53:23.246+0000] {logging_mixin.py:188} INFO - [23:53:23] Fetched 1000 swaps from token1_in (Total: 2000)
[2026-01-26T23:53:24.544+0000] {logging_mixin.py:188} INFO - [23:53:24] Fetched 1000 swaps from token1_in (Total: 3000)
[2026-01-26T23:53:25.772+0000] {logging_mixin.py:188} INFO - [23:53:25] Fetched 1000 swaps from token1_in (Total: 4000)
[2026-01-26T23:53:27.135+0000] {logging_mixin.py:188} INFO - [23:53:27] Fetched 1000 swaps from token1_in (Total: 5000)
[2026-01-26T23:53:28.485+0000] {logging_mixin.py:188} INFO - [23:53:28] Fetched 1000 swaps from token1_in (Total: 6000)
[2026-01-26T23:53:29.845+0000] {logging_mixin.py:188} INFO - [23:53:29] Fetched 1000 swaps from token1_in (Total: 7000)
[2026-01-26T23:53:31.162+0000] {logging_mixin.py:188} INFO - [23:53:31] Fetched 1000 swaps from token1_in (Total: 8000)
[2026-01-26T23:53:31.426+0000] {logging_mixin.py:188} INFO - [23:53:31] Fetched 62 swaps from token1_in (Total: 8062)
[2026-01-26T23:53:31.451+0000] {logging_mixin.py:188} INFO - Fetch complete. Total unique swaps processed: 9245
[2026-01-26T23:53:31.451+0000] {logging_mixin.py:188} INFO - Successfully synchronized swaps.
[2026-01-26T23:53:31.455+0000] {python.py:201} INFO - Done. Returned value was: None
[2026-01-26T23:53:31.460+0000] {logging_mixin.py:188} WARNING - /home/***/.local/lib/python3.8/site-packages/***/models/baseoperator.py:1469 RemovedInAirflow3Warning: Passing 'execution_date' to 'TaskInstance.xcom_push()' is deprecated.
[2026-01-26T23:53:31.472+0000] {taskinstance.py:1138} INFO - Marking task as SUCCESS. dag_id=the_graph_uniswap_v3_swaps, task_id=fetch_and_store_swaps, execution_date=20260126T220000, start_date=20260126T235307, end_date=20260126T235331
[2026-01-26T23:53:31.508+0000] {local_task_job_runner.py:234} INFO - Task exited with return code 0
[2026-01-26T23:53:31.517+0000] {taskinstance.py:3280} INFO - 0 downstream tasks scheduled from follow-on schedule check
