[2026-01-25T23:00:03.735+0000] {taskinstance.py:1956} INFO - Dependencies all met for dep_context=non-requeueable deps ti=<TaskInstance: the_graph_uniswap_v3_swaps.fetch_and_store_swaps scheduled__2026-01-25T22:00:00+00:00 [queued]>
[2026-01-25T23:00:03.741+0000] {taskinstance.py:1956} INFO - Dependencies all met for dep_context=requeueable deps ti=<TaskInstance: the_graph_uniswap_v3_swaps.fetch_and_store_swaps scheduled__2026-01-25T22:00:00+00:00 [queued]>
[2026-01-25T23:00:03.742+0000] {taskinstance.py:2170} INFO - Starting attempt 1 of 2
[2026-01-25T23:00:03.753+0000] {taskinstance.py:2191} INFO - Executing <Task(PythonOperator): fetch_and_store_swaps> on 2026-01-25 22:00:00+00:00
[2026-01-25T23:00:03.759+0000] {standard_task_runner.py:60} INFO - Started process 54317 to run task
[2026-01-25T23:00:03.774+0000] {standard_task_runner.py:87} INFO - Running: ['***', 'tasks', 'run', 'the_graph_uniswap_v3_swaps', 'fetch_and_store_swaps', 'scheduled__2026-01-25T22:00:00+00:00', '--job-id', '50', '--raw', '--subdir', 'DAGS_FOLDER/the_graph_uniswap_v3_swaps_dag.py', '--cfg-path', '/tmp/tmprfxp7ka0']
[2026-01-25T23:00:03.783+0000] {standard_task_runner.py:88} INFO - Job 50: Subtask fetch_and_store_swaps
[2026-01-25T23:00:03.973+0000] {task_command.py:423} INFO - Running <TaskInstance: the_graph_uniswap_v3_swaps.fetch_and_store_swaps scheduled__2026-01-25T22:00:00+00:00 [running]> on host f2da44f39545
[2026-01-25T23:00:04.166+0000] {taskinstance.py:2480} INFO - Exporting env vars: AIRFLOW_CTX_DAG_OWNER='***' AIRFLOW_CTX_DAG_ID='the_graph_uniswap_v3_swaps' AIRFLOW_CTX_TASK_ID='fetch_and_store_swaps' AIRFLOW_CTX_EXECUTION_DATE='2026-01-25T22:00:00+00:00' AIRFLOW_CTX_TRY_NUMBER='1' AIRFLOW_CTX_DAG_RUN_ID='scheduled__2026-01-25T22:00:00+00:00'
[2026-01-25T23:00:04.188+0000] {logging_mixin.py:188} INFO - Incremental run: Last record at 2026-01-25 22:00:35. Fetching new swaps...
[2026-01-25T23:00:04.188+0000] {logging_mixin.py:188} INFO - Fetching swaps from 2026-01-25 22:00:36 to 2026-01-25 23:00:04.188815
[2026-01-25T23:00:06.621+0000] {logging_mixin.py:188} INFO - [23:00:06] Fetched 1000 swaps from token0_in (Total: 1000)
[2026-01-25T23:00:10.695+0000] {logging_mixin.py:188} INFO - [23:00:10] Fetched 1000 swaps from token0_in (Total: 2000)
[2026-01-25T23:00:15.265+0000] {logging_mixin.py:188} INFO - [23:00:15] Fetched 1000 swaps from token0_in (Total: 3000)
[2026-01-25T23:00:16.811+0000] {logging_mixin.py:188} INFO - [23:00:16] Fetched 106 swaps from token0_in (Total: 3106)
[2026-01-25T23:00:18.473+0000] {logging_mixin.py:188} INFO - [23:00:18] Fetched 1000 swaps from token1_in (Total: 1000)
[2026-01-25T23:00:19.569+0000] {logging_mixin.py:188} INFO - [23:00:19] Request failed (attempt 1/3): ('Connection aborted.', RemoteDisconnected('Remote end closed connection without response'))
[2026-01-25T23:00:22.064+0000] {logging_mixin.py:188} INFO - [23:00:22] Fetched 1000 swaps from token1_in (Total: 2000)
[2026-01-25T23:00:23.752+0000] {logging_mixin.py:188} INFO - [23:00:23] Fetched 1000 swaps from token1_in (Total: 3000)
[2026-01-25T23:00:25.813+0000] {logging_mixin.py:188} INFO - [23:00:25] Fetched 1000 swaps from token1_in (Total: 4000)
[2026-01-25T23:00:27.145+0000] {logging_mixin.py:188} INFO - [23:00:27] Fetched 549 swaps from token1_in (Total: 4549)
[2026-01-25T23:00:27.399+0000] {logging_mixin.py:188} INFO - Fetch complete. Total unique swaps processed: 5075
[2026-01-25T23:00:27.400+0000] {logging_mixin.py:188} INFO - Successfully synchronized swaps.
[2026-01-25T23:00:27.416+0000] {python.py:201} INFO - Done. Returned value was: None
[2026-01-25T23:00:27.468+0000] {logging_mixin.py:188} WARNING - /home/***/.local/lib/python3.8/site-packages/***/models/baseoperator.py:1469 RemovedInAirflow3Warning: Passing 'execution_date' to 'TaskInstance.xcom_push()' is deprecated.
[2026-01-25T23:00:27.513+0000] {taskinstance.py:1138} INFO - Marking task as SUCCESS. dag_id=the_graph_uniswap_v3_swaps, task_id=fetch_and_store_swaps, execution_date=20260125T220000, start_date=20260125T230003, end_date=20260125T230027
[2026-01-25T23:00:27.589+0000] {local_task_job_runner.py:234} INFO - Task exited with return code 0
[2026-01-25T23:00:27.637+0000] {taskinstance.py:3280} INFO - 0 downstream tasks scheduled from follow-on schedule check
