[2026-01-26T13:00:02.359+0000] {taskinstance.py:1956} INFO - Dependencies all met for dep_context=non-requeueable deps ti=<TaskInstance: the_graph_uniswap_v3_swaps.fetch_and_store_swaps scheduled__2026-01-26T12:00:00+00:00 [queued]>
[2026-01-26T13:00:02.366+0000] {taskinstance.py:1956} INFO - Dependencies all met for dep_context=requeueable deps ti=<TaskInstance: the_graph_uniswap_v3_swaps.fetch_and_store_swaps scheduled__2026-01-26T12:00:00+00:00 [queued]>
[2026-01-26T13:00:02.366+0000] {taskinstance.py:2170} INFO - Starting attempt 1 of 2
[2026-01-26T13:00:02.376+0000] {taskinstance.py:2191} INFO - Executing <Task(PythonOperator): fetch_and_store_swaps> on 2026-01-26 12:00:00+00:00
[2026-01-26T13:00:02.387+0000] {standard_task_runner.py:60} INFO - Started process 57528 to run task
[2026-01-26T13:00:02.396+0000] {standard_task_runner.py:87} INFO - Running: ['***', 'tasks', 'run', 'the_graph_uniswap_v3_swaps', 'fetch_and_store_swaps', 'scheduled__2026-01-26T12:00:00+00:00', '--job-id', '118', '--raw', '--subdir', 'DAGS_FOLDER/the_graph_uniswap_v3_swaps_dag.py', '--cfg-path', '/tmp/tmpt76sauk7']
[2026-01-26T13:00:02.400+0000] {standard_task_runner.py:88} INFO - Job 118: Subtask fetch_and_store_swaps
[2026-01-26T13:00:02.464+0000] {task_command.py:423} INFO - Running <TaskInstance: the_graph_uniswap_v3_swaps.fetch_and_store_swaps scheduled__2026-01-26T12:00:00+00:00 [running]> on host f2da44f39545
[2026-01-26T13:00:02.550+0000] {taskinstance.py:2480} INFO - Exporting env vars: AIRFLOW_CTX_DAG_OWNER='***' AIRFLOW_CTX_DAG_ID='the_graph_uniswap_v3_swaps' AIRFLOW_CTX_TASK_ID='fetch_and_store_swaps' AIRFLOW_CTX_EXECUTION_DATE='2026-01-26T12:00:00+00:00' AIRFLOW_CTX_TRY_NUMBER='1' AIRFLOW_CTX_DAG_RUN_ID='scheduled__2026-01-26T12:00:00+00:00'
[2026-01-26T13:00:02.587+0000] {logging_mixin.py:188} INFO - Incremental run: Last record at 2026-01-26 12:02:23. Fetching new swaps...
[2026-01-26T13:00:02.587+0000] {logging_mixin.py:188} INFO - Fetching swaps from 2026-01-26 12:02:24 to 2026-01-26 13:00:02.587735
[2026-01-26T13:00:04.047+0000] {logging_mixin.py:188} INFO - [13:00:04] Fetched 1000 swaps from token0_in (Total: 1000)
[2026-01-26T13:00:06.451+0000] {logging_mixin.py:188} INFO - [13:00:06] Fetched 1000 swaps from token0_in (Total: 2000)
[2026-01-26T13:00:08.174+0000] {logging_mixin.py:188} INFO - [13:00:08] Fetched 599 swaps from token0_in (Total: 2599)
[2026-01-26T13:00:09.825+0000] {logging_mixin.py:188} INFO - [13:00:09] Fetched 1000 swaps from token1_in (Total: 1000)
[2026-01-26T13:00:11.483+0000] {logging_mixin.py:188} INFO - [13:00:11] Fetched 1000 swaps from token1_in (Total: 2000)
[2026-01-26T13:00:12.855+0000] {logging_mixin.py:188} INFO - [13:00:12] Fetched 1000 swaps from token1_in (Total: 3000)
[2026-01-26T13:00:14.313+0000] {logging_mixin.py:188} INFO - [13:00:14] Fetched 1000 swaps from token1_in (Total: 4000)
[2026-01-26T13:00:15.307+0000] {logging_mixin.py:188} INFO - [13:00:15] Fetched 360 swaps from token1_in (Total: 4360)
[2026-01-26T13:00:15.574+0000] {logging_mixin.py:188} INFO - Fetch complete. Total unique swaps processed: 4881
[2026-01-26T13:00:15.575+0000] {logging_mixin.py:188} INFO - Successfully synchronized swaps.
[2026-01-26T13:00:15.591+0000] {python.py:201} INFO - Done. Returned value was: None
[2026-01-26T13:00:15.615+0000] {logging_mixin.py:188} WARNING - /home/***/.local/lib/python3.8/site-packages/***/models/baseoperator.py:1469 RemovedInAirflow3Warning: Passing 'execution_date' to 'TaskInstance.xcom_push()' is deprecated.
[2026-01-26T13:00:15.711+0000] {taskinstance.py:1138} INFO - Marking task as SUCCESS. dag_id=the_graph_uniswap_v3_swaps, task_id=fetch_and_store_swaps, execution_date=20260126T120000, start_date=20260126T130002, end_date=20260126T130015
[2026-01-26T13:00:15.797+0000] {local_task_job_runner.py:234} INFO - Task exited with return code 0
[2026-01-26T13:00:15.886+0000] {taskinstance.py:3280} INFO - 0 downstream tasks scheduled from follow-on schedule check
