[2026-01-26T08:09:39.011+0000] {taskinstance.py:1956} INFO - Dependencies all met for dep_context=non-requeueable deps ti=<TaskInstance: the_graph_uniswap_v3_swaps.fetch_and_store_swaps scheduled__2026-01-26T07:00:00+00:00 [queued]>
[2026-01-26T08:09:39.025+0000] {taskinstance.py:1956} INFO - Dependencies all met for dep_context=requeueable deps ti=<TaskInstance: the_graph_uniswap_v3_swaps.fetch_and_store_swaps scheduled__2026-01-26T07:00:00+00:00 [queued]>
[2026-01-26T08:09:39.026+0000] {taskinstance.py:2170} INFO - Starting attempt 1 of 2
[2026-01-26T08:09:39.056+0000] {taskinstance.py:2191} INFO - Executing <Task(PythonOperator): fetch_and_store_swaps> on 2026-01-26 07:00:00+00:00
[2026-01-26T08:09:39.075+0000] {standard_task_runner.py:60} INFO - Started process 89582 to run task
[2026-01-26T08:09:39.095+0000] {standard_task_runner.py:87} INFO - Running: ['***', 'tasks', 'run', 'the_graph_uniswap_v3_swaps', 'fetch_and_store_swaps', 'scheduled__2026-01-26T07:00:00+00:00', '--job-id', '90', '--raw', '--subdir', 'DAGS_FOLDER/the_graph_uniswap_v3_swaps_dag.py', '--cfg-path', '/tmp/tmpahtuh3k8']
[2026-01-26T08:09:39.115+0000] {standard_task_runner.py:88} INFO - Job 90: Subtask fetch_and_store_swaps
[2026-01-26T08:09:39.194+0000] {task_command.py:423} INFO - Running <TaskInstance: the_graph_uniswap_v3_swaps.fetch_and_store_swaps scheduled__2026-01-26T07:00:00+00:00 [running]> on host f2da44f39545
[2026-01-26T08:09:39.379+0000] {taskinstance.py:2480} INFO - Exporting env vars: AIRFLOW_CTX_DAG_OWNER='***' AIRFLOW_CTX_DAG_ID='the_graph_uniswap_v3_swaps' AIRFLOW_CTX_TASK_ID='fetch_and_store_swaps' AIRFLOW_CTX_EXECUTION_DATE='2026-01-26T07:00:00+00:00' AIRFLOW_CTX_TRY_NUMBER='1' AIRFLOW_CTX_DAG_RUN_ID='scheduled__2026-01-26T07:00:00+00:00'
[2026-01-26T08:09:39.398+0000] {logging_mixin.py:188} INFO - Incremental run: Last record at 2026-01-26 05:59:59. Fetching new swaps...
[2026-01-26T08:09:39.401+0000] {logging_mixin.py:188} INFO - Fetching swaps from 2026-01-26 06:00:00 to 2026-01-26 08:09:39.401353
[2026-01-26T08:09:39.424+0000] {logging_mixin.py:188} INFO - [08:09:39] Request failed (attempt 1/3): HTTPSConnectionPool(host='gateway.thegraph.com', port=443): Max retries exceeded with url: /api/ed92ce6476320a3dc899d334acb3998a/subgraphs/id/5zvR82QoaXYFyDEKLZ9t6v9adgnptxYpKpSbxtgVENFV (Caused by NewConnectionError('<urllib3.connection.HTTPSConnection object at 0xffff6ee22e20>: Failed to establish a new connection: [Errno -2] Name or service not known'))
[2026-01-26T08:09:40.441+0000] {logging_mixin.py:188} INFO - [08:09:40] Request failed (attempt 2/3): HTTPSConnectionPool(host='gateway.thegraph.com', port=443): Max retries exceeded with url: /api/ed92ce6476320a3dc899d334acb3998a/subgraphs/id/5zvR82QoaXYFyDEKLZ9t6v9adgnptxYpKpSbxtgVENFV (Caused by NewConnectionError('<urllib3.connection.HTTPSConnection object at 0xffff6ee22f40>: Failed to establish a new connection: [Errno -2] Name or service not known'))
[2026-01-26T08:09:44.611+0000] {logging_mixin.py:188} INFO - [08:09:44] Fetched 1000 swaps from token0_in (Total: 1000)
[2026-01-26T08:09:48.473+0000] {logging_mixin.py:188} INFO - [08:09:48] Fetched 1000 swaps from token0_in (Total: 2000)
[2026-01-26T08:09:54.136+0000] {logging_mixin.py:188} INFO - [08:09:54] Fetched 1000 swaps from token0_in (Total: 3000)
[2026-01-26T08:09:58.394+0000] {logging_mixin.py:188} INFO - [08:09:58] Fetched 1000 swaps from token0_in (Total: 4000)
[2026-01-26T08:10:02.302+0000] {logging_mixin.py:188} INFO - [08:10:02] Fetched 1000 swaps from token0_in (Total: 5000)
[2026-01-26T08:10:04.349+0000] {logging_mixin.py:188} INFO - [08:10:04] Fetched 1000 swaps from token0_in (Total: 6000)
[2026-01-26T08:10:07.218+0000] {logging_mixin.py:188} INFO - [08:10:07] Fetched 875 swaps from token0_in (Total: 6875)
[2026-01-26T08:10:09.822+0000] {logging_mixin.py:188} INFO - [08:10:09] Fetched 1000 swaps from token1_in (Total: 1000)
[2026-01-26T08:10:11.474+0000] {logging_mixin.py:188} INFO - [08:10:11] Fetched 1000 swaps from token1_in (Total: 2000)
[2026-01-26T08:10:13.105+0000] {logging_mixin.py:188} INFO - [08:10:13] Fetched 1000 swaps from token1_in (Total: 3000)
[2026-01-26T08:10:14.845+0000] {logging_mixin.py:188} INFO - [08:10:14] Fetched 1000 swaps from token1_in (Total: 4000)
[2026-01-26T08:10:17.509+0000] {logging_mixin.py:188} INFO - [08:10:17] Fetched 1000 swaps from token1_in (Total: 5000)
[2026-01-26T08:10:19.022+0000] {logging_mixin.py:188} INFO - [08:10:19] Fetched 1000 swaps from token1_in (Total: 6000)
[2026-01-26T08:10:21.799+0000] {logging_mixin.py:188} INFO - [08:10:21] Fetched 1000 swaps from token1_in (Total: 7000)
[2026-01-26T08:10:24.036+0000] {logging_mixin.py:188} INFO - [08:10:24] Fetched 1000 swaps from token1_in (Total: 8000)
[2026-01-26T08:10:26.061+0000] {logging_mixin.py:188} INFO - [08:10:26] Fetched 1000 swaps from token1_in (Total: 9000)
[2026-01-26T08:10:27.562+0000] {logging_mixin.py:188} INFO - [08:10:27] Fetched 1000 swaps from token1_in (Total: 10000)
[2026-01-26T08:10:28.701+0000] {logging_mixin.py:188} INFO - [08:10:28] Fetched 520 swaps from token1_in (Total: 10520)
[2026-01-26T08:10:29.348+0000] {logging_mixin.py:188} INFO - Fetch complete. Total unique swaps processed: 11588
[2026-01-26T08:10:29.353+0000] {logging_mixin.py:188} INFO - Successfully synchronized swaps.
[2026-01-26T08:10:29.454+0000] {python.py:201} INFO - Done. Returned value was: None
[2026-01-26T08:10:29.703+0000] {logging_mixin.py:188} WARNING - /home/***/.local/lib/python3.8/site-packages/***/models/baseoperator.py:1469 RemovedInAirflow3Warning: Passing 'execution_date' to 'TaskInstance.xcom_push()' is deprecated.
[2026-01-26T08:10:29.846+0000] {taskinstance.py:1138} INFO - Marking task as SUCCESS. dag_id=the_graph_uniswap_v3_swaps, task_id=fetch_and_store_swaps, execution_date=20260126T070000, start_date=20260126T080939, end_date=20260126T081029
[2026-01-26T08:10:29.974+0000] {local_task_job_runner.py:234} INFO - Task exited with return code 0
[2026-01-26T08:10:30.098+0000] {taskinstance.py:3280} INFO - 0 downstream tasks scheduled from follow-on schedule check
