[2026-01-26T02:31:31.653+0000] {taskinstance.py:1956} INFO - Dependencies all met for dep_context=non-requeueable deps ti=<TaskInstance: the_graph_uniswap_v3_swaps.fetch_and_store_swaps scheduled__2026-01-26T01:00:00+00:00 [queued]>
[2026-01-26T02:31:31.663+0000] {taskinstance.py:1956} INFO - Dependencies all met for dep_context=requeueable deps ti=<TaskInstance: the_graph_uniswap_v3_swaps.fetch_and_store_swaps scheduled__2026-01-26T01:00:00+00:00 [queued]>
[2026-01-26T02:31:31.664+0000] {taskinstance.py:2170} INFO - Starting attempt 1 of 2
[2026-01-26T02:31:31.678+0000] {taskinstance.py:2191} INFO - Executing <Task(PythonOperator): fetch_and_store_swaps> on 2026-01-26 01:00:00+00:00
[2026-01-26T02:31:31.685+0000] {standard_task_runner.py:60} INFO - Started process 33505 to run task
[2026-01-26T02:31:31.692+0000] {standard_task_runner.py:87} INFO - Running: ['***', 'tasks', 'run', 'the_graph_uniswap_v3_swaps', 'fetch_and_store_swaps', 'scheduled__2026-01-26T01:00:00+00:00', '--job-id', '63', '--raw', '--subdir', 'DAGS_FOLDER/the_graph_uniswap_v3_swaps_dag.py', '--cfg-path', '/tmp/tmpfspyl6p9']
[2026-01-26T02:31:31.696+0000] {standard_task_runner.py:88} INFO - Job 63: Subtask fetch_and_store_swaps
[2026-01-26T02:31:31.763+0000] {task_command.py:423} INFO - Running <TaskInstance: the_graph_uniswap_v3_swaps.fetch_and_store_swaps scheduled__2026-01-26T01:00:00+00:00 [running]> on host f2da44f39545
[2026-01-26T02:31:31.848+0000] {taskinstance.py:2480} INFO - Exporting env vars: AIRFLOW_CTX_DAG_OWNER='***' AIRFLOW_CTX_DAG_ID='the_graph_uniswap_v3_swaps' AIRFLOW_CTX_TASK_ID='fetch_and_store_swaps' AIRFLOW_CTX_EXECUTION_DATE='2026-01-26T01:00:00+00:00' AIRFLOW_CTX_TRY_NUMBER='1' AIRFLOW_CTX_DAG_RUN_ID='scheduled__2026-01-26T01:00:00+00:00'
[2026-01-26T02:31:31.861+0000] {logging_mixin.py:188} INFO - Incremental run: Last record at 2026-01-26 01:50:59. Fetching new swaps...
[2026-01-26T02:31:31.861+0000] {logging_mixin.py:188} INFO - Fetching swaps from 2026-01-26 01:51:00 to 2026-01-26 02:31:31.861847
[2026-01-26T02:31:33.708+0000] {logging_mixin.py:188} INFO - [02:31:33] Fetched 1000 swaps from token0_in (Total: 1000)
[2026-01-26T02:31:35.978+0000] {logging_mixin.py:188} INFO - [02:31:35] Fetched 1000 swaps from token0_in (Total: 2000)
[2026-01-26T02:31:37.183+0000] {logging_mixin.py:188} INFO - [02:31:37] Request failed (attempt 1/3): ('Connection aborted.', RemoteDisconnected('Remote end closed connection without response'))
[2026-01-26T02:31:39.381+0000] {logging_mixin.py:188} INFO - [02:31:39] Fetched 686 swaps from token0_in (Total: 2686)
[2026-01-26T02:31:41.026+0000] {logging_mixin.py:188} INFO - [02:31:41] Fetched 1000 swaps from token1_in (Total: 1000)
[2026-01-26T02:52:15.288+0000] {logging_mixin.py:188} INFO - [02:52:15] Request failed (attempt 1/3): HTTPSConnectionPool(host='gateway.thegraph.com', port=443): Read timed out. (read timeout=30)
[2026-01-26T02:52:17.821+0000] {logging_mixin.py:188} INFO - [02:52:17] Fetched 1000 swaps from token1_in (Total: 2000)
[2026-01-26T02:52:20.694+0000] {logging_mixin.py:188} INFO - [02:52:20] Fetched 1000 swaps from token1_in (Total: 3000)
[2026-01-26T02:52:22.219+0000] {logging_mixin.py:188} INFO - [02:52:22] Fetched 666 swaps from token1_in (Total: 3666)
[2026-01-26T02:52:22.453+0000] {logging_mixin.py:188} INFO - Fetch complete. Total unique swaps processed: 4043
[2026-01-26T02:52:22.455+0000] {logging_mixin.py:188} INFO - Successfully synchronized swaps.
[2026-01-26T02:52:22.463+0000] {python.py:201} INFO - Done. Returned value was: None
[2026-01-26T02:52:22.481+0000] {logging_mixin.py:188} WARNING - /home/***/.local/lib/python3.8/site-packages/***/models/baseoperator.py:1469 RemovedInAirflow3Warning: Passing 'execution_date' to 'TaskInstance.xcom_push()' is deprecated.
[2026-01-26T02:52:22.522+0000] {taskinstance.py:1138} INFO - Marking task as SUCCESS. dag_id=the_graph_uniswap_v3_swaps, task_id=fetch_and_store_swaps, execution_date=20260126T010000, start_date=20260126T023131, end_date=20260126T025222
[2026-01-26T02:52:22.592+0000] {local_task_job_runner.py:234} INFO - Task exited with return code 0
[2026-01-26T02:52:22.629+0000] {taskinstance.py:3280} INFO - 0 downstream tasks scheduled from follow-on schedule check
