[2026-01-26T19:27:45.591+0000] {taskinstance.py:1956} INFO - Dependencies all met for dep_context=non-requeueable deps ti=<TaskInstance: the_graph_uniswap_v3_swaps.fetch_and_store_swaps scheduled__2026-01-26T18:00:00+00:00 [queued]>
[2026-01-26T19:27:45.601+0000] {taskinstance.py:1956} INFO - Dependencies all met for dep_context=requeueable deps ti=<TaskInstance: the_graph_uniswap_v3_swaps.fetch_and_store_swaps scheduled__2026-01-26T18:00:00+00:00 [queued]>
[2026-01-26T19:27:45.601+0000] {taskinstance.py:2170} INFO - Starting attempt 1 of 2
[2026-01-26T19:27:45.610+0000] {taskinstance.py:2191} INFO - Executing <Task(PythonOperator): fetch_and_store_swaps> on 2026-01-26 18:00:00+00:00
[2026-01-26T19:27:45.618+0000] {standard_task_runner.py:60} INFO - Started process 34461 to run task
[2026-01-26T19:27:45.620+0000] {standard_task_runner.py:87} INFO - Running: ['***', 'tasks', 'run', 'the_graph_uniswap_v3_swaps', 'fetch_and_store_swaps', 'scheduled__2026-01-26T18:00:00+00:00', '--job-id', '141', '--raw', '--subdir', 'DAGS_FOLDER/the_graph_uniswap_v3_swaps_dag.py', '--cfg-path', '/tmp/tmpl2m06c2d']
[2026-01-26T19:27:45.623+0000] {standard_task_runner.py:88} INFO - Job 141: Subtask fetch_and_store_swaps
[2026-01-26T19:27:45.666+0000] {task_command.py:423} INFO - Running <TaskInstance: the_graph_uniswap_v3_swaps.fetch_and_store_swaps scheduled__2026-01-26T18:00:00+00:00 [running]> on host f2da44f39545
[2026-01-26T19:27:45.769+0000] {taskinstance.py:2480} INFO - Exporting env vars: AIRFLOW_CTX_DAG_OWNER='***' AIRFLOW_CTX_DAG_ID='the_graph_uniswap_v3_swaps' AIRFLOW_CTX_TASK_ID='fetch_and_store_swaps' AIRFLOW_CTX_EXECUTION_DATE='2026-01-26T18:00:00+00:00' AIRFLOW_CTX_TRY_NUMBER='1' AIRFLOW_CTX_DAG_RUN_ID='scheduled__2026-01-26T18:00:00+00:00'
[2026-01-26T19:27:45.778+0000] {logging_mixin.py:188} INFO - Incremental run: Last record at 2026-01-26 18:10:35. Fetching new swaps...
[2026-01-26T19:27:45.778+0000] {logging_mixin.py:188} INFO - Fetching swaps from 2026-01-26 18:10:36 to 2026-01-26 19:27:45.778628
[2026-01-26T19:27:47.604+0000] {logging_mixin.py:188} INFO - [19:27:47] Fetched 1000 swaps from token0_in (Total: 1000)
[2026-01-26T19:27:48.858+0000] {logging_mixin.py:188} INFO - [19:27:48] Fetched 1000 swaps from token0_in (Total: 2000)
[2026-01-26T19:27:50.139+0000] {logging_mixin.py:188} INFO - [19:27:50] Fetched 1000 swaps from token0_in (Total: 3000)
[2026-01-26T19:51:25.395+0000] {logging_mixin.py:188} INFO - [19:51:25] Request failed (attempt 1/3): HTTPSConnectionPool(host='gateway.thegraph.com', port=443): Read timed out. (read timeout=30)
[2026-01-26T19:51:28.030+0000] {logging_mixin.py:188} INFO - [19:51:28] Fetched 1000 swaps from token0_in (Total: 4000)
[2026-01-26T19:51:28.579+0000] {logging_mixin.py:188} INFO - [19:51:28] Fetched 211 swaps from token0_in (Total: 4211)
[2026-01-26T19:51:29.977+0000] {logging_mixin.py:188} INFO - [19:51:29] Fetched 1000 swaps from token1_in (Total: 1000)
[2026-01-26T19:51:31.448+0000] {logging_mixin.py:188} INFO - [19:51:31] Fetched 1000 swaps from token1_in (Total: 2000)
[2026-01-26T19:51:32.858+0000] {logging_mixin.py:188} INFO - [19:51:32] Fetched 1000 swaps from token1_in (Total: 3000)
[2026-01-26T19:51:34.293+0000] {logging_mixin.py:188} INFO - [19:51:34] Fetched 1000 swaps from token1_in (Total: 4000)
[2026-01-26T19:51:35.615+0000] {logging_mixin.py:188} INFO - [19:51:35] Fetched 1000 swaps from token1_in (Total: 5000)
[2026-01-26T19:51:36.610+0000] {logging_mixin.py:188} INFO - [19:51:36] Fetched 732 swaps from token1_in (Total: 5732)
[2026-01-26T19:51:36.702+0000] {logging_mixin.py:188} INFO - Fetch complete. Total unique swaps processed: 6625
[2026-01-26T19:51:36.702+0000] {logging_mixin.py:188} INFO - Successfully synchronized swaps.
[2026-01-26T19:51:36.705+0000] {python.py:201} INFO - Done. Returned value was: None
[2026-01-26T19:51:36.709+0000] {logging_mixin.py:188} WARNING - /home/***/.local/lib/python3.8/site-packages/***/models/baseoperator.py:1469 RemovedInAirflow3Warning: Passing 'execution_date' to 'TaskInstance.xcom_push()' is deprecated.
[2026-01-26T19:51:36.724+0000] {taskinstance.py:1138} INFO - Marking task as SUCCESS. dag_id=the_graph_uniswap_v3_swaps, task_id=fetch_and_store_swaps, execution_date=20260126T180000, start_date=20260126T192745, end_date=20260126T195136
[2026-01-26T19:51:36.739+0000] {local_task_job_runner.py:234} INFO - Task exited with return code 0
[2026-01-26T19:51:36.749+0000] {taskinstance.py:3280} INFO - 0 downstream tasks scheduled from follow-on schedule check
