[2026-01-27T04:00:01.015+0000] {taskinstance.py:1956} INFO - Dependencies all met for dep_context=non-requeueable deps ti=<TaskInstance: the_graph_uniswap_v3_swaps.fetch_and_store_swaps scheduled__2026-01-27T03:00:00+00:00 [queued]>
[2026-01-27T04:00:01.020+0000] {taskinstance.py:1956} INFO - Dependencies all met for dep_context=requeueable deps ti=<TaskInstance: the_graph_uniswap_v3_swaps.fetch_and_store_swaps scheduled__2026-01-27T03:00:00+00:00 [queued]>
[2026-01-27T04:00:01.021+0000] {taskinstance.py:2170} INFO - Starting attempt 1 of 2
[2026-01-27T04:00:01.028+0000] {taskinstance.py:2191} INFO - Executing <Task(PythonOperator): fetch_and_store_swaps> on 2026-01-27 03:00:00+00:00
[2026-01-27T04:00:01.033+0000] {standard_task_runner.py:60} INFO - Started process 6657 to run task
[2026-01-27T04:00:01.039+0000] {standard_task_runner.py:87} INFO - Running: ['***', 'tasks', 'run', 'the_graph_uniswap_v3_swaps', 'fetch_and_store_swaps', 'scheduled__2026-01-27T03:00:00+00:00', '--job-id', '183', '--raw', '--subdir', 'DAGS_FOLDER/the_graph_uniswap_v3_swaps_dag.py', '--cfg-path', '/tmp/tmpery7i10t']
[2026-01-27T04:00:01.046+0000] {standard_task_runner.py:88} INFO - Job 183: Subtask fetch_and_store_swaps
[2026-01-27T04:00:01.086+0000] {task_command.py:423} INFO - Running <TaskInstance: the_graph_uniswap_v3_swaps.fetch_and_store_swaps scheduled__2026-01-27T03:00:00+00:00 [running]> on host f2da44f39545
[2026-01-27T04:00:01.146+0000] {taskinstance.py:2480} INFO - Exporting env vars: AIRFLOW_CTX_DAG_OWNER='***' AIRFLOW_CTX_DAG_ID='the_graph_uniswap_v3_swaps' AIRFLOW_CTX_TASK_ID='fetch_and_store_swaps' AIRFLOW_CTX_EXECUTION_DATE='2026-01-27T03:00:00+00:00' AIRFLOW_CTX_TRY_NUMBER='1' AIRFLOW_CTX_DAG_RUN_ID='scheduled__2026-01-27T03:00:00+00:00'
[2026-01-27T04:00:01.154+0000] {logging_mixin.py:188} INFO - Incremental run: Last record at 2026-01-27 02:59:59. Fetching new swaps...
[2026-01-27T04:00:01.154+0000] {logging_mixin.py:188} INFO - Fetching swaps from 2026-01-27 03:00:00 to 2026-01-27 04:00:01.154330
[2026-01-27T04:00:02.735+0000] {logging_mixin.py:188} INFO - [04:00:02] Fetched 1000 swaps from token0_in (Total: 1000)
[2026-01-27T04:00:04.028+0000] {logging_mixin.py:188} INFO - [04:00:04] Fetched 728 swaps from token0_in (Total: 1728)
[2026-01-27T04:00:05.373+0000] {logging_mixin.py:188} INFO - [04:00:05] Fetched 1000 swaps from token1_in (Total: 1000)
[2026-01-27T04:00:06.717+0000] {logging_mixin.py:188} INFO - [04:00:06] Fetched 1000 swaps from token1_in (Total: 2000)
[2026-01-27T04:00:08.060+0000] {logging_mixin.py:188} INFO - [04:00:08] Fetched 918 swaps from token1_in (Total: 2918)
[2026-01-27T04:00:08.234+0000] {logging_mixin.py:188} INFO - Fetch complete. Total unique swaps processed: 3244
[2026-01-27T04:00:08.235+0000] {logging_mixin.py:188} INFO - Successfully synchronized swaps.
[2026-01-27T04:00:08.239+0000] {python.py:201} INFO - Done. Returned value was: None
[2026-01-27T04:00:08.243+0000] {logging_mixin.py:188} WARNING - /home/***/.local/lib/python3.8/site-packages/***/models/baseoperator.py:1469 RemovedInAirflow3Warning: Passing 'execution_date' to 'TaskInstance.xcom_push()' is deprecated.
[2026-01-27T04:00:08.260+0000] {taskinstance.py:1138} INFO - Marking task as SUCCESS. dag_id=the_graph_uniswap_v3_swaps, task_id=fetch_and_store_swaps, execution_date=20260127T030000, start_date=20260127T040001, end_date=20260127T040008
[2026-01-27T04:00:08.282+0000] {local_task_job_runner.py:234} INFO - Task exited with return code 0
[2026-01-27T04:00:08.294+0000] {taskinstance.py:3280} INFO - 0 downstream tasks scheduled from follow-on schedule check
