[2026-01-25T19:15:09.442+0000] {taskinstance.py:1956} INFO - Dependencies all met for dep_context=non-requeueable deps ti=<TaskInstance: the_graph_uniswap_v3_swaps.fetch_and_store_swaps scheduled__2026-01-25T17:00:00+00:00 [queued]>
[2026-01-25T19:15:09.448+0000] {taskinstance.py:1956} INFO - Dependencies all met for dep_context=requeueable deps ti=<TaskInstance: the_graph_uniswap_v3_swaps.fetch_and_store_swaps scheduled__2026-01-25T17:00:00+00:00 [queued]>
[2026-01-25T19:15:09.449+0000] {taskinstance.py:2170} INFO - Starting attempt 2 of 2
[2026-01-25T19:15:09.458+0000] {taskinstance.py:2191} INFO - Executing <Task(PythonOperator): fetch_and_store_swaps> on 2026-01-25 17:00:00+00:00
[2026-01-25T19:15:09.469+0000] {standard_task_runner.py:60} INFO - Started process 50306 to run task
[2026-01-25T19:15:09.475+0000] {standard_task_runner.py:87} INFO - Running: ['***', 'tasks', 'run', 'the_graph_uniswap_v3_swaps', 'fetch_and_store_swaps', 'scheduled__2026-01-25T17:00:00+00:00', '--job-id', '32', '--raw', '--subdir', 'DAGS_FOLDER/the_graph_uniswap_v3_swaps_dag.py', '--cfg-path', '/tmp/tmpkq4scycu']
[2026-01-25T19:15:09.477+0000] {standard_task_runner.py:88} INFO - Job 32: Subtask fetch_and_store_swaps
[2026-01-25T19:15:09.523+0000] {task_command.py:423} INFO - Running <TaskInstance: the_graph_uniswap_v3_swaps.fetch_and_store_swaps scheduled__2026-01-25T17:00:00+00:00 [running]> on host f2da44f39545
[2026-01-25T19:15:09.580+0000] {taskinstance.py:2480} INFO - Exporting env vars: AIRFLOW_CTX_DAG_OWNER='***' AIRFLOW_CTX_DAG_ID='the_graph_uniswap_v3_swaps' AIRFLOW_CTX_TASK_ID='fetch_and_store_swaps' AIRFLOW_CTX_EXECUTION_DATE='2026-01-25T17:00:00+00:00' AIRFLOW_CTX_TRY_NUMBER='2' AIRFLOW_CTX_DAG_RUN_ID='scheduled__2026-01-25T17:00:00+00:00'
[2026-01-25T19:15:09.593+0000] {logging_mixin.py:188} INFO - Incremental run: Last record at 2026-01-14 01:00:11. Fetching new swaps...
[2026-01-25T19:15:09.593+0000] {logging_mixin.py:188} INFO - Fetching swaps from 2026-01-14 01:00:12 to 2026-01-25 19:15:09.593927
[2026-01-25T19:15:10.842+0000] {logging_mixin.py:188} INFO - [19:15:10] Fetched 1000 swaps from token0_in (Total: 1000)
[2026-01-25T19:15:12.203+0000] {logging_mixin.py:188} INFO - [19:15:12] Fetched 1000 swaps from token0_in (Total: 2000)
[2026-01-25T19:15:13.555+0000] {logging_mixin.py:188} INFO - [19:15:13] Fetched 1000 swaps from token0_in (Total: 3000)
[2026-01-25T19:15:15.422+0000] {logging_mixin.py:188} INFO - [19:15:15] Fetched 1000 swaps from token0_in (Total: 4000)
[2026-01-25T19:15:17.097+0000] {logging_mixin.py:188} INFO - [19:15:17] Fetched 1000 swaps from token0_in (Total: 5000)
[2026-01-25T19:15:18.927+0000] {logging_mixin.py:188} INFO - [19:15:18] Fetched 1000 swaps from token0_in (Total: 6000)
[2026-01-25T19:15:20.910+0000] {logging_mixin.py:188} INFO - [19:15:20] Fetched 1000 swaps from token0_in (Total: 7000)
[2026-01-25T19:15:22.611+0000] {logging_mixin.py:188} INFO - [19:15:22] Fetched 1000 swaps from token0_in (Total: 8000)
[2026-01-25T19:15:24.227+0000] {logging_mixin.py:188} INFO - [19:15:24] Fetched 1000 swaps from token0_in (Total: 9000)
[2026-01-25T19:15:26.336+0000] {logging_mixin.py:188} INFO - [19:15:26] Fetched 1000 swaps from token0_in (Total: 10000)
[2026-01-25T19:15:27.990+0000] {logging_mixin.py:188} INFO - [19:15:27] Fetched 1000 swaps from token0_in (Total: 11000)
[2026-01-25T19:15:29.801+0000] {logging_mixin.py:188} INFO - [19:15:29] Fetched 1000 swaps from token0_in (Total: 12000)
[2026-01-25T19:15:31.715+0000] {logging_mixin.py:188} INFO - [19:15:31] Fetched 1000 swaps from token0_in (Total: 13000)
[2026-01-25T19:15:33.449+0000] {logging_mixin.py:188} INFO - [19:15:33] Fetched 1000 swaps from token0_in (Total: 14000)
[2026-01-25T19:15:35.040+0000] {logging_mixin.py:188} INFO - [19:15:35] Fetched 1000 swaps from token0_in (Total: 15000)
[2026-01-25T19:15:37.316+0000] {logging_mixin.py:188} INFO - [19:15:37] Fetched 1000 swaps from token0_in (Total: 16000)
[2026-01-25T19:15:38.834+0000] {logging_mixin.py:188} INFO - [19:15:38] Fetched 1000 swaps from token0_in (Total: 17000)
[2026-01-25T19:15:40.629+0000] {logging_mixin.py:188} INFO - [19:15:40] Fetched 1000 swaps from token0_in (Total: 18000)
[2026-01-25T19:15:42.180+0000] {logging_mixin.py:188} INFO - [19:15:42] Fetched 1000 swaps from token0_in (Total: 19000)
[2026-01-25T19:15:44.119+0000] {logging_mixin.py:188} INFO - [19:15:44] Fetched 1000 swaps from token0_in (Total: 20000)
[2026-01-25T19:15:46.091+0000] {logging_mixin.py:188} INFO - [19:15:46] Fetched 1000 swaps from token0_in (Total: 21000)
[2026-01-25T19:15:47.886+0000] {logging_mixin.py:188} INFO - [19:15:47] Fetched 1000 swaps from token0_in (Total: 22000)
[2026-01-25T19:15:49.895+0000] {logging_mixin.py:188} INFO - [19:15:49] Fetched 1000 swaps from token0_in (Total: 23000)
[2026-01-25T19:15:52.066+0000] {logging_mixin.py:188} INFO - [19:15:52] Fetched 1000 swaps from token0_in (Total: 24000)
[2026-01-25T19:15:54.284+0000] {logging_mixin.py:188} INFO - [19:15:54] Fetched 1000 swaps from token0_in (Total: 25000)
[2026-01-25T19:15:57.084+0000] {logging_mixin.py:188} INFO - [19:15:57] Fetched 1000 swaps from token0_in (Total: 26000)
[2026-01-25T19:15:59.603+0000] {logging_mixin.py:188} INFO - [19:15:59] Fetched 1000 swaps from token0_in (Total: 27000)
[2026-01-25T19:16:02.232+0000] {logging_mixin.py:188} INFO - [19:16:02] Fetched 1000 swaps from token0_in (Total: 28000)
[2026-01-25T19:16:04.714+0000] {logging_mixin.py:188} INFO - [19:16:04] Fetched 1000 swaps from token0_in (Total: 29000)
[2026-01-25T19:16:08.413+0000] {logging_mixin.py:188} INFO - [19:16:08] Fetched 1000 swaps from token0_in (Total: 30000)
[2026-01-25T19:16:11.819+0000] {logging_mixin.py:188} INFO - [19:16:11] Fetched 1000 swaps from token0_in (Total: 31000)
[2026-01-25T19:16:15.353+0000] {logging_mixin.py:188} INFO - [19:16:15] Fetched 1000 swaps from token0_in (Total: 32000)
[2026-01-25T19:16:19.116+0000] {logging_mixin.py:188} INFO - [19:16:19] Fetched 1000 swaps from token0_in (Total: 33000)
[2026-01-25T19:16:20.114+0000] {logging_mixin.py:188} INFO - [19:16:20] Request failed (attempt 1/3): ('Connection aborted.', RemoteDisconnected('Remote end closed connection without response'))
[2026-01-25T19:16:22.821+0000] {logging_mixin.py:188} INFO - [19:16:22] Fetched 1000 swaps from token0_in (Total: 34000)
[2026-01-25T19:16:24.264+0000] {logging_mixin.py:188} INFO - [19:16:24] Fetched 1000 swaps from token0_in (Total: 35000)
[2026-01-25T19:16:26.694+0000] {logging_mixin.py:188} INFO - [19:16:26] Fetched 1000 swaps from token0_in (Total: 36000)
[2026-01-25T19:16:30.206+0000] {logging_mixin.py:188} INFO - [19:16:30] Fetched 1000 swaps from token0_in (Total: 37000)
[2026-01-25T19:16:33.964+0000] {logging_mixin.py:188} INFO - [19:16:33] Fetched 1000 swaps from token0_in (Total: 38000)
[2026-01-25T19:16:37.801+0000] {logging_mixin.py:188} INFO - [19:16:37] Fetched 1000 swaps from token0_in (Total: 39000)
[2026-01-25T19:16:41.503+0000] {logging_mixin.py:188} INFO - [19:16:41] Fetched 1000 swaps from token0_in (Total: 40000)
[2026-01-25T19:16:44.448+0000] {logging_mixin.py:188} INFO - [19:16:44] Fetched 1000 swaps from token0_in (Total: 41000)
[2026-01-25T19:16:46.387+0000] {logging_mixin.py:188} INFO - [19:16:46] Fetched 1000 swaps from token0_in (Total: 42000)
[2026-01-25T19:16:48.801+0000] {logging_mixin.py:188} INFO - [19:16:48] Fetched 1000 swaps from token0_in (Total: 43000)
[2026-01-25T19:16:50.742+0000] {logging_mixin.py:188} INFO - [19:16:50] Fetched 1000 swaps from token0_in (Total: 44000)
[2026-01-25T19:16:52.427+0000] {logging_mixin.py:188} INFO - [19:16:52] Fetched 1000 swaps from token0_in (Total: 45000)
[2026-01-25T19:16:55.486+0000] {logging_mixin.py:188} INFO - [19:16:55] Fetched 1000 swaps from token0_in (Total: 46000)
[2026-01-25T19:16:57.733+0000] {logging_mixin.py:188} INFO - [19:16:57] Fetched 1000 swaps from token0_in (Total: 47000)
[2026-01-25T19:16:59.403+0000] {logging_mixin.py:188} INFO - [19:16:59] Fetched 1000 swaps from token0_in (Total: 48000)
[2026-01-25T19:17:01.265+0000] {logging_mixin.py:188} INFO - [19:17:01] Fetched 1000 swaps from token0_in (Total: 49000)
[2026-01-25T19:17:03.423+0000] {logging_mixin.py:188} INFO - [19:17:03] Fetched 1000 swaps from token0_in (Total: 50000)
[2026-01-25T19:17:07.325+0000] {logging_mixin.py:188} INFO - [19:17:07] Fetched 1000 swaps from token0_in (Total: 51000)
[2026-01-25T19:17:11.684+0000] {logging_mixin.py:188} INFO - [19:17:11] Fetched 1000 swaps from token0_in (Total: 52000)
[2026-01-25T19:17:13.175+0000] {logging_mixin.py:188} INFO - [19:17:13] Fetched 1000 swaps from token0_in (Total: 53000)
[2026-01-25T19:17:15.405+0000] {logging_mixin.py:188} INFO - [19:17:15] Fetched 1000 swaps from token0_in (Total: 54000)
[2026-01-25T19:17:19.835+0000] {logging_mixin.py:188} INFO - [19:17:19] Fetched 1000 swaps from token0_in (Total: 55000)
[2026-01-25T19:17:21.843+0000] {logging_mixin.py:188} INFO - [19:17:21] Fetched 1000 swaps from token0_in (Total: 56000)
[2026-01-25T19:17:24.964+0000] {logging_mixin.py:188} INFO - [19:17:24] Fetched 1000 swaps from token0_in (Total: 57000)
[2026-01-25T19:17:27.893+0000] {logging_mixin.py:188} INFO - [19:17:27] Fetched 1000 swaps from token0_in (Total: 58000)
[2026-01-25T19:17:35.531+0000] {logging_mixin.py:188} INFO - [19:17:35] Fetched 1000 swaps from token0_in (Total: 59000)
[2026-01-25T19:17:36.987+0000] {logging_mixin.py:188} INFO - [19:17:36] Fetched 1000 swaps from token0_in (Total: 60000)
[2026-01-25T19:17:38.571+0000] {logging_mixin.py:188} INFO - [19:17:38] Fetched 1000 swaps from token0_in (Total: 61000)
[2026-01-25T19:17:39.895+0000] {logging_mixin.py:188} INFO - [19:17:39] Fetched 1000 swaps from token0_in (Total: 62000)
[2026-01-25T19:17:41.334+0000] {logging_mixin.py:188} INFO - [19:17:41] Fetched 1000 swaps from token0_in (Total: 63000)
[2026-01-25T19:17:42.396+0000] {logging_mixin.py:188} INFO - [19:17:42] Fetched 1000 swaps from token0_in (Total: 64000)
[2026-01-25T19:17:43.631+0000] {logging_mixin.py:188} INFO - [19:17:43] Fetched 1000 swaps from token0_in (Total: 65000)
[2026-01-25T19:17:45.510+0000] {logging_mixin.py:188} INFO - [19:17:45] Fetched 1000 swaps from token0_in (Total: 66000)
[2026-01-25T19:17:47.783+0000] {logging_mixin.py:188} INFO - [19:17:47] Fetched 1000 swaps from token0_in (Total: 67000)
[2026-01-25T19:17:49.796+0000] {logging_mixin.py:188} INFO - [19:17:49] Fetched 1000 swaps from token0_in (Total: 68000)
[2026-01-25T19:17:51.457+0000] {logging_mixin.py:188} INFO - [19:17:51] Fetched 1000 swaps from token0_in (Total: 69000)
[2026-01-25T19:17:53.324+0000] {logging_mixin.py:188} INFO - [19:17:53] Fetched 1000 swaps from token0_in (Total: 70000)
[2026-01-25T19:17:55.832+0000] {logging_mixin.py:188} INFO - [19:17:55] Fetched 1000 swaps from token0_in (Total: 71000)
[2026-01-25T19:17:58.677+0000] {logging_mixin.py:188} INFO - [19:17:58] Fetched 1000 swaps from token0_in (Total: 72000)
[2026-01-25T19:18:00.662+0000] {logging_mixin.py:188} INFO - [19:18:00] Fetched 1000 swaps from token0_in (Total: 73000)
[2026-01-25T19:18:02.343+0000] {logging_mixin.py:188} INFO - [19:18:02] Fetched 1000 swaps from token0_in (Total: 74000)
[2026-01-25T19:18:03.921+0000] {logging_mixin.py:188} INFO - [19:18:03] Fetched 1000 swaps from token0_in (Total: 75000)
[2026-01-25T19:18:05.554+0000] {logging_mixin.py:188} INFO - [19:18:05] Fetched 1000 swaps from token0_in (Total: 76000)
[2026-01-25T19:18:07.295+0000] {logging_mixin.py:188} INFO - [19:18:07] Fetched 1000 swaps from token0_in (Total: 77000)
[2026-01-25T19:18:09.150+0000] {logging_mixin.py:188} INFO - [19:18:09] Fetched 1000 swaps from token0_in (Total: 78000)
[2026-01-25T19:18:11.015+0000] {logging_mixin.py:188} INFO - [19:18:11] Fetched 1000 swaps from token0_in (Total: 79000)
[2026-01-25T19:18:13.112+0000] {logging_mixin.py:188} INFO - [19:18:13] Fetched 1000 swaps from token0_in (Total: 80000)
[2026-01-25T19:18:15.713+0000] {logging_mixin.py:188} INFO - [19:18:15] Fetched 1000 swaps from token0_in (Total: 81000)
[2026-01-25T19:18:18.388+0000] {logging_mixin.py:188} INFO - [19:18:18] Fetched 1000 swaps from token0_in (Total: 82000)
[2026-01-25T19:18:20.517+0000] {logging_mixin.py:188} INFO - [19:18:20] Fetched 1000 swaps from token0_in (Total: 83000)
[2026-01-25T19:18:22.374+0000] {logging_mixin.py:188} INFO - [19:18:22] Fetched 1000 swaps from token0_in (Total: 84000)
[2026-01-25T19:18:24.804+0000] {logging_mixin.py:188} INFO - [19:18:24] Fetched 1000 swaps from token0_in (Total: 85000)
[2026-01-25T19:18:26.728+0000] {logging_mixin.py:188} INFO - [19:18:26] Fetched 1000 swaps from token0_in (Total: 86000)
[2026-01-25T19:18:28.952+0000] {logging_mixin.py:188} INFO - [19:18:28] Fetched 1000 swaps from token0_in (Total: 87000)
[2026-01-25T19:18:31.674+0000] {logging_mixin.py:188} INFO - [19:18:31] Fetched 1000 swaps from token0_in (Total: 88000)
[2026-01-25T19:18:33.709+0000] {logging_mixin.py:188} INFO - [19:18:33] Fetched 1000 swaps from token0_in (Total: 89000)
[2026-01-25T19:18:35.693+0000] {logging_mixin.py:188} INFO - [19:18:35] Fetched 1000 swaps from token0_in (Total: 90000)
[2026-01-25T19:18:38.314+0000] {logging_mixin.py:188} INFO - [19:18:38] Fetched 1000 swaps from token0_in (Total: 91000)
[2026-01-25T19:18:40.215+0000] {logging_mixin.py:188} INFO - [19:18:40] Fetched 1000 swaps from token0_in (Total: 92000)
[2026-01-25T19:18:42.205+0000] {logging_mixin.py:188} INFO - [19:18:42] Fetched 1000 swaps from token0_in (Total: 93000)
[2026-01-25T19:18:44.167+0000] {logging_mixin.py:188} INFO - [19:18:44] Fetched 1000 swaps from token0_in (Total: 94000)
[2026-01-25T19:18:45.872+0000] {logging_mixin.py:188} INFO - [19:18:45] Fetched 1000 swaps from token0_in (Total: 95000)
[2026-01-25T19:18:48.075+0000] {logging_mixin.py:188} INFO - [19:18:48] Fetched 1000 swaps from token0_in (Total: 96000)
[2026-01-25T19:18:50.585+0000] {logging_mixin.py:188} INFO - [19:18:50] Fetched 1000 swaps from token0_in (Total: 97000)
[2026-01-25T19:18:53.827+0000] {logging_mixin.py:188} INFO - [19:18:53] Fetched 1000 swaps from token0_in (Total: 98000)
[2026-01-25T19:18:56.546+0000] {logging_mixin.py:188} INFO - [19:18:56] Fetched 1000 swaps from token0_in (Total: 99000)
[2026-01-25T19:18:59.385+0000] {logging_mixin.py:188} INFO - [19:18:59] Fetched 1000 swaps from token0_in (Total: 100000)
[2026-01-25T19:19:01.296+0000] {logging_mixin.py:188} INFO - [19:19:01] Fetched 1000 swaps from token0_in (Total: 101000)
[2026-01-25T19:19:03.318+0000] {logging_mixin.py:188} INFO - [19:19:03] Fetched 1000 swaps from token0_in (Total: 102000)
[2026-01-25T19:19:05.316+0000] {logging_mixin.py:188} INFO - [19:19:05] Fetched 1000 swaps from token0_in (Total: 103000)
[2026-01-25T19:19:06.901+0000] {logging_mixin.py:188} INFO - [19:19:06] Fetched 1000 swaps from token0_in (Total: 104000)
[2026-01-25T19:19:07.520+0000] {logging_mixin.py:188} INFO - [19:19:07] Request failed (attempt 1/3): ('Connection aborted.', RemoteDisconnected('Remote end closed connection without response'))
[2026-01-25T19:19:10.249+0000] {logging_mixin.py:188} INFO - [19:19:10] Fetched 1000 swaps from token0_in (Total: 105000)
[2026-01-25T19:19:11.453+0000] {logging_mixin.py:188} INFO - [19:19:11] Fetched 1000 swaps from token0_in (Total: 106000)
[2026-01-25T19:19:13.216+0000] {logging_mixin.py:188} INFO - [19:19:13] Fetched 1000 swaps from token0_in (Total: 107000)
[2026-01-25T19:19:14.767+0000] {logging_mixin.py:188} INFO - [19:19:14] Fetched 1000 swaps from token0_in (Total: 108000)
[2026-01-25T19:19:16.741+0000] {logging_mixin.py:188} INFO - [19:19:16] Fetched 1000 swaps from token0_in (Total: 109000)
[2026-01-25T19:19:20.725+0000] {logging_mixin.py:188} INFO - [19:19:20] Fetched 1000 swaps from token0_in (Total: 110000)
[2026-01-25T19:19:23.227+0000] {logging_mixin.py:188} INFO - [19:19:23] Fetched 1000 swaps from token0_in (Total: 111000)
[2026-01-25T19:19:25.246+0000] {logging_mixin.py:188} INFO - [19:19:25] Fetched 1000 swaps from token0_in (Total: 112000)
[2026-01-25T19:19:27.328+0000] {logging_mixin.py:188} INFO - [19:19:27] Fetched 1000 swaps from token0_in (Total: 113000)
[2026-01-25T19:19:29.164+0000] {logging_mixin.py:188} INFO - [19:19:29] Fetched 1000 swaps from token0_in (Total: 114000)
[2026-01-25T19:19:31.288+0000] {logging_mixin.py:188} INFO - [19:19:31] Fetched 1000 swaps from token0_in (Total: 115000)
[2026-01-25T19:19:33.166+0000] {logging_mixin.py:188} INFO - [19:19:33] Fetched 1000 swaps from token0_in (Total: 116000)
[2026-01-25T19:19:35.242+0000] {logging_mixin.py:188} INFO - [19:19:35] Fetched 1000 swaps from token0_in (Total: 117000)
[2026-01-25T19:19:37.050+0000] {logging_mixin.py:188} INFO - [19:19:37] Fetched 1000 swaps from token0_in (Total: 118000)
[2026-01-25T19:19:38.701+0000] {logging_mixin.py:188} INFO - [19:19:38] Fetched 1000 swaps from token0_in (Total: 119000)
[2026-01-25T19:19:40.587+0000] {logging_mixin.py:188} INFO - [19:19:40] Fetched 1000 swaps from token0_in (Total: 120000)
[2026-01-25T19:19:42.439+0000] {logging_mixin.py:188} INFO - [19:19:42] Fetched 1000 swaps from token0_in (Total: 121000)
[2026-01-25T19:19:44.436+0000] {logging_mixin.py:188} INFO - [19:19:44] Fetched 1000 swaps from token0_in (Total: 122000)
[2026-01-25T19:19:46.059+0000] {logging_mixin.py:188} INFO - [19:19:46] Fetched 1000 swaps from token0_in (Total: 123000)
[2026-01-25T19:19:48.655+0000] {logging_mixin.py:188} INFO - [19:19:48] Fetched 1000 swaps from token0_in (Total: 124000)
[2026-01-25T19:19:51.346+0000] {logging_mixin.py:188} INFO - [19:19:51] Fetched 1000 swaps from token0_in (Total: 125000)
[2026-01-25T19:19:53.150+0000] {logging_mixin.py:188} INFO - [19:19:53] Fetched 1000 swaps from token0_in (Total: 126000)
[2026-01-25T19:19:55.713+0000] {logging_mixin.py:188} INFO - [19:19:55] Fetched 1000 swaps from token0_in (Total: 127000)
[2026-01-25T19:19:56.933+0000] {logging_mixin.py:188} INFO - [19:19:56] Fetched 1000 swaps from token0_in (Total: 128000)
[2026-01-25T19:19:58.483+0000] {logging_mixin.py:188} INFO - [19:19:58] Fetched 1000 swaps from token0_in (Total: 129000)
[2026-01-25T19:20:00.559+0000] {logging_mixin.py:188} INFO - [19:20:00] Fetched 1000 swaps from token0_in (Total: 130000)
[2026-01-25T19:20:02.071+0000] {logging_mixin.py:188} INFO - [19:20:02] Fetched 1000 swaps from token0_in (Total: 131000)
[2026-01-25T19:20:03.851+0000] {logging_mixin.py:188} INFO - [19:20:03] Fetched 1000 swaps from token0_in (Total: 132000)
[2026-01-25T19:20:05.234+0000] {logging_mixin.py:188} INFO - [19:20:05] Fetched 1000 swaps from token0_in (Total: 133000)
[2026-01-25T19:20:06.969+0000] {logging_mixin.py:188} INFO - [19:20:06] Fetched 1000 swaps from token0_in (Total: 134000)
[2026-01-25T19:20:08.341+0000] {logging_mixin.py:188} INFO - [19:20:08] Fetched 1000 swaps from token0_in (Total: 135000)
[2026-01-25T19:20:11.259+0000] {logging_mixin.py:188} INFO - [19:20:11] Fetched 1000 swaps from token0_in (Total: 136000)
[2026-01-25T19:20:13.190+0000] {logging_mixin.py:188} INFO - [19:20:13] Fetched 1000 swaps from token0_in (Total: 137000)
[2026-01-25T19:20:14.935+0000] {logging_mixin.py:188} INFO - [19:20:14] Fetched 1000 swaps from token0_in (Total: 138000)
[2026-01-25T19:20:16.578+0000] {logging_mixin.py:188} INFO - [19:20:16] Fetched 1000 swaps from token0_in (Total: 139000)
[2026-01-25T19:20:19.720+0000] {logging_mixin.py:188} INFO - [19:20:19] Fetched 1000 swaps from token0_in (Total: 140000)
[2026-01-25T19:20:21.012+0000] {logging_mixin.py:188} INFO - [19:20:21] Fetched 1000 swaps from token0_in (Total: 141000)
[2026-01-25T19:20:22.165+0000] {logging_mixin.py:188} INFO - [19:20:22] Fetched 1000 swaps from token0_in (Total: 142000)
[2026-01-25T19:20:23.363+0000] {logging_mixin.py:188} INFO - [19:20:23] Fetched 1000 swaps from token0_in (Total: 143000)
[2026-01-25T19:20:25.048+0000] {logging_mixin.py:188} INFO - [19:20:25] Fetched 1000 swaps from token0_in (Total: 144000)
[2026-01-25T19:20:26.660+0000] {logging_mixin.py:188} INFO - [19:20:26] Fetched 1000 swaps from token0_in (Total: 145000)
[2026-01-25T19:20:28.183+0000] {logging_mixin.py:188} INFO - [19:20:28] Fetched 1000 swaps from token0_in (Total: 146000)
[2026-01-25T19:20:30.931+0000] {logging_mixin.py:188} INFO - [19:20:30] Fetched 1000 swaps from token0_in (Total: 147000)
[2026-01-25T19:20:32.290+0000] {logging_mixin.py:188} INFO - [19:20:32] Fetched 1000 swaps from token0_in (Total: 148000)
[2026-01-25T19:20:33.549+0000] {logging_mixin.py:188} INFO - [19:20:33] Fetched 1000 swaps from token0_in (Total: 149000)
[2026-01-25T19:20:35.077+0000] {logging_mixin.py:188} INFO - [19:20:35] Fetched 1000 swaps from token0_in (Total: 150000)
[2026-01-25T19:20:36.863+0000] {logging_mixin.py:188} INFO - [19:20:36] Fetched 1000 swaps from token0_in (Total: 151000)
[2026-01-25T19:20:38.755+0000] {logging_mixin.py:188} INFO - [19:20:38] Fetched 1000 swaps from token0_in (Total: 152000)
[2026-01-25T19:20:41.007+0000] {logging_mixin.py:188} INFO - [19:20:41] Fetched 1000 swaps from token0_in (Total: 153000)
[2026-01-25T19:20:43.011+0000] {logging_mixin.py:188} INFO - [19:20:43] Fetched 1000 swaps from token0_in (Total: 154000)
[2026-01-25T19:20:45.079+0000] {logging_mixin.py:188} INFO - [19:20:45] Fetched 1000 swaps from token0_in (Total: 155000)
[2026-01-25T19:20:47.148+0000] {logging_mixin.py:188} INFO - [19:20:47] Fetched 1000 swaps from token0_in (Total: 156000)
[2026-01-25T19:20:48.527+0000] {logging_mixin.py:188} INFO - [19:20:48] Fetched 1000 swaps from token0_in (Total: 157000)
[2026-01-25T19:20:50.370+0000] {logging_mixin.py:188} INFO - [19:20:50] Fetched 1000 swaps from token0_in (Total: 158000)
[2026-01-25T19:20:51.978+0000] {logging_mixin.py:188} INFO - [19:20:51] Fetched 1000 swaps from token0_in (Total: 159000)
[2026-01-25T19:20:53.584+0000] {logging_mixin.py:188} INFO - [19:20:53] Fetched 1000 swaps from token0_in (Total: 160000)
[2026-01-25T19:20:55.791+0000] {logging_mixin.py:188} INFO - [19:20:55] Fetched 1000 swaps from token0_in (Total: 161000)
[2026-01-25T19:20:57.620+0000] {logging_mixin.py:188} INFO - [19:20:57] Fetched 1000 swaps from token0_in (Total: 162000)
[2026-01-25T19:20:59.133+0000] {logging_mixin.py:188} INFO - [19:20:59] Fetched 1000 swaps from token0_in (Total: 163000)
[2026-01-25T19:21:00.954+0000] {logging_mixin.py:188} INFO - [19:21:00] Fetched 1000 swaps from token0_in (Total: 164000)
[2026-01-25T19:21:02.772+0000] {logging_mixin.py:188} INFO - [19:21:02] Fetched 1000 swaps from token0_in (Total: 165000)
[2026-01-25T19:21:04.344+0000] {logging_mixin.py:188} INFO - [19:21:04] Fetched 1000 swaps from token0_in (Total: 166000)
[2026-01-25T19:21:06.066+0000] {logging_mixin.py:188} INFO - [19:21:06] Fetched 1000 swaps from token0_in (Total: 167000)
[2026-01-25T19:21:08.212+0000] {logging_mixin.py:188} INFO - [19:21:08] Fetched 1000 swaps from token0_in (Total: 168000)
[2026-01-25T19:21:09.623+0000] {logging_mixin.py:188} INFO - [19:21:09] Fetched 1000 swaps from token0_in (Total: 169000)
[2026-01-25T19:21:11.240+0000] {logging_mixin.py:188} INFO - [19:21:11] Fetched 1000 swaps from token0_in (Total: 170000)
[2026-01-25T19:21:13.019+0000] {logging_mixin.py:188} INFO - [19:21:13] Fetched 1000 swaps from token0_in (Total: 171000)
[2026-01-25T19:21:15.217+0000] {logging_mixin.py:188} INFO - [19:21:15] Fetched 1000 swaps from token0_in (Total: 172000)
[2026-01-25T19:21:16.853+0000] {logging_mixin.py:188} INFO - [19:21:16] Fetched 1000 swaps from token0_in (Total: 173000)
[2026-01-25T19:21:18.732+0000] {logging_mixin.py:188} INFO - [19:21:18] Fetched 1000 swaps from token0_in (Total: 174000)
[2026-01-25T19:21:20.707+0000] {logging_mixin.py:188} INFO - [19:21:20] Fetched 1000 swaps from token0_in (Total: 175000)
[2026-01-25T19:21:22.477+0000] {logging_mixin.py:188} INFO - [19:21:22] Fetched 1000 swaps from token0_in (Total: 176000)
[2026-01-25T19:21:24.142+0000] {logging_mixin.py:188} INFO - [19:21:24] Fetched 1000 swaps from token0_in (Total: 177000)
[2026-01-25T19:21:26.309+0000] {logging_mixin.py:188} INFO - [19:21:26] Fetched 1000 swaps from token0_in (Total: 178000)
[2026-01-25T19:21:28.218+0000] {logging_mixin.py:188} INFO - [19:21:28] Fetched 1000 swaps from token0_in (Total: 179000)
[2026-01-25T19:21:29.920+0000] {logging_mixin.py:188} INFO - [19:21:29] Fetched 1000 swaps from token0_in (Total: 180000)
[2026-01-25T19:21:31.810+0000] {logging_mixin.py:188} INFO - [19:21:31] Fetched 1000 swaps from token0_in (Total: 181000)
[2026-01-25T19:21:33.778+0000] {logging_mixin.py:188} INFO - [19:21:33] Fetched 1000 swaps from token0_in (Total: 182000)
[2026-01-25T19:21:35.255+0000] {logging_mixin.py:188} INFO - [19:21:35] Fetched 1000 swaps from token0_in (Total: 183000)
[2026-01-25T19:21:36.944+0000] {logging_mixin.py:188} INFO - [19:21:36] Fetched 1000 swaps from token0_in (Total: 184000)
[2026-01-25T19:21:38.738+0000] {logging_mixin.py:188} INFO - [19:21:38] Fetched 1000 swaps from token0_in (Total: 185000)
[2026-01-25T19:21:40.556+0000] {logging_mixin.py:188} INFO - [19:21:40] Fetched 1000 swaps from token0_in (Total: 186000)
[2026-01-25T19:21:42.264+0000] {logging_mixin.py:188} INFO - [19:21:42] Fetched 1000 swaps from token0_in (Total: 187000)
[2026-01-25T19:21:44.165+0000] {logging_mixin.py:188} INFO - [19:21:44] Fetched 1000 swaps from token0_in (Total: 188000)
[2026-01-25T19:21:46.038+0000] {logging_mixin.py:188} INFO - [19:21:46] Fetched 1000 swaps from token0_in (Total: 189000)
[2026-01-25T19:21:47.581+0000] {logging_mixin.py:188} INFO - [19:21:47] Fetched 1000 swaps from token0_in (Total: 190000)
[2026-01-25T19:21:49.337+0000] {logging_mixin.py:188} INFO - [19:21:49] Fetched 1000 swaps from token0_in (Total: 191000)
[2026-01-25T19:21:51.220+0000] {logging_mixin.py:188} INFO - [19:21:51] Fetched 1000 swaps from token0_in (Total: 192000)
[2026-01-25T19:21:52.936+0000] {logging_mixin.py:188} INFO - [19:21:52] Fetched 1000 swaps from token0_in (Total: 193000)
[2026-01-25T19:21:54.646+0000] {logging_mixin.py:188} INFO - [19:21:54] Fetched 1000 swaps from token0_in (Total: 194000)
[2026-01-25T19:21:56.318+0000] {logging_mixin.py:188} INFO - [19:21:56] Fetched 1000 swaps from token0_in (Total: 195000)
[2026-01-25T19:21:58.401+0000] {logging_mixin.py:188} INFO - [19:21:58] Fetched 1000 swaps from token0_in (Total: 196000)
[2026-01-25T19:21:59.827+0000] {logging_mixin.py:188} INFO - [19:21:59] Fetched 1000 swaps from token0_in (Total: 197000)
[2026-01-25T19:22:01.783+0000] {logging_mixin.py:188} INFO - [19:22:01] Fetched 1000 swaps from token0_in (Total: 198000)
[2026-01-25T19:22:03.915+0000] {logging_mixin.py:188} INFO - [19:22:03] Fetched 1000 swaps from token0_in (Total: 199000)
[2026-01-25T19:22:05.753+0000] {logging_mixin.py:188} INFO - [19:22:05] Fetched 1000 swaps from token0_in (Total: 200000)
[2026-01-25T19:22:07.860+0000] {logging_mixin.py:188} INFO - [19:22:07] Fetched 1000 swaps from token0_in (Total: 201000)
[2026-01-25T19:22:09.852+0000] {logging_mixin.py:188} INFO - [19:22:09] Fetched 1000 swaps from token0_in (Total: 202000)
[2026-01-25T19:22:11.667+0000] {logging_mixin.py:188} INFO - [19:22:11] Fetched 1000 swaps from token0_in (Total: 203000)
[2026-01-25T19:22:13.878+0000] {logging_mixin.py:188} INFO - [19:22:13] Fetched 1000 swaps from token0_in (Total: 204000)
[2026-01-25T19:22:16.767+0000] {logging_mixin.py:188} INFO - [19:22:16] Fetched 1000 swaps from token0_in (Total: 205000)
[2026-01-25T19:22:18.670+0000] {logging_mixin.py:188} INFO - [19:22:18] Fetched 1000 swaps from token0_in (Total: 206000)
[2026-01-25T19:22:20.639+0000] {logging_mixin.py:188} INFO - [19:22:20] Fetched 1000 swaps from token0_in (Total: 207000)
[2026-01-25T19:22:21.991+0000] {logging_mixin.py:188} INFO - [19:22:21] Fetched 1000 swaps from token0_in (Total: 208000)
[2026-01-25T19:22:23.786+0000] {logging_mixin.py:188} INFO - [19:22:23] Fetched 1000 swaps from token0_in (Total: 209000)
[2026-01-25T19:22:25.307+0000] {logging_mixin.py:188} INFO - [19:22:25] Fetched 1000 swaps from token0_in (Total: 210000)
[2026-01-25T19:22:27.264+0000] {logging_mixin.py:188} INFO - [19:22:27] Fetched 1000 swaps from token0_in (Total: 211000)
[2026-01-25T19:22:28.733+0000] {logging_mixin.py:188} INFO - [19:22:28] Fetched 1000 swaps from token0_in (Total: 212000)
[2026-01-25T19:22:30.254+0000] {logging_mixin.py:188} INFO - [19:22:30] Fetched 1000 swaps from token0_in (Total: 213000)
[2026-01-25T19:22:31.838+0000] {logging_mixin.py:188} INFO - [19:22:31] Fetched 1000 swaps from token0_in (Total: 214000)
[2026-01-25T19:22:34.049+0000] {logging_mixin.py:188} INFO - [19:22:34] Fetched 1000 swaps from token0_in (Total: 215000)
[2026-01-25T19:22:35.567+0000] {logging_mixin.py:188} INFO - [19:22:35] Fetched 1000 swaps from token0_in (Total: 216000)
[2026-01-25T19:22:37.024+0000] {logging_mixin.py:188} INFO - [19:22:37] Fetched 1000 swaps from token0_in (Total: 217000)
[2026-01-25T19:22:38.620+0000] {logging_mixin.py:188} INFO - [19:22:38] Fetched 1000 swaps from token0_in (Total: 218000)
[2026-01-25T19:22:40.370+0000] {logging_mixin.py:188} INFO - [19:22:40] Fetched 1000 swaps from token0_in (Total: 219000)
[2026-01-25T19:22:41.865+0000] {logging_mixin.py:188} INFO - [19:22:41] Fetched 1000 swaps from token0_in (Total: 220000)
[2026-01-25T19:22:43.333+0000] {logging_mixin.py:188} INFO - [19:22:43] Fetched 1000 swaps from token0_in (Total: 221000)
[2026-01-25T19:22:44.889+0000] {logging_mixin.py:188} INFO - [19:22:44] Fetched 1000 swaps from token0_in (Total: 222000)
[2026-01-25T19:22:47.238+0000] {logging_mixin.py:188} INFO - [19:22:47] Fetched 1000 swaps from token0_in (Total: 223000)
[2026-01-25T19:22:48.800+0000] {logging_mixin.py:188} INFO - [19:22:48] Fetched 1000 swaps from token0_in (Total: 224000)
[2026-01-25T19:22:50.388+0000] {logging_mixin.py:188} INFO - [19:22:50] Fetched 1000 swaps from token0_in (Total: 225000)
[2026-01-25T19:22:51.591+0000] {logging_mixin.py:188} INFO - [19:22:51] Fetched 1000 swaps from token0_in (Total: 226000)
[2026-01-25T19:22:53.366+0000] {logging_mixin.py:188} INFO - [19:22:53] Fetched 1000 swaps from token0_in (Total: 227000)
[2026-01-25T19:22:55.021+0000] {logging_mixin.py:188} INFO - [19:22:55] Fetched 1000 swaps from token0_in (Total: 228000)
[2026-01-25T19:22:56.431+0000] {logging_mixin.py:188} INFO - [19:22:56] Fetched 1000 swaps from token0_in (Total: 229000)
[2026-01-25T19:22:58.103+0000] {logging_mixin.py:188} INFO - [19:22:58] Fetched 1000 swaps from token0_in (Total: 230000)
[2026-01-25T19:22:59.753+0000] {logging_mixin.py:188} INFO - [19:22:59] Fetched 1000 swaps from token0_in (Total: 231000)
[2026-01-25T19:23:01.362+0000] {logging_mixin.py:188} INFO - [19:23:01] Fetched 1000 swaps from token0_in (Total: 232000)
[2026-01-25T19:23:02.881+0000] {logging_mixin.py:188} INFO - [19:23:02] Fetched 1000 swaps from token0_in (Total: 233000)
[2026-01-25T19:23:04.489+0000] {logging_mixin.py:188} INFO - [19:23:04] Fetched 1000 swaps from token0_in (Total: 234000)
[2026-01-25T19:23:05.952+0000] {logging_mixin.py:188} INFO - [19:23:05] Fetched 1000 swaps from token0_in (Total: 235000)
[2026-01-25T19:23:07.356+0000] {logging_mixin.py:188} INFO - [19:23:07] Fetched 1000 swaps from token0_in (Total: 236000)
[2026-01-25T19:23:09.124+0000] {logging_mixin.py:188} INFO - [19:23:09] Fetched 1000 swaps from token0_in (Total: 237000)
[2026-01-25T19:23:10.525+0000] {logging_mixin.py:188} INFO - [19:23:10] Fetched 1000 swaps from token0_in (Total: 238000)
[2026-01-25T19:23:11.958+0000] {logging_mixin.py:188} INFO - [19:23:11] Fetched 1000 swaps from token0_in (Total: 239000)
[2026-01-25T19:23:13.661+0000] {logging_mixin.py:188} INFO - [19:23:13] Fetched 1000 swaps from token0_in (Total: 240000)
[2026-01-25T19:23:15.288+0000] {logging_mixin.py:188} INFO - [19:23:15] Fetched 1000 swaps from token0_in (Total: 241000)
[2026-01-25T19:23:16.730+0000] {logging_mixin.py:188} INFO - [19:23:16] Fetched 1000 swaps from token0_in (Total: 242000)
[2026-01-25T19:23:18.249+0000] {logging_mixin.py:188} INFO - [19:23:18] Fetched 1000 swaps from token0_in (Total: 243000)
[2026-01-25T19:23:19.907+0000] {logging_mixin.py:188} INFO - [19:23:19] Fetched 1000 swaps from token0_in (Total: 244000)
[2026-01-25T19:23:21.757+0000] {logging_mixin.py:188} INFO - [19:23:21] Fetched 1000 swaps from token0_in (Total: 245000)
[2026-01-25T19:23:23.362+0000] {logging_mixin.py:188} INFO - [19:23:23] Fetched 1000 swaps from token0_in (Total: 246000)
[2026-01-25T19:23:25.024+0000] {logging_mixin.py:188} INFO - [19:23:25] Fetched 1000 swaps from token0_in (Total: 247000)
[2026-01-25T19:23:26.757+0000] {logging_mixin.py:188} INFO - [19:23:26] Fetched 1000 swaps from token0_in (Total: 248000)
[2026-01-25T19:23:28.621+0000] {logging_mixin.py:188} INFO - [19:23:28] Fetched 1000 swaps from token0_in (Total: 249000)
[2026-01-25T19:23:30.171+0000] {logging_mixin.py:188} INFO - [19:23:30] Fetched 1000 swaps from token0_in (Total: 250000)
[2026-01-25T19:23:31.706+0000] {logging_mixin.py:188} INFO - [19:23:31] Fetched 1000 swaps from token0_in (Total: 251000)
[2026-01-25T19:23:33.768+0000] {logging_mixin.py:188} INFO - [19:23:33] Fetched 1000 swaps from token0_in (Total: 252000)
[2026-01-25T19:23:35.813+0000] {logging_mixin.py:188} INFO - [19:23:35] Fetched 1000 swaps from token0_in (Total: 253000)
[2026-01-25T19:23:37.518+0000] {logging_mixin.py:188} INFO - [19:23:37] Fetched 1000 swaps from token0_in (Total: 254000)
[2026-01-25T19:23:39.120+0000] {logging_mixin.py:188} INFO - [19:23:39] Fetched 1000 swaps from token0_in (Total: 255000)
[2026-01-25T19:23:40.693+0000] {logging_mixin.py:188} INFO - [19:23:40] Fetched 1000 swaps from token0_in (Total: 256000)
[2026-01-25T19:23:42.296+0000] {logging_mixin.py:188} INFO - [19:23:42] Fetched 1000 swaps from token0_in (Total: 257000)
[2026-01-25T19:23:43.898+0000] {logging_mixin.py:188} INFO - [19:23:43] Fetched 1000 swaps from token0_in (Total: 258000)
[2026-01-25T19:23:45.583+0000] {logging_mixin.py:188} INFO - [19:23:45] Fetched 1000 swaps from token0_in (Total: 259000)
[2026-01-25T19:23:47.192+0000] {logging_mixin.py:188} INFO - [19:23:47] Fetched 1000 swaps from token0_in (Total: 260000)
[2026-01-25T19:23:48.783+0000] {logging_mixin.py:188} INFO - [19:23:48] Fetched 1000 swaps from token0_in (Total: 261000)
[2026-01-25T19:23:50.189+0000] {logging_mixin.py:188} INFO - [19:23:50] Fetched 1000 swaps from token0_in (Total: 262000)
[2026-01-25T19:23:51.675+0000] {logging_mixin.py:188} INFO - [19:23:51] Fetched 1000 swaps from token0_in (Total: 263000)
[2026-01-25T19:23:53.325+0000] {logging_mixin.py:188} INFO - [19:23:53] Fetched 1000 swaps from token0_in (Total: 264000)
[2026-01-25T19:23:55.018+0000] {logging_mixin.py:188} INFO - [19:23:55] Fetched 1000 swaps from token0_in (Total: 265000)
[2026-01-25T19:23:56.370+0000] {logging_mixin.py:188} INFO - [19:23:56] Fetched 1000 swaps from token0_in (Total: 266000)
[2026-01-25T19:23:58.154+0000] {logging_mixin.py:188} INFO - [19:23:58] Fetched 1000 swaps from token0_in (Total: 267000)
[2026-01-25T19:23:59.797+0000] {logging_mixin.py:188} INFO - [19:23:59] Fetched 1000 swaps from token0_in (Total: 268000)
[2026-01-25T19:24:01.164+0000] {logging_mixin.py:188} INFO - [19:24:01] Fetched 1000 swaps from token0_in (Total: 269000)
[2026-01-25T19:24:02.584+0000] {logging_mixin.py:188} INFO - [19:24:02] Fetched 1000 swaps from token0_in (Total: 270000)
[2026-01-25T19:24:04.034+0000] {logging_mixin.py:188} INFO - [19:24:04] Fetched 1000 swaps from token0_in (Total: 271000)
[2026-01-25T19:24:05.840+0000] {logging_mixin.py:188} INFO - [19:24:05] Fetched 1000 swaps from token0_in (Total: 272000)
[2026-01-25T19:24:08.020+0000] {logging_mixin.py:188} INFO - [19:24:08] Fetched 1000 swaps from token0_in (Total: 273000)
[2026-01-25T19:24:09.156+0000] {logging_mixin.py:188} INFO - [19:24:09] Fetched 1000 swaps from token0_in (Total: 274000)
[2026-01-25T19:24:10.742+0000] {logging_mixin.py:188} INFO - [19:24:10] Fetched 1000 swaps from token0_in (Total: 275000)
[2026-01-25T19:24:12.575+0000] {logging_mixin.py:188} INFO - [19:24:12] Fetched 1000 swaps from token0_in (Total: 276000)
[2026-01-25T19:24:14.097+0000] {logging_mixin.py:188} INFO - [19:24:14] Fetched 1000 swaps from token0_in (Total: 277000)
[2026-01-25T19:24:15.680+0000] {logging_mixin.py:188} INFO - [19:24:15] Fetched 1000 swaps from token0_in (Total: 278000)
[2026-01-25T19:24:18.224+0000] {logging_mixin.py:188} INFO - [19:24:18] Fetched 1000 swaps from token0_in (Total: 279000)
[2026-01-25T19:24:19.690+0000] {logging_mixin.py:188} INFO - [19:24:19] Fetched 1000 swaps from token0_in (Total: 280000)
[2026-01-25T19:24:21.196+0000] {logging_mixin.py:188} INFO - [19:24:21] Fetched 1000 swaps from token0_in (Total: 281000)
[2026-01-25T19:24:23.387+0000] {logging_mixin.py:188} INFO - [19:24:23] Fetched 1000 swaps from token0_in (Total: 282000)
[2026-01-25T19:24:25.270+0000] {logging_mixin.py:188} INFO - [19:24:25] Fetched 1000 swaps from token0_in (Total: 283000)
[2026-01-25T19:24:26.758+0000] {logging_mixin.py:188} INFO - [19:24:26] Fetched 1000 swaps from token0_in (Total: 284000)
[2026-01-25T19:24:28.229+0000] {logging_mixin.py:188} INFO - [19:24:28] Fetched 1000 swaps from token0_in (Total: 285000)
[2026-01-25T19:24:29.696+0000] {logging_mixin.py:188} INFO - [19:24:29] Fetched 1000 swaps from token0_in (Total: 286000)
[2026-01-25T19:24:31.212+0000] {logging_mixin.py:188} INFO - [19:24:31] Fetched 1000 swaps from token0_in (Total: 287000)
[2026-01-25T19:24:32.704+0000] {logging_mixin.py:188} INFO - [19:24:32] Fetched 1000 swaps from token0_in (Total: 288000)
[2026-01-25T19:24:34.572+0000] {logging_mixin.py:188} INFO - [19:24:34] Fetched 1000 swaps from token0_in (Total: 289000)
[2026-01-25T19:24:36.259+0000] {logging_mixin.py:188} INFO - [19:24:36] Fetched 1000 swaps from token0_in (Total: 290000)
[2026-01-25T19:24:37.834+0000] {logging_mixin.py:188} INFO - [19:24:37] Fetched 1000 swaps from token0_in (Total: 291000)
[2026-01-25T19:24:39.265+0000] {logging_mixin.py:188} INFO - [19:24:39] Fetched 1000 swaps from token0_in (Total: 292000)
[2026-01-25T19:24:40.712+0000] {logging_mixin.py:188} INFO - [19:24:40] Fetched 1000 swaps from token0_in (Total: 293000)
[2026-01-25T19:24:42.403+0000] {logging_mixin.py:188} INFO - [19:24:42] Fetched 1000 swaps from token0_in (Total: 294000)
[2026-01-25T19:24:44.258+0000] {logging_mixin.py:188} INFO - [19:24:44] Fetched 1000 swaps from token0_in (Total: 295000)
[2026-01-25T19:24:46.019+0000] {logging_mixin.py:188} INFO - [19:24:46] Fetched 1000 swaps from token0_in (Total: 296000)
[2026-01-25T19:24:47.646+0000] {logging_mixin.py:188} INFO - [19:24:47] Fetched 1000 swaps from token0_in (Total: 297000)
[2026-01-25T19:24:49.426+0000] {logging_mixin.py:188} INFO - [19:24:49] Fetched 1000 swaps from token0_in (Total: 298000)
[2026-01-25T19:24:50.927+0000] {logging_mixin.py:188} INFO - [19:24:50] Fetched 1000 swaps from token0_in (Total: 299000)
[2026-01-25T19:24:52.579+0000] {logging_mixin.py:188} INFO - [19:24:52] Fetched 1000 swaps from token0_in (Total: 300000)
[2026-01-25T19:24:54.375+0000] {logging_mixin.py:188} INFO - [19:24:54] Fetched 1000 swaps from token0_in (Total: 301000)
[2026-01-25T19:24:55.935+0000] {logging_mixin.py:188} INFO - [19:24:55] Fetched 1000 swaps from token0_in (Total: 302000)
[2026-01-25T19:24:58.277+0000] {logging_mixin.py:188} INFO - [19:24:58] Fetched 1000 swaps from token0_in (Total: 303000)
[2026-01-25T19:24:59.598+0000] {logging_mixin.py:188} INFO - [19:24:59] Fetched 1000 swaps from token0_in (Total: 304000)
[2026-01-25T19:25:00.977+0000] {logging_mixin.py:188} INFO - [19:25:00] Fetched 1000 swaps from token0_in (Total: 305000)
[2026-01-25T19:25:02.530+0000] {logging_mixin.py:188} INFO - [19:25:02] Fetched 1000 swaps from token0_in (Total: 306000)
[2026-01-25T19:25:05.178+0000] {logging_mixin.py:188} INFO - [19:25:05] Fetched 1000 swaps from token0_in (Total: 307000)
[2026-01-25T19:25:07.007+0000] {logging_mixin.py:188} INFO - [19:25:07] Fetched 1000 swaps from token0_in (Total: 308000)
[2026-01-25T19:25:08.719+0000] {logging_mixin.py:188} INFO - [19:25:08] Fetched 1000 swaps from token0_in (Total: 309000)
[2026-01-25T19:25:10.064+0000] {logging_mixin.py:188} INFO - [19:25:10] Fetched 1000 swaps from token0_in (Total: 310000)
[2026-01-25T19:25:11.487+0000] {logging_mixin.py:188} INFO - [19:25:11] Fetched 1000 swaps from token0_in (Total: 311000)
[2026-01-25T19:25:13.151+0000] {logging_mixin.py:188} INFO - [19:25:13] Fetched 1000 swaps from token0_in (Total: 312000)
[2026-01-25T19:25:15.015+0000] {logging_mixin.py:188} INFO - [19:25:15] Fetched 1000 swaps from token0_in (Total: 313000)
[2026-01-25T19:25:16.748+0000] {logging_mixin.py:188} INFO - [19:25:16] Fetched 1000 swaps from token0_in (Total: 314000)
[2026-01-25T19:25:18.424+0000] {logging_mixin.py:188} INFO - [19:25:18] Fetched 1000 swaps from token0_in (Total: 315000)
[2026-01-25T19:25:19.839+0000] {logging_mixin.py:188} INFO - [19:25:19] Fetched 1000 swaps from token0_in (Total: 316000)
[2026-01-25T19:25:21.436+0000] {logging_mixin.py:188} INFO - [19:25:21] Fetched 1000 swaps from token0_in (Total: 317000)
[2026-01-25T19:25:23.068+0000] {logging_mixin.py:188} INFO - [19:25:23] Fetched 1000 swaps from token0_in (Total: 318000)
[2026-01-25T19:25:24.953+0000] {logging_mixin.py:188} INFO - [19:25:24] Fetched 1000 swaps from token0_in (Total: 319000)
[2026-01-25T19:25:26.612+0000] {logging_mixin.py:188} INFO - [19:25:26] Fetched 1000 swaps from token0_in (Total: 320000)
[2026-01-25T19:25:28.119+0000] {logging_mixin.py:188} INFO - [19:25:28] Fetched 1000 swaps from token0_in (Total: 321000)
[2026-01-25T19:25:29.525+0000] {logging_mixin.py:188} INFO - [19:25:29] Fetched 1000 swaps from token0_in (Total: 322000)
[2026-01-25T19:25:31.393+0000] {logging_mixin.py:188} INFO - [19:25:31] Fetched 1000 swaps from token0_in (Total: 323000)
[2026-01-25T19:25:32.930+0000] {logging_mixin.py:188} INFO - [19:25:32] Fetched 1000 swaps from token0_in (Total: 324000)
[2026-01-25T19:25:34.512+0000] {logging_mixin.py:188} INFO - [19:25:34] Fetched 1000 swaps from token0_in (Total: 325000)
[2026-01-25T19:25:35.838+0000] {logging_mixin.py:188} INFO - [19:25:35] Fetched 1000 swaps from token0_in (Total: 326000)
[2026-01-25T19:25:37.457+0000] {logging_mixin.py:188} INFO - [19:25:37] Fetched 1000 swaps from token0_in (Total: 327000)
[2026-01-25T19:25:39.497+0000] {logging_mixin.py:188} INFO - [19:25:39] Fetched 1000 swaps from token0_in (Total: 328000)
[2026-01-25T19:25:41.038+0000] {logging_mixin.py:188} INFO - [19:25:41] Fetched 1000 swaps from token0_in (Total: 329000)
[2026-01-25T19:25:42.648+0000] {logging_mixin.py:188} INFO - [19:25:42] Fetched 1000 swaps from token0_in (Total: 330000)
[2026-01-25T19:25:44.411+0000] {logging_mixin.py:188} INFO - [19:25:44] Fetched 1000 swaps from token0_in (Total: 331000)
[2026-01-25T19:25:46.231+0000] {logging_mixin.py:188} INFO - [19:25:46] Fetched 1000 swaps from token0_in (Total: 332000)
[2026-01-25T19:25:47.965+0000] {logging_mixin.py:188} INFO - [19:25:47] Fetched 1000 swaps from token0_in (Total: 333000)
[2026-01-25T19:25:49.759+0000] {logging_mixin.py:188} INFO - [19:25:49] Fetched 1000 swaps from token0_in (Total: 334000)
[2026-01-25T19:25:51.755+0000] {logging_mixin.py:188} INFO - [19:25:51] Fetched 1000 swaps from token0_in (Total: 335000)
[2026-01-25T19:25:53.548+0000] {logging_mixin.py:188} INFO - [19:25:53] Fetched 1000 swaps from token0_in (Total: 336000)
[2026-01-25T19:25:55.150+0000] {logging_mixin.py:188} INFO - [19:25:55] Fetched 1000 swaps from token0_in (Total: 337000)
[2026-01-25T19:25:56.829+0000] {logging_mixin.py:188} INFO - [19:25:56] Fetched 1000 swaps from token0_in (Total: 338000)
[2026-01-25T19:25:58.591+0000] {logging_mixin.py:188} INFO - [19:25:58] Fetched 1000 swaps from token0_in (Total: 339000)
[2026-01-25T19:26:00.163+0000] {logging_mixin.py:188} INFO - [19:26:00] Fetched 1000 swaps from token0_in (Total: 340000)
[2026-01-25T19:26:01.865+0000] {logging_mixin.py:188} INFO - [19:26:01] Fetched 1000 swaps from token0_in (Total: 341000)
[2026-01-25T19:26:03.859+0000] {logging_mixin.py:188} INFO - [19:26:03] Fetched 1000 swaps from token0_in (Total: 342000)
[2026-01-25T19:26:05.466+0000] {logging_mixin.py:188} INFO - [19:26:05] Fetched 1000 swaps from token0_in (Total: 343000)
[2026-01-25T19:26:07.292+0000] {logging_mixin.py:188} INFO - [19:26:07] Fetched 1000 swaps from token0_in (Total: 344000)
[2026-01-25T19:26:09.290+0000] {logging_mixin.py:188} INFO - [19:26:09] Fetched 1000 swaps from token0_in (Total: 345000)
[2026-01-25T19:26:11.025+0000] {logging_mixin.py:188} INFO - [19:26:11] Fetched 1000 swaps from token0_in (Total: 346000)
[2026-01-25T19:26:13.008+0000] {logging_mixin.py:188} INFO - [19:26:13] Fetched 1000 swaps from token0_in (Total: 347000)
[2026-01-25T19:26:15.125+0000] {logging_mixin.py:188} INFO - [19:26:15] Fetched 1000 swaps from token0_in (Total: 348000)
[2026-01-25T19:26:16.735+0000] {logging_mixin.py:188} INFO - [19:26:16] Fetched 1000 swaps from token0_in (Total: 349000)
[2026-01-25T19:26:18.499+0000] {logging_mixin.py:188} INFO - [19:26:18] Fetched 1000 swaps from token0_in (Total: 350000)
[2026-01-25T19:26:20.071+0000] {logging_mixin.py:188} INFO - [19:26:20] Fetched 1000 swaps from token0_in (Total: 351000)
[2026-01-25T19:26:21.595+0000] {logging_mixin.py:188} INFO - [19:26:21] Fetched 1000 swaps from token0_in (Total: 352000)
[2026-01-25T19:26:23.316+0000] {logging_mixin.py:188} INFO - [19:26:23] Fetched 1000 swaps from token0_in (Total: 353000)
[2026-01-25T19:26:25.176+0000] {logging_mixin.py:188} INFO - [19:26:25] Fetched 1000 swaps from token0_in (Total: 354000)
[2026-01-25T19:26:26.993+0000] {logging_mixin.py:188} INFO - [19:26:26] Fetched 1000 swaps from token0_in (Total: 355000)
[2026-01-25T19:26:28.330+0000] {logging_mixin.py:188} INFO - [19:26:28] Fetched 1000 swaps from token0_in (Total: 356000)
[2026-01-25T19:26:30.070+0000] {logging_mixin.py:188} INFO - [19:26:30] Fetched 1000 swaps from token0_in (Total: 357000)
[2026-01-25T19:26:32.062+0000] {logging_mixin.py:188} INFO - [19:26:32] Fetched 1000 swaps from token0_in (Total: 358000)
[2026-01-25T19:26:33.996+0000] {logging_mixin.py:188} INFO - [19:26:33] Fetched 1000 swaps from token0_in (Total: 359000)
[2026-01-25T19:26:35.583+0000] {logging_mixin.py:188} INFO - [19:26:35] Fetched 1000 swaps from token0_in (Total: 360000)
[2026-01-25T19:26:37.395+0000] {logging_mixin.py:188} INFO - [19:26:37] Fetched 1000 swaps from token0_in (Total: 361000)
[2026-01-25T19:26:39.298+0000] {logging_mixin.py:188} INFO - [19:26:39] Fetched 1000 swaps from token0_in (Total: 362000)
[2026-01-25T19:26:40.827+0000] {logging_mixin.py:188} INFO - [19:26:40] Fetched 1000 swaps from token0_in (Total: 363000)
[2026-01-25T19:26:42.359+0000] {logging_mixin.py:188} INFO - [19:26:42] Fetched 1000 swaps from token0_in (Total: 364000)
[2026-01-25T19:26:44.385+0000] {logging_mixin.py:188} INFO - [19:26:44] Fetched 1000 swaps from token0_in (Total: 365000)
[2026-01-25T19:26:46.121+0000] {logging_mixin.py:188} INFO - [19:26:46] Fetched 1000 swaps from token0_in (Total: 366000)
[2026-01-25T19:26:47.880+0000] {logging_mixin.py:188} INFO - [19:26:47] Fetched 1000 swaps from token0_in (Total: 367000)
[2026-01-25T19:26:49.601+0000] {logging_mixin.py:188} INFO - [19:26:49] Fetched 1000 swaps from token0_in (Total: 368000)
[2026-01-25T19:26:51.440+0000] {logging_mixin.py:188} INFO - [19:26:51] Fetched 1000 swaps from token0_in (Total: 369000)
[2026-01-25T19:26:53.147+0000] {logging_mixin.py:188} INFO - [19:26:53] Fetched 1000 swaps from token0_in (Total: 370000)
[2026-01-25T19:26:54.618+0000] {logging_mixin.py:188} INFO - [19:26:54] Fetched 1000 swaps from token0_in (Total: 371000)
[2026-01-25T19:26:56.821+0000] {logging_mixin.py:188} INFO - [19:26:56] Fetched 1000 swaps from token0_in (Total: 372000)
[2026-01-25T19:26:59.132+0000] {logging_mixin.py:188} INFO - [19:26:59] Fetched 1000 swaps from token0_in (Total: 373000)
[2026-01-25T19:27:00.991+0000] {logging_mixin.py:188} INFO - [19:27:00] Fetched 1000 swaps from token0_in (Total: 374000)
[2026-01-25T19:27:02.799+0000] {logging_mixin.py:188} INFO - [19:27:02] Fetched 1000 swaps from token0_in (Total: 375000)
[2026-01-25T19:27:04.418+0000] {logging_mixin.py:188} INFO - [19:27:04] Fetched 1000 swaps from token0_in (Total: 376000)
[2026-01-25T19:27:06.253+0000] {logging_mixin.py:188} INFO - [19:27:06] Fetched 1000 swaps from token0_in (Total: 377000)
[2026-01-25T19:27:08.019+0000] {logging_mixin.py:188} INFO - [19:27:08] Fetched 1000 swaps from token0_in (Total: 378000)
[2026-01-25T19:27:10.092+0000] {logging_mixin.py:188} INFO - [19:27:10] Fetched 1000 swaps from token0_in (Total: 379000)
[2026-01-25T19:27:12.245+0000] {logging_mixin.py:188} INFO - [19:27:12] Fetched 1000 swaps from token0_in (Total: 380000)
[2026-01-25T19:27:13.890+0000] {logging_mixin.py:188} INFO - [19:27:13] Fetched 1000 swaps from token0_in (Total: 381000)
[2026-01-25T19:27:15.760+0000] {logging_mixin.py:188} INFO - [19:27:15] Fetched 1000 swaps from token0_in (Total: 382000)
[2026-01-25T19:27:18.374+0000] {logging_mixin.py:188} INFO - [19:27:18] Fetched 1000 swaps from token0_in (Total: 383000)
[2026-01-25T19:27:20.418+0000] {logging_mixin.py:188} INFO - [19:27:20] Fetched 1000 swaps from token0_in (Total: 384000)
[2026-01-25T19:27:22.494+0000] {logging_mixin.py:188} INFO - [19:27:22] Fetched 1000 swaps from token0_in (Total: 385000)
[2026-01-25T19:27:24.328+0000] {logging_mixin.py:188} INFO - [19:27:24] Fetched 1000 swaps from token0_in (Total: 386000)
[2026-01-25T19:27:27.515+0000] {logging_mixin.py:188} INFO - [19:27:27] Fetched 1000 swaps from token0_in (Total: 387000)
[2026-01-25T19:27:28.788+0000] {logging_mixin.py:188} INFO - [19:27:28] Fetched 1000 swaps from token0_in (Total: 388000)
[2026-01-25T19:27:30.014+0000] {logging_mixin.py:188} INFO - [19:27:29] Fetched 1000 swaps from token0_in (Total: 389000)
[2026-01-25T19:27:31.573+0000] {logging_mixin.py:188} INFO - [19:27:31] Fetched 1000 swaps from token0_in (Total: 390000)
[2026-01-25T19:27:33.334+0000] {logging_mixin.py:188} INFO - [19:27:33] Fetched 1000 swaps from token0_in (Total: 391000)
[2026-01-25T19:27:35.672+0000] {logging_mixin.py:188} INFO - [19:27:35] Fetched 1000 swaps from token0_in (Total: 392000)
[2026-01-25T19:27:37.289+0000] {logging_mixin.py:188} INFO - [19:27:37] Fetched 1000 swaps from token0_in (Total: 393000)
[2026-01-25T19:27:39.214+0000] {logging_mixin.py:188} INFO - [19:27:39] Fetched 1000 swaps from token0_in (Total: 394000)
[2026-01-25T19:27:40.699+0000] {logging_mixin.py:188} INFO - [19:27:40] Fetched 1000 swaps from token0_in (Total: 395000)
[2026-01-25T19:27:42.510+0000] {logging_mixin.py:188} INFO - [19:27:42] Fetched 1000 swaps from token0_in (Total: 396000)
[2026-01-25T19:27:44.270+0000] {logging_mixin.py:188} INFO - [19:27:44] Fetched 1000 swaps from token0_in (Total: 397000)
[2026-01-25T19:27:46.218+0000] {logging_mixin.py:188} INFO - [19:27:46] Fetched 1000 swaps from token0_in (Total: 398000)
[2026-01-25T19:27:48.029+0000] {logging_mixin.py:188} INFO - [19:27:48] Fetched 1000 swaps from token0_in (Total: 399000)
[2026-01-25T19:27:49.450+0000] {logging_mixin.py:188} INFO - [19:27:49] Fetched 1000 swaps from token0_in (Total: 400000)
[2026-01-25T19:27:51.160+0000] {logging_mixin.py:188} INFO - [19:27:51] Fetched 1000 swaps from token0_in (Total: 401000)
[2026-01-25T19:27:53.004+0000] {logging_mixin.py:188} INFO - [19:27:53] Fetched 1000 swaps from token0_in (Total: 402000)
[2026-01-25T19:27:54.761+0000] {logging_mixin.py:188} INFO - [19:27:54] Fetched 1000 swaps from token0_in (Total: 403000)
[2026-01-25T19:27:56.446+0000] {logging_mixin.py:188} INFO - [19:27:56] Fetched 1000 swaps from token0_in (Total: 404000)
[2026-01-25T19:27:57.982+0000] {logging_mixin.py:188} INFO - [19:27:57] Fetched 1000 swaps from token0_in (Total: 405000)
[2026-01-25T19:27:59.809+0000] {logging_mixin.py:188} INFO - [19:27:59] Fetched 1000 swaps from token0_in (Total: 406000)
[2026-01-25T19:28:02.114+0000] {logging_mixin.py:188} INFO - [19:28:02] Fetched 1000 swaps from token0_in (Total: 407000)
[2026-01-25T19:28:03.787+0000] {logging_mixin.py:188} INFO - [19:28:03] Fetched 1000 swaps from token0_in (Total: 408000)
[2026-01-25T19:28:05.752+0000] {logging_mixin.py:188} INFO - [19:28:05] Fetched 1000 swaps from token0_in (Total: 409000)
[2026-01-25T19:28:07.563+0000] {logging_mixin.py:188} INFO - [19:28:07] Fetched 1000 swaps from token0_in (Total: 410000)
[2026-01-25T19:28:09.357+0000] {logging_mixin.py:188} INFO - [19:28:09] Fetched 1000 swaps from token0_in (Total: 411000)
[2026-01-25T19:28:10.976+0000] {logging_mixin.py:188} INFO - [19:28:10] Fetched 1000 swaps from token0_in (Total: 412000)
[2026-01-25T19:28:12.625+0000] {logging_mixin.py:188} INFO - [19:28:12] Fetched 1000 swaps from token0_in (Total: 413000)
[2026-01-25T19:28:14.510+0000] {logging_mixin.py:188} INFO - [19:28:14] Fetched 1000 swaps from token0_in (Total: 414000)
[2026-01-25T19:28:16.517+0000] {logging_mixin.py:188} INFO - [19:28:16] Fetched 1000 swaps from token0_in (Total: 415000)
[2026-01-25T19:28:18.367+0000] {logging_mixin.py:188} INFO - [19:28:18] Fetched 1000 swaps from token0_in (Total: 416000)
[2026-01-25T19:28:19.875+0000] {logging_mixin.py:188} INFO - [19:28:19] Fetched 1000 swaps from token0_in (Total: 417000)
[2026-01-25T19:28:21.682+0000] {logging_mixin.py:188} INFO - [19:28:21] Fetched 1000 swaps from token0_in (Total: 418000)
[2026-01-25T19:28:23.209+0000] {logging_mixin.py:188} INFO - [19:28:23] Fetched 1000 swaps from token0_in (Total: 419000)
[2026-01-25T19:28:25.044+0000] {logging_mixin.py:188} INFO - [19:28:25] Fetched 1000 swaps from token0_in (Total: 420000)
[2026-01-25T19:28:26.718+0000] {logging_mixin.py:188} INFO - [19:28:26] Fetched 1000 swaps from token0_in (Total: 421000)
[2026-01-25T19:28:28.930+0000] {logging_mixin.py:188} INFO - [19:28:28] Fetched 1000 swaps from token0_in (Total: 422000)
[2026-01-25T19:28:30.846+0000] {logging_mixin.py:188} INFO - [19:28:30] Fetched 1000 swaps from token0_in (Total: 423000)
[2026-01-25T19:28:32.533+0000] {logging_mixin.py:188} INFO - [19:28:32] Fetched 1000 swaps from token0_in (Total: 424000)
[2026-01-25T19:28:34.426+0000] {logging_mixin.py:188} INFO - [19:28:34] Fetched 1000 swaps from token0_in (Total: 425000)
[2026-01-25T19:28:36.420+0000] {logging_mixin.py:188} INFO - [19:28:36] Fetched 1000 swaps from token0_in (Total: 426000)
[2026-01-25T19:28:38.538+0000] {logging_mixin.py:188} INFO - [19:28:38] Fetched 1000 swaps from token0_in (Total: 427000)
[2026-01-25T19:28:40.472+0000] {logging_mixin.py:188} INFO - [19:28:40] Fetched 1000 swaps from token0_in (Total: 428000)
[2026-01-25T19:28:42.240+0000] {logging_mixin.py:188} INFO - [19:28:42] Fetched 1000 swaps from token0_in (Total: 429000)
[2026-01-25T19:28:44.204+0000] {logging_mixin.py:188} INFO - [19:28:44] Fetched 1000 swaps from token0_in (Total: 430000)
[2026-01-25T19:28:47.540+0000] {logging_mixin.py:188} INFO - [19:28:47] Fetched 1000 swaps from token0_in (Total: 431000)
[2026-01-25T19:28:50.726+0000] {logging_mixin.py:188} INFO - [19:28:50] Fetched 1000 swaps from token0_in (Total: 432000)
[2026-01-25T19:28:53.975+0000] {logging_mixin.py:188} INFO - [19:28:53] Fetched 1000 swaps from token0_in (Total: 433000)
[2026-01-25T19:28:57.213+0000] {logging_mixin.py:188} INFO - [19:28:57] Fetched 1000 swaps from token0_in (Total: 434000)
[2026-01-25T19:29:00.318+0000] {logging_mixin.py:188} INFO - [19:29:00] Fetched 1000 swaps from token0_in (Total: 435000)
[2026-01-25T19:29:04.275+0000] {logging_mixin.py:188} INFO - [19:29:04] Fetched 1000 swaps from token0_in (Total: 436000)
[2026-01-25T19:29:11.156+0000] {logging_mixin.py:188} INFO - [19:29:11] Fetched 1000 swaps from token0_in (Total: 437000)
[2026-01-25T19:29:16.745+0000] {logging_mixin.py:188} INFO - [19:29:16] Fetched 1000 swaps from token0_in (Total: 438000)
[2026-01-25T19:29:19.575+0000] {logging_mixin.py:188} INFO - [19:29:19] Fetched 1000 swaps from token0_in (Total: 439000)
[2026-01-25T19:29:22.062+0000] {logging_mixin.py:188} INFO - [19:29:22] Fetched 1000 swaps from token0_in (Total: 440000)
[2026-01-25T19:29:23.948+0000] {logging_mixin.py:188} INFO - [19:29:23] Fetched 1000 swaps from token0_in (Total: 441000)
[2026-01-25T19:29:25.477+0000] {logging_mixin.py:188} INFO - [19:29:25] Fetched 1000 swaps from token0_in (Total: 442000)
[2026-01-25T19:29:27.328+0000] {logging_mixin.py:188} INFO - [19:29:27] Fetched 1000 swaps from token0_in (Total: 443000)
