[2026-01-25T18:00:05.012+0000] {taskinstance.py:1956} INFO - Dependencies all met for dep_context=non-requeueable deps ti=<TaskInstance: the_graph_uniswap_v3_swaps.fetch_and_store_swaps scheduled__2026-01-25T17:00:00+00:00 [queued]>
[2026-01-25T18:00:05.019+0000] {taskinstance.py:1956} INFO - Dependencies all met for dep_context=requeueable deps ti=<TaskInstance: the_graph_uniswap_v3_swaps.fetch_and_store_swaps scheduled__2026-01-25T17:00:00+00:00 [queued]>
[2026-01-25T18:00:05.020+0000] {taskinstance.py:2170} INFO - Starting attempt 1 of 2
[2026-01-25T18:00:05.032+0000] {taskinstance.py:2191} INFO - Executing <Task(PythonOperator): fetch_and_store_swaps> on 2026-01-25 17:00:00+00:00
[2026-01-25T18:00:05.039+0000] {standard_task_runner.py:60} INFO - Started process 49377 to run task
[2026-01-25T18:00:05.044+0000] {standard_task_runner.py:87} INFO - Running: ['***', 'tasks', 'run', 'the_graph_uniswap_v3_swaps', 'fetch_and_store_swaps', 'scheduled__2026-01-25T17:00:00+00:00', '--job-id', '22', '--raw', '--subdir', 'DAGS_FOLDER/the_graph_uniswap_v3_swaps_dag.py', '--cfg-path', '/tmp/tmpmna06eia']
[2026-01-25T18:00:05.048+0000] {standard_task_runner.py:88} INFO - Job 22: Subtask fetch_and_store_swaps
[2026-01-25T18:00:05.140+0000] {task_command.py:423} INFO - Running <TaskInstance: the_graph_uniswap_v3_swaps.fetch_and_store_swaps scheduled__2026-01-25T17:00:00+00:00 [running]> on host f2da44f39545
[2026-01-25T18:00:05.206+0000] {taskinstance.py:2480} INFO - Exporting env vars: AIRFLOW_CTX_DAG_OWNER='***' AIRFLOW_CTX_DAG_ID='the_graph_uniswap_v3_swaps' AIRFLOW_CTX_TASK_ID='fetch_and_store_swaps' AIRFLOW_CTX_EXECUTION_DATE='2026-01-25T17:00:00+00:00' AIRFLOW_CTX_TRY_NUMBER='1' AIRFLOW_CTX_DAG_RUN_ID='scheduled__2026-01-25T17:00:00+00:00'
[2026-01-25T18:00:05.219+0000] {logging_mixin.py:188} INFO - Incremental run: Last record at 2025-12-12 02:57:23. Fetching new swaps...
[2026-01-25T18:00:05.219+0000] {logging_mixin.py:188} INFO - Fetching swaps from 2025-12-12 02:57:24 to 2026-01-25 18:00:05.219644
[2026-01-25T18:00:06.520+0000] {logging_mixin.py:188} INFO - [18:00:06] Fetched 1000 swaps from token0_in (Total: 1000)
[2026-01-25T18:00:07.673+0000] {logging_mixin.py:188} INFO - [18:00:07] Fetched 1000 swaps from token0_in (Total: 2000)
[2026-01-25T18:00:09.314+0000] {logging_mixin.py:188} INFO - [18:00:09] Fetched 1000 swaps from token0_in (Total: 3000)
[2026-01-25T18:00:12.507+0000] {logging_mixin.py:188} INFO - [18:00:12] Fetched 1000 swaps from token0_in (Total: 4000)
[2026-01-25T18:00:14.513+0000] {logging_mixin.py:188} INFO - [18:00:14] Fetched 1000 swaps from token0_in (Total: 5000)
[2026-01-25T18:00:16.470+0000] {logging_mixin.py:188} INFO - [18:00:16] Fetched 1000 swaps from token0_in (Total: 6000)
[2026-01-25T18:00:18.186+0000] {logging_mixin.py:188} INFO - [18:00:18] Fetched 1000 swaps from token0_in (Total: 7000)
[2026-01-25T18:00:19.908+0000] {logging_mixin.py:188} INFO - [18:00:19] Fetched 1000 swaps from token0_in (Total: 8000)
[2026-01-25T18:00:21.814+0000] {logging_mixin.py:188} INFO - [18:00:21] Fetched 1000 swaps from token0_in (Total: 9000)
[2026-01-25T18:00:23.789+0000] {logging_mixin.py:188} INFO - [18:00:23] Fetched 1000 swaps from token0_in (Total: 10000)
[2026-01-25T18:00:26.047+0000] {logging_mixin.py:188} INFO - [18:00:26] Fetched 1000 swaps from token0_in (Total: 11000)
[2026-01-25T18:00:28.212+0000] {logging_mixin.py:188} INFO - [18:00:28] Fetched 1000 swaps from token0_in (Total: 12000)
[2026-01-25T18:00:30.349+0000] {logging_mixin.py:188} INFO - [18:00:30] Fetched 1000 swaps from token0_in (Total: 13000)
[2026-01-25T18:00:32.383+0000] {logging_mixin.py:188} INFO - [18:00:32] Fetched 1000 swaps from token0_in (Total: 14000)
[2026-01-25T18:00:34.746+0000] {logging_mixin.py:188} INFO - [18:00:34] Fetched 1000 swaps from token0_in (Total: 15000)
[2026-01-25T18:00:37.020+0000] {logging_mixin.py:188} INFO - [18:00:37] Fetched 1000 swaps from token0_in (Total: 16000)
[2026-01-25T18:00:39.320+0000] {logging_mixin.py:188} INFO - [18:00:39] Fetched 1000 swaps from token0_in (Total: 17000)
[2026-01-25T18:00:41.294+0000] {logging_mixin.py:188} INFO - [18:00:41] Fetched 1000 swaps from token0_in (Total: 18000)
[2026-01-25T18:00:43.340+0000] {logging_mixin.py:188} INFO - [18:00:43] Fetched 1000 swaps from token0_in (Total: 19000)
[2026-01-25T18:00:45.700+0000] {logging_mixin.py:188} INFO - [18:00:45] Fetched 1000 swaps from token0_in (Total: 20000)
[2026-01-25T18:00:48.188+0000] {logging_mixin.py:188} INFO - [18:00:48] Fetched 1000 swaps from token0_in (Total: 21000)
[2026-01-25T18:00:50.165+0000] {logging_mixin.py:188} INFO - [18:00:50] Fetched 1000 swaps from token0_in (Total: 22000)
[2026-01-25T18:00:52.270+0000] {logging_mixin.py:188} INFO - [18:00:52] Fetched 1000 swaps from token0_in (Total: 23000)
[2026-01-25T18:00:54.519+0000] {logging_mixin.py:188} INFO - [18:00:54] Fetched 1000 swaps from token0_in (Total: 24000)
[2026-01-25T18:00:56.653+0000] {logging_mixin.py:188} INFO - [18:00:56] Fetched 1000 swaps from token0_in (Total: 25000)
[2026-01-25T18:00:58.808+0000] {logging_mixin.py:188} INFO - [18:00:58] Fetched 1000 swaps from token0_in (Total: 26000)
[2026-01-25T18:01:00.763+0000] {logging_mixin.py:188} INFO - [18:01:00] Fetched 1000 swaps from token0_in (Total: 27000)
[2026-01-25T18:01:02.741+0000] {logging_mixin.py:188} INFO - [18:01:02] Fetched 1000 swaps from token0_in (Total: 28000)
[2026-01-25T18:01:04.870+0000] {logging_mixin.py:188} INFO - [18:01:04] Fetched 1000 swaps from token0_in (Total: 29000)
[2026-01-25T18:01:06.860+0000] {logging_mixin.py:188} INFO - [18:01:06] Fetched 1000 swaps from token0_in (Total: 30000)
[2026-01-25T18:01:08.909+0000] {logging_mixin.py:188} INFO - [18:01:08] Fetched 1000 swaps from token0_in (Total: 31000)
[2026-01-25T18:01:11.041+0000] {logging_mixin.py:188} INFO - [18:01:11] Fetched 1000 swaps from token0_in (Total: 32000)
[2026-01-25T18:01:13.071+0000] {logging_mixin.py:188} INFO - [18:01:13] Fetched 1000 swaps from token0_in (Total: 33000)
[2026-01-25T18:01:15.050+0000] {logging_mixin.py:188} INFO - [18:01:15] Fetched 1000 swaps from token0_in (Total: 34000)
[2026-01-25T18:01:17.178+0000] {logging_mixin.py:188} INFO - [18:01:17] Fetched 1000 swaps from token0_in (Total: 35000)
[2026-01-25T18:01:19.096+0000] {logging_mixin.py:188} INFO - [18:01:19] Fetched 1000 swaps from token0_in (Total: 36000)
[2026-01-25T18:01:21.087+0000] {logging_mixin.py:188} INFO - [18:01:21] Fetched 1000 swaps from token0_in (Total: 37000)
[2026-01-25T18:01:23.047+0000] {logging_mixin.py:188} INFO - [18:01:23] Fetched 1000 swaps from token0_in (Total: 38000)
[2026-01-25T18:01:25.019+0000] {logging_mixin.py:188} INFO - [18:01:25] Fetched 1000 swaps from token0_in (Total: 39000)
[2026-01-25T18:01:27.049+0000] {logging_mixin.py:188} INFO - [18:01:27] Fetched 1000 swaps from token0_in (Total: 40000)
[2026-01-25T18:01:29.114+0000] {logging_mixin.py:188} INFO - [18:01:29] Fetched 1000 swaps from token0_in (Total: 41000)
[2026-01-25T18:01:30.978+0000] {logging_mixin.py:188} INFO - [18:01:30] Fetched 1000 swaps from token0_in (Total: 42000)
[2026-01-25T18:01:32.981+0000] {logging_mixin.py:188} INFO - [18:01:32] Fetched 1000 swaps from token0_in (Total: 43000)
[2026-01-25T18:01:35.772+0000] {logging_mixin.py:188} INFO - [18:01:35] Fetched 1000 swaps from token0_in (Total: 44000)
[2026-01-25T18:01:38.106+0000] {logging_mixin.py:188} INFO - [18:01:38] Fetched 1000 swaps from token0_in (Total: 45000)
[2026-01-25T18:01:41.440+0000] {logging_mixin.py:188} INFO - [18:01:41] Fetched 1000 swaps from token0_in (Total: 46000)
[2026-01-25T18:01:43.593+0000] {logging_mixin.py:188} INFO - [18:01:43] Fetched 1000 swaps from token0_in (Total: 47000)
[2026-01-25T18:01:45.679+0000] {logging_mixin.py:188} INFO - [18:01:45] Fetched 1000 swaps from token0_in (Total: 48000)
[2026-01-25T18:01:47.572+0000] {logging_mixin.py:188} INFO - [18:01:47] Fetched 1000 swaps from token0_in (Total: 49000)
[2026-01-25T18:01:49.901+0000] {logging_mixin.py:188} INFO - [18:01:49] Fetched 1000 swaps from token0_in (Total: 50000)
[2026-01-25T18:01:51.943+0000] {logging_mixin.py:188} INFO - [18:01:51] Fetched 1000 swaps from token0_in (Total: 51000)
[2026-01-25T18:01:53.952+0000] {logging_mixin.py:188} INFO - [18:01:53] Fetched 1000 swaps from token0_in (Total: 52000)
[2026-01-25T18:01:55.954+0000] {logging_mixin.py:188} INFO - [18:01:55] Fetched 1000 swaps from token0_in (Total: 53000)
[2026-01-25T18:01:58.245+0000] {logging_mixin.py:188} INFO - [18:01:58] Fetched 1000 swaps from token0_in (Total: 54000)
[2026-01-25T18:02:00.309+0000] {logging_mixin.py:188} INFO - [18:02:00] Fetched 1000 swaps from token0_in (Total: 55000)
[2026-01-25T18:02:02.334+0000] {logging_mixin.py:188} INFO - [18:02:02] Fetched 1000 swaps from token0_in (Total: 56000)
[2026-01-25T18:02:04.988+0000] {logging_mixin.py:188} INFO - [18:02:04] Fetched 1000 swaps from token0_in (Total: 57000)
[2026-01-25T18:02:06.905+0000] {logging_mixin.py:188} INFO - [18:02:06] Fetched 1000 swaps from token0_in (Total: 58000)
[2026-01-25T18:02:09.789+0000] {logging_mixin.py:188} INFO - [18:02:09] Fetched 1000 swaps from token0_in (Total: 59000)
[2026-01-25T18:02:11.277+0000] {logging_mixin.py:188} INFO - [18:02:11] Fetched 1000 swaps from token0_in (Total: 60000)
[2026-01-25T18:02:13.297+0000] {logging_mixin.py:188} INFO - [18:02:13] Fetched 1000 swaps from token0_in (Total: 61000)
[2026-01-25T18:02:15.545+0000] {logging_mixin.py:188} INFO - [18:02:15] Fetched 1000 swaps from token0_in (Total: 62000)
[2026-01-25T18:02:17.696+0000] {logging_mixin.py:188} INFO - [18:02:17] Fetched 1000 swaps from token0_in (Total: 63000)
[2026-01-25T18:02:19.681+0000] {logging_mixin.py:188} INFO - [18:02:19] Fetched 1000 swaps from token0_in (Total: 64000)
[2026-01-25T18:02:21.961+0000] {logging_mixin.py:188} INFO - [18:02:21] Fetched 1000 swaps from token0_in (Total: 65000)
[2026-01-25T18:02:24.493+0000] {logging_mixin.py:188} INFO - [18:02:24] Fetched 1000 swaps from token0_in (Total: 66000)
[2026-01-25T18:02:26.304+0000] {logging_mixin.py:188} INFO - [18:02:26] Fetched 1000 swaps from token0_in (Total: 67000)
[2026-01-25T18:02:29.046+0000] {logging_mixin.py:188} INFO - [18:02:29] Fetched 1000 swaps from token0_in (Total: 68000)
[2026-01-25T18:02:31.316+0000] {logging_mixin.py:188} INFO - [18:02:31] Fetched 1000 swaps from token0_in (Total: 69000)
[2026-01-25T18:02:33.501+0000] {logging_mixin.py:188} INFO - [18:02:33] Fetched 1000 swaps from token0_in (Total: 70000)
[2026-01-25T18:02:35.539+0000] {logging_mixin.py:188} INFO - [18:02:35] Fetched 1000 swaps from token0_in (Total: 71000)
[2026-01-25T18:02:37.513+0000] {logging_mixin.py:188} INFO - [18:02:37] Fetched 1000 swaps from token0_in (Total: 72000)
[2026-01-25T18:02:39.830+0000] {logging_mixin.py:188} INFO - [18:02:39] Fetched 1000 swaps from token0_in (Total: 73000)
[2026-01-25T18:02:42.028+0000] {logging_mixin.py:188} INFO - [18:02:42] Fetched 1000 swaps from token0_in (Total: 74000)
[2026-01-25T18:02:44.238+0000] {logging_mixin.py:188} INFO - [18:02:44] Fetched 1000 swaps from token0_in (Total: 75000)
[2026-01-25T18:02:46.460+0000] {logging_mixin.py:188} INFO - [18:02:46] Fetched 1000 swaps from token0_in (Total: 76000)
[2026-01-25T18:02:48.209+0000] {logging_mixin.py:188} INFO - [18:02:48] Fetched 1000 swaps from token0_in (Total: 77000)
[2026-01-25T18:02:49.998+0000] {logging_mixin.py:188} INFO - [18:02:49] Fetched 1000 swaps from token0_in (Total: 78000)
[2026-01-25T18:02:55.040+0000] {logging_mixin.py:188} INFO - [18:02:55] Fetched 1000 swaps from token0_in (Total: 79000)
[2026-01-25T18:02:59.160+0000] {logging_mixin.py:188} INFO - [18:02:59] Fetched 1000 swaps from token0_in (Total: 80000)
[2026-01-25T18:03:05.345+0000] {logging_mixin.py:188} INFO - [18:03:05] Fetched 1000 swaps from token0_in (Total: 81000)
[2026-01-25T18:03:50.107+0000] {logging_mixin.py:188} INFO - [18:03:50] Fetched 1000 swaps from token0_in (Total: 82000)
[2026-01-25T18:03:53.559+0000] {logging_mixin.py:188} INFO - [18:03:53] Fetched 1000 swaps from token0_in (Total: 83000)
[2026-01-25T18:03:55.987+0000] {logging_mixin.py:188} INFO - [18:03:55] Fetched 1000 swaps from token0_in (Total: 84000)
[2026-01-25T18:03:58.536+0000] {logging_mixin.py:188} INFO - [18:03:58] Fetched 1000 swaps from token0_in (Total: 85000)
[2026-01-25T18:04:00.910+0000] {logging_mixin.py:188} INFO - [18:04:00] Fetched 1000 swaps from token0_in (Total: 86000)
[2026-01-25T18:04:04.109+0000] {logging_mixin.py:188} INFO - [18:04:04] Fetched 1000 swaps from token0_in (Total: 87000)
[2026-01-25T18:04:06.312+0000] {logging_mixin.py:188} INFO - [18:04:06] Fetched 1000 swaps from token0_in (Total: 88000)
[2026-01-25T18:04:08.345+0000] {logging_mixin.py:188} INFO - [18:04:08] Fetched 1000 swaps from token0_in (Total: 89000)
[2026-01-25T18:04:10.964+0000] {logging_mixin.py:188} INFO - [18:04:10] Fetched 1000 swaps from token0_in (Total: 90000)
[2026-01-25T18:04:13.110+0000] {logging_mixin.py:188} INFO - [18:04:13] Fetched 1000 swaps from token0_in (Total: 91000)
[2026-01-25T18:04:15.639+0000] {logging_mixin.py:188} INFO - [18:04:15] Fetched 1000 swaps from token0_in (Total: 92000)
[2026-01-25T18:04:18.436+0000] {logging_mixin.py:188} INFO - [18:04:18] Fetched 1000 swaps from token0_in (Total: 93000)
[2026-01-25T18:04:20.897+0000] {logging_mixin.py:188} INFO - [18:04:20] Fetched 1000 swaps from token0_in (Total: 94000)
[2026-01-25T18:04:24.343+0000] {logging_mixin.py:188} INFO - [18:04:24] Fetched 1000 swaps from token0_in (Total: 95000)
[2026-01-25T18:04:26.609+0000] {logging_mixin.py:188} INFO - [18:04:26] Fetched 1000 swaps from token0_in (Total: 96000)
[2026-01-25T18:04:29.259+0000] {logging_mixin.py:188} INFO - [18:04:29] Fetched 1000 swaps from token0_in (Total: 97000)
[2026-01-25T18:04:31.232+0000] {logging_mixin.py:188} INFO - [18:04:31] Fetched 1000 swaps from token0_in (Total: 98000)
[2026-01-25T18:04:33.895+0000] {logging_mixin.py:188} INFO - [18:04:33] Fetched 1000 swaps from token0_in (Total: 99000)
[2026-01-25T18:04:35.997+0000] {logging_mixin.py:188} INFO - [18:04:35] Fetched 1000 swaps from token0_in (Total: 100000)
[2026-01-25T18:04:38.057+0000] {logging_mixin.py:188} INFO - [18:04:38] Fetched 1000 swaps from token0_in (Total: 101000)
[2026-01-25T18:04:40.866+0000] {logging_mixin.py:188} INFO - [18:04:40] Fetched 1000 swaps from token0_in (Total: 102000)
[2026-01-25T18:04:43.284+0000] {logging_mixin.py:188} INFO - [18:04:43] Fetched 1000 swaps from token0_in (Total: 103000)
[2026-01-25T18:04:45.345+0000] {logging_mixin.py:188} INFO - [18:04:45] Fetched 1000 swaps from token0_in (Total: 104000)
[2026-01-25T18:04:47.114+0000] {logging_mixin.py:188} INFO - [18:04:47] Fetched 1000 swaps from token0_in (Total: 105000)
[2026-01-25T18:04:49.083+0000] {logging_mixin.py:188} INFO - [18:04:49] Fetched 1000 swaps from token0_in (Total: 106000)
[2026-01-25T18:04:50.973+0000] {logging_mixin.py:188} INFO - [18:04:50] Fetched 1000 swaps from token0_in (Total: 107000)
[2026-01-25T18:04:53.308+0000] {logging_mixin.py:188} INFO - [18:04:53] Fetched 1000 swaps from token0_in (Total: 108000)
[2026-01-25T18:04:55.166+0000] {logging_mixin.py:188} INFO - [18:04:55] Fetched 1000 swaps from token0_in (Total: 109000)
[2026-01-25T18:04:57.536+0000] {logging_mixin.py:188} INFO - [18:04:57] Fetched 1000 swaps from token0_in (Total: 110000)
[2026-01-25T18:05:00.000+0000] {logging_mixin.py:188} INFO - [18:05:00] Fetched 1000 swaps from token0_in (Total: 111000)
[2026-01-25T18:05:01.892+0000] {logging_mixin.py:188} INFO - [18:05:01] Fetched 1000 swaps from token0_in (Total: 112000)
[2026-01-25T18:05:04.086+0000] {logging_mixin.py:188} INFO - [18:05:04] Fetched 1000 swaps from token0_in (Total: 113000)
[2026-01-25T18:05:06.164+0000] {logging_mixin.py:188} INFO - [18:05:06] Fetched 1000 swaps from token0_in (Total: 114000)
[2026-01-25T18:05:08.046+0000] {logging_mixin.py:188} INFO - [18:05:08] Fetched 1000 swaps from token0_in (Total: 115000)
[2026-01-25T18:05:10.556+0000] {logging_mixin.py:188} INFO - [18:05:10] Fetched 1000 swaps from token0_in (Total: 116000)
[2026-01-25T18:05:12.290+0000] {logging_mixin.py:188} INFO - [18:05:12] Fetched 1000 swaps from token0_in (Total: 117000)
[2026-01-25T18:05:14.010+0000] {logging_mixin.py:188} INFO - [18:05:14] Fetched 1000 swaps from token0_in (Total: 118000)
[2026-01-25T18:05:16.614+0000] {logging_mixin.py:188} INFO - [18:05:16] Fetched 1000 swaps from token0_in (Total: 119000)
[2026-01-25T18:05:18.745+0000] {logging_mixin.py:188} INFO - [18:05:18] Fetched 1000 swaps from token0_in (Total: 120000)
[2026-01-25T18:05:20.702+0000] {logging_mixin.py:188} INFO - [18:05:20] Fetched 1000 swaps from token0_in (Total: 121000)
[2026-01-25T18:05:23.626+0000] {logging_mixin.py:188} INFO - [18:05:23] Fetched 1000 swaps from token0_in (Total: 122000)
[2026-01-25T18:05:25.256+0000] {logging_mixin.py:188} INFO - [18:05:25] Fetched 1000 swaps from token0_in (Total: 123000)
[2026-01-25T18:05:27.563+0000] {logging_mixin.py:188} INFO - [18:05:27] Fetched 1000 swaps from token0_in (Total: 124000)
[2026-01-25T18:05:30.130+0000] {logging_mixin.py:188} INFO - [18:05:30] Fetched 1000 swaps from token0_in (Total: 125000)
[2026-01-25T18:05:32.093+0000] {logging_mixin.py:188} INFO - [18:05:32] Fetched 1000 swaps from token0_in (Total: 126000)
[2026-01-25T18:05:34.085+0000] {logging_mixin.py:188} INFO - [18:05:34] Fetched 1000 swaps from token0_in (Total: 127000)
[2026-01-25T18:05:35.822+0000] {logging_mixin.py:188} INFO - [18:05:35] Fetched 1000 swaps from token0_in (Total: 128000)
[2026-01-25T18:05:37.624+0000] {logging_mixin.py:188} INFO - [18:05:37] Fetched 1000 swaps from token0_in (Total: 129000)
[2026-01-25T18:05:39.375+0000] {logging_mixin.py:188} INFO - [18:05:39] Fetched 1000 swaps from token0_in (Total: 130000)
[2026-01-25T18:05:41.230+0000] {logging_mixin.py:188} INFO - [18:05:41] Fetched 1000 swaps from token0_in (Total: 131000)
[2026-01-25T18:05:42.970+0000] {logging_mixin.py:188} INFO - [18:05:42] Fetched 1000 swaps from token0_in (Total: 132000)
[2026-01-25T18:05:44.675+0000] {logging_mixin.py:188} INFO - [18:05:44] Fetched 1000 swaps from token0_in (Total: 133000)
[2026-01-25T18:05:46.595+0000] {logging_mixin.py:188} INFO - [18:05:46] Fetched 1000 swaps from token0_in (Total: 134000)
[2026-01-25T18:05:48.530+0000] {logging_mixin.py:188} INFO - [18:05:48] Fetched 1000 swaps from token0_in (Total: 135000)
[2026-01-25T18:05:50.400+0000] {logging_mixin.py:188} INFO - [18:05:50] Fetched 1000 swaps from token0_in (Total: 136000)
[2026-01-25T18:05:52.400+0000] {logging_mixin.py:188} INFO - [18:05:52] Fetched 1000 swaps from token0_in (Total: 137000)
[2026-01-25T18:05:54.318+0000] {logging_mixin.py:188} INFO - [18:05:54] Fetched 1000 swaps from token0_in (Total: 138000)
[2026-01-25T18:05:55.880+0000] {logging_mixin.py:188} INFO - [18:05:55] Fetched 1000 swaps from token0_in (Total: 139000)
[2026-01-25T18:05:57.416+0000] {logging_mixin.py:188} INFO - [18:05:57] Fetched 1000 swaps from token0_in (Total: 140000)
[2026-01-25T18:05:59.053+0000] {logging_mixin.py:188} INFO - [18:05:59] Fetched 1000 swaps from token0_in (Total: 141000)
[2026-01-25T18:06:00.872+0000] {logging_mixin.py:188} INFO - [18:06:00] Fetched 1000 swaps from token0_in (Total: 142000)
[2026-01-25T18:06:02.481+0000] {logging_mixin.py:188} INFO - [18:06:02] Fetched 1000 swaps from token0_in (Total: 143000)
[2026-01-25T18:06:04.213+0000] {logging_mixin.py:188} INFO - [18:06:04] Fetched 1000 swaps from token0_in (Total: 144000)
[2026-01-25T18:06:05.765+0000] {logging_mixin.py:188} INFO - [18:06:05] Fetched 1000 swaps from token0_in (Total: 145000)
[2026-01-25T18:06:07.364+0000] {logging_mixin.py:188} INFO - [18:06:07] Fetched 1000 swaps from token0_in (Total: 146000)
[2026-01-25T18:06:10.191+0000] {logging_mixin.py:188} INFO - [18:06:10] Fetched 1000 swaps from token0_in (Total: 147000)
[2026-01-25T18:06:11.408+0000] {logging_mixin.py:188} INFO - [18:06:11] Fetched 1000 swaps from token0_in (Total: 148000)
[2026-01-25T18:06:12.763+0000] {logging_mixin.py:188} INFO - [18:06:12] Fetched 1000 swaps from token0_in (Total: 149000)
[2026-01-25T18:06:14.360+0000] {logging_mixin.py:188} INFO - [18:06:14] Fetched 1000 swaps from token0_in (Total: 150000)
[2026-01-25T18:06:16.393+0000] {logging_mixin.py:188} INFO - [18:06:16] Fetched 1000 swaps from token0_in (Total: 151000)
[2026-01-25T18:06:18.457+0000] {logging_mixin.py:188} INFO - [18:06:18] Fetched 1000 swaps from token0_in (Total: 152000)
[2026-01-25T18:06:21.840+0000] {logging_mixin.py:188} INFO - [18:06:21] Fetched 1000 swaps from token0_in (Total: 153000)
[2026-01-25T18:06:23.960+0000] {logging_mixin.py:188} INFO - [18:06:23] Fetched 1000 swaps from token0_in (Total: 154000)
[2026-01-25T18:06:25.665+0000] {logging_mixin.py:188} INFO - [18:06:25] Fetched 1000 swaps from token0_in (Total: 155000)
[2026-01-25T18:06:27.480+0000] {logging_mixin.py:188} INFO - [18:06:27] Fetched 1000 swaps from token0_in (Total: 156000)
[2026-01-25T18:06:29.229+0000] {logging_mixin.py:188} INFO - [18:06:29] Fetched 1000 swaps from token0_in (Total: 157000)
[2026-01-25T18:06:31.173+0000] {logging_mixin.py:188} INFO - [18:06:31] Fetched 1000 swaps from token0_in (Total: 158000)
[2026-01-25T18:06:32.932+0000] {logging_mixin.py:188} INFO - [18:06:32] Fetched 1000 swaps from token0_in (Total: 159000)
[2026-01-25T18:06:34.708+0000] {logging_mixin.py:188} INFO - [18:06:34] Fetched 1000 swaps from token0_in (Total: 160000)
[2026-01-25T18:06:37.065+0000] {logging_mixin.py:188} INFO - [18:06:37] Fetched 1000 swaps from token0_in (Total: 161000)
[2026-01-25T18:06:38.681+0000] {logging_mixin.py:188} INFO - [18:06:38] Fetched 1000 swaps from token0_in (Total: 162000)
[2026-01-25T18:06:40.660+0000] {logging_mixin.py:188} INFO - [18:06:40] Fetched 1000 swaps from token0_in (Total: 163000)
[2026-01-25T18:06:42.473+0000] {logging_mixin.py:188} INFO - [18:06:42] Fetched 1000 swaps from token0_in (Total: 164000)
[2026-01-25T18:06:43.854+0000] {logging_mixin.py:188} INFO - [18:06:43] Fetched 1000 swaps from token0_in (Total: 165000)
[2026-01-25T18:06:45.756+0000] {logging_mixin.py:188} INFO - [18:06:45] Fetched 1000 swaps from token0_in (Total: 166000)
[2026-01-25T18:06:47.571+0000] {logging_mixin.py:188} INFO - [18:06:47] Fetched 1000 swaps from token0_in (Total: 167000)
[2026-01-25T18:06:49.386+0000] {logging_mixin.py:188} INFO - [18:06:49] Fetched 1000 swaps from token0_in (Total: 168000)
[2026-01-25T18:06:51.040+0000] {logging_mixin.py:188} INFO - [18:06:51] Fetched 1000 swaps from token0_in (Total: 169000)
[2026-01-25T18:06:53.034+0000] {logging_mixin.py:188} INFO - [18:06:53] Fetched 1000 swaps from token0_in (Total: 170000)
[2026-01-25T18:06:54.883+0000] {logging_mixin.py:188} INFO - [18:06:54] Fetched 1000 swaps from token0_in (Total: 171000)
[2026-01-25T18:06:56.859+0000] {logging_mixin.py:188} INFO - [18:06:56] Fetched 1000 swaps from token0_in (Total: 172000)
[2026-01-25T18:06:58.696+0000] {logging_mixin.py:188} INFO - [18:06:58] Fetched 1000 swaps from token0_in (Total: 173000)
[2026-01-25T18:07:00.561+0000] {logging_mixin.py:188} INFO - [18:07:00] Fetched 1000 swaps from token0_in (Total: 174000)
[2026-01-25T18:07:02.232+0000] {logging_mixin.py:188} INFO - [18:07:02] Fetched 1000 swaps from token0_in (Total: 175000)
[2026-01-25T18:07:04.155+0000] {logging_mixin.py:188} INFO - [18:07:04] Fetched 1000 swaps from token0_in (Total: 176000)
[2026-01-25T18:07:06.073+0000] {logging_mixin.py:188} INFO - [18:07:06] Fetched 1000 swaps from token0_in (Total: 177000)
[2026-01-25T18:07:08.230+0000] {logging_mixin.py:188} INFO - [18:07:08] Fetched 1000 swaps from token0_in (Total: 178000)
[2026-01-25T18:07:09.903+0000] {logging_mixin.py:188} INFO - [18:07:09] Fetched 1000 swaps from token0_in (Total: 179000)
[2026-01-25T18:07:11.793+0000] {logging_mixin.py:188} INFO - [18:07:11] Fetched 1000 swaps from token0_in (Total: 180000)
[2026-01-25T18:07:13.922+0000] {logging_mixin.py:188} INFO - [18:07:13] Fetched 1000 swaps from token0_in (Total: 181000)
[2026-01-25T18:07:15.830+0000] {logging_mixin.py:188} INFO - [18:07:15] Fetched 1000 swaps from token0_in (Total: 182000)
[2026-01-25T18:07:18.540+0000] {logging_mixin.py:188} INFO - [18:07:18] Fetched 1000 swaps from token0_in (Total: 183000)
[2026-01-25T18:07:20.663+0000] {logging_mixin.py:188} INFO - [18:07:20] Fetched 1000 swaps from token0_in (Total: 184000)
[2026-01-25T18:07:23.517+0000] {logging_mixin.py:188} INFO - [18:07:23] Fetched 1000 swaps from token0_in (Total: 185000)
[2026-01-25T18:07:25.781+0000] {logging_mixin.py:188} INFO - [18:07:25] Fetched 1000 swaps from token0_in (Total: 186000)
[2026-01-25T18:07:27.716+0000] {logging_mixin.py:188} INFO - [18:07:27] Fetched 1000 swaps from token0_in (Total: 187000)
[2026-01-25T18:07:29.695+0000] {logging_mixin.py:188} INFO - [18:07:29] Fetched 1000 swaps from token0_in (Total: 188000)
[2026-01-25T18:07:31.721+0000] {logging_mixin.py:188} INFO - [18:07:31] Fetched 1000 swaps from token0_in (Total: 189000)
[2026-01-25T18:07:33.405+0000] {logging_mixin.py:188} INFO - [18:07:33] Fetched 1000 swaps from token0_in (Total: 190000)
[2026-01-25T18:07:35.456+0000] {logging_mixin.py:188} INFO - [18:07:35] Fetched 1000 swaps from token0_in (Total: 191000)
[2026-01-25T18:07:37.524+0000] {logging_mixin.py:188} INFO - [18:07:37] Fetched 1000 swaps from token0_in (Total: 192000)
[2026-01-25T18:07:39.511+0000] {logging_mixin.py:188} INFO - [18:07:39] Fetched 1000 swaps from token0_in (Total: 193000)
[2026-01-25T18:07:41.478+0000] {logging_mixin.py:188} INFO - [18:07:41] Fetched 1000 swaps from token0_in (Total: 194000)
[2026-01-25T18:07:43.739+0000] {logging_mixin.py:188} INFO - [18:07:43] Fetched 1000 swaps from token0_in (Total: 195000)
[2026-01-25T18:07:46.459+0000] {logging_mixin.py:188} INFO - [18:07:46] Fetched 1000 swaps from token0_in (Total: 196000)
[2026-01-25T18:07:48.670+0000] {logging_mixin.py:188} INFO - [18:07:48] Fetched 1000 swaps from token0_in (Total: 197000)
[2026-01-25T18:07:50.733+0000] {logging_mixin.py:188} INFO - [18:07:50] Fetched 1000 swaps from token0_in (Total: 198000)
[2026-01-25T18:07:53.205+0000] {logging_mixin.py:188} INFO - [18:07:53] Fetched 1000 swaps from token0_in (Total: 199000)
[2026-01-25T18:07:55.668+0000] {logging_mixin.py:188} INFO - [18:07:55] Fetched 1000 swaps from token0_in (Total: 200000)
[2026-01-25T18:07:57.666+0000] {logging_mixin.py:188} INFO - [18:07:57] Fetched 1000 swaps from token0_in (Total: 201000)
[2026-01-25T18:07:59.864+0000] {logging_mixin.py:188} INFO - [18:07:59] Fetched 1000 swaps from token0_in (Total: 202000)
[2026-01-25T18:08:02.526+0000] {logging_mixin.py:188} INFO - [18:08:02] Fetched 1000 swaps from token0_in (Total: 203000)
[2026-01-25T18:08:04.837+0000] {logging_mixin.py:188} INFO - [18:08:04] Fetched 1000 swaps from token0_in (Total: 204000)
[2026-01-25T18:08:06.524+0000] {logging_mixin.py:188} INFO - [18:08:06] Fetched 1000 swaps from token0_in (Total: 205000)
[2026-01-25T18:08:08.744+0000] {logging_mixin.py:188} INFO - [18:08:08] Fetched 1000 swaps from token0_in (Total: 206000)
[2026-01-25T18:08:10.704+0000] {logging_mixin.py:188} INFO - [18:08:10] Fetched 1000 swaps from token0_in (Total: 207000)
[2026-01-25T18:08:12.498+0000] {logging_mixin.py:188} INFO - [18:08:12] Fetched 1000 swaps from token0_in (Total: 208000)
[2026-01-25T18:08:14.415+0000] {logging_mixin.py:188} INFO - [18:08:14] Fetched 1000 swaps from token0_in (Total: 209000)
[2026-01-25T18:08:16.552+0000] {logging_mixin.py:188} INFO - [18:08:16] Fetched 1000 swaps from token0_in (Total: 210000)
[2026-01-25T18:08:18.423+0000] {logging_mixin.py:188} INFO - [18:08:18] Fetched 1000 swaps from token0_in (Total: 211000)
[2026-01-25T18:08:20.262+0000] {logging_mixin.py:188} INFO - [18:08:20] Fetched 1000 swaps from token0_in (Total: 212000)
[2026-01-25T18:08:22.275+0000] {logging_mixin.py:188} INFO - [18:08:22] Fetched 1000 swaps from token0_in (Total: 213000)
[2026-01-25T18:08:24.040+0000] {logging_mixin.py:188} INFO - [18:08:24] Fetched 1000 swaps from token0_in (Total: 214000)
[2026-01-25T18:08:26.534+0000] {logging_mixin.py:188} INFO - [18:08:26] Fetched 1000 swaps from token0_in (Total: 215000)
[2026-01-25T18:08:29.148+0000] {logging_mixin.py:188} INFO - [18:08:29] Fetched 1000 swaps from token0_in (Total: 216000)
[2026-01-25T18:08:31.580+0000] {logging_mixin.py:188} INFO - [18:08:31] Fetched 1000 swaps from token0_in (Total: 217000)
[2026-01-25T18:08:33.443+0000] {logging_mixin.py:188} INFO - [18:08:33] Fetched 1000 swaps from token0_in (Total: 218000)
[2026-01-25T18:08:36.711+0000] {logging_mixin.py:188} INFO - [18:08:36] Fetched 1000 swaps from token0_in (Total: 219000)
[2026-01-25T18:08:38.853+0000] {logging_mixin.py:188} INFO - [18:08:38] Fetched 1000 swaps from token0_in (Total: 220000)
[2026-01-25T18:08:40.698+0000] {logging_mixin.py:188} INFO - [18:08:40] Fetched 1000 swaps from token0_in (Total: 221000)
[2026-01-25T18:08:42.592+0000] {logging_mixin.py:188} INFO - [18:08:42] Fetched 1000 swaps from token0_in (Total: 222000)
[2026-01-25T18:08:46.652+0000] {logging_mixin.py:188} INFO - [18:08:46] Fetched 1000 swaps from token0_in (Total: 223000)
[2026-01-25T18:08:47.861+0000] {logging_mixin.py:188} INFO - [18:08:47] Fetched 1000 swaps from token0_in (Total: 224000)
[2026-01-25T18:08:49.289+0000] {logging_mixin.py:188} INFO - [18:08:49] Fetched 1000 swaps from token0_in (Total: 225000)
[2026-01-25T18:08:51.073+0000] {logging_mixin.py:188} INFO - [18:08:51] Fetched 1000 swaps from token0_in (Total: 226000)
[2026-01-25T18:08:53.180+0000] {logging_mixin.py:188} INFO - [18:08:53] Fetched 1000 swaps from token0_in (Total: 227000)
[2026-01-25T18:08:55.049+0000] {logging_mixin.py:188} INFO - [18:08:55] Fetched 1000 swaps from token0_in (Total: 228000)
[2026-01-25T18:08:56.748+0000] {logging_mixin.py:188} INFO - [18:08:56] Fetched 1000 swaps from token0_in (Total: 229000)
[2026-01-25T18:08:58.378+0000] {logging_mixin.py:188} INFO - [18:08:58] Fetched 1000 swaps from token0_in (Total: 230000)
[2026-01-25T18:09:00.368+0000] {logging_mixin.py:188} INFO - [18:09:00] Fetched 1000 swaps from token0_in (Total: 231000)
[2026-01-25T18:09:02.423+0000] {logging_mixin.py:188} INFO - [18:09:02] Fetched 1000 swaps from token0_in (Total: 232000)
[2026-01-25T18:09:04.558+0000] {logging_mixin.py:188} INFO - [18:09:04] Fetched 1000 swaps from token0_in (Total: 233000)
[2026-01-25T18:09:06.109+0000] {logging_mixin.py:188} INFO - [18:09:06] Fetched 1000 swaps from token0_in (Total: 234000)
[2026-01-25T18:09:07.963+0000] {logging_mixin.py:188} INFO - [18:09:07] Fetched 1000 swaps from token0_in (Total: 235000)
[2026-01-25T18:09:09.635+0000] {logging_mixin.py:188} INFO - [18:09:09] Fetched 1000 swaps from token0_in (Total: 236000)
[2026-01-25T18:09:11.344+0000] {logging_mixin.py:188} INFO - [18:09:11] Fetched 1000 swaps from token0_in (Total: 237000)
[2026-01-25T18:09:13.272+0000] {logging_mixin.py:188} INFO - [18:09:13] Fetched 1000 swaps from token0_in (Total: 238000)
[2026-01-25T18:09:15.640+0000] {logging_mixin.py:188} INFO - [18:09:15] Fetched 1000 swaps from token0_in (Total: 239000)
[2026-01-25T18:09:18.231+0000] {logging_mixin.py:188} INFO - [18:09:18] Fetched 1000 swaps from token0_in (Total: 240000)
[2026-01-25T18:09:19.832+0000] {logging_mixin.py:188} INFO - [18:09:19] Fetched 1000 swaps from token0_in (Total: 241000)
[2026-01-25T18:09:21.651+0000] {logging_mixin.py:188} INFO - [18:09:21] Fetched 1000 swaps from token0_in (Total: 242000)
[2026-01-25T18:09:23.314+0000] {logging_mixin.py:188} INFO - [18:09:23] Fetched 1000 swaps from token0_in (Total: 243000)
[2026-01-25T18:09:25.040+0000] {logging_mixin.py:188} INFO - [18:09:25] Fetched 1000 swaps from token0_in (Total: 244000)
[2026-01-25T18:09:26.888+0000] {logging_mixin.py:188} INFO - [18:09:26] Fetched 1000 swaps from token0_in (Total: 245000)
[2026-01-25T18:09:28.779+0000] {logging_mixin.py:188} INFO - [18:09:28] Fetched 1000 swaps from token0_in (Total: 246000)
[2026-01-25T18:09:30.626+0000] {logging_mixin.py:188} INFO - [18:09:30] Fetched 1000 swaps from token0_in (Total: 247000)
[2026-01-25T18:09:32.518+0000] {logging_mixin.py:188} INFO - [18:09:32] Fetched 1000 swaps from token0_in (Total: 248000)
[2026-01-25T18:09:34.176+0000] {logging_mixin.py:188} INFO - [18:09:34] Fetched 1000 swaps from token0_in (Total: 249000)
[2026-01-25T18:09:36.481+0000] {logging_mixin.py:188} INFO - [18:09:36] Fetched 1000 swaps from token0_in (Total: 250000)
[2026-01-25T18:09:38.722+0000] {logging_mixin.py:188} INFO - [18:09:38] Fetched 1000 swaps from token0_in (Total: 251000)
[2026-01-25T18:09:41.002+0000] {logging_mixin.py:188} INFO - [18:09:41] Fetched 1000 swaps from token0_in (Total: 252000)
[2026-01-25T18:09:43.043+0000] {logging_mixin.py:188} INFO - [18:09:43] Fetched 1000 swaps from token0_in (Total: 253000)
[2026-01-25T18:09:45.023+0000] {logging_mixin.py:188} INFO - [18:09:45] Fetched 1000 swaps from token0_in (Total: 254000)
[2026-01-25T18:09:46.818+0000] {logging_mixin.py:188} INFO - [18:09:46] Fetched 1000 swaps from token0_in (Total: 255000)
[2026-01-25T18:09:48.459+0000] {logging_mixin.py:188} INFO - [18:09:48] Fetched 1000 swaps from token0_in (Total: 256000)
[2026-01-25T18:09:50.176+0000] {logging_mixin.py:188} INFO - [18:09:50] Fetched 1000 swaps from token0_in (Total: 257000)
[2026-01-25T18:09:51.887+0000] {logging_mixin.py:188} INFO - [18:09:51] Fetched 1000 swaps from token0_in (Total: 258000)
[2026-01-25T18:09:53.625+0000] {logging_mixin.py:188} INFO - [18:09:53] Fetched 1000 swaps from token0_in (Total: 259000)
[2026-01-25T18:09:55.262+0000] {logging_mixin.py:188} INFO - [18:09:55] Fetched 1000 swaps from token0_in (Total: 260000)
[2026-01-25T18:09:57.019+0000] {logging_mixin.py:188} INFO - [18:09:57] Fetched 1000 swaps from token0_in (Total: 261000)
[2026-01-25T18:09:58.737+0000] {logging_mixin.py:188} INFO - [18:09:58] Fetched 1000 swaps from token0_in (Total: 262000)
[2026-01-25T18:10:00.439+0000] {logging_mixin.py:188} INFO - [18:10:00] Fetched 1000 swaps from token0_in (Total: 263000)
[2026-01-25T18:10:02.675+0000] {logging_mixin.py:188} INFO - [18:10:02] Fetched 1000 swaps from token0_in (Total: 264000)
[2026-01-25T18:10:05.005+0000] {logging_mixin.py:188} INFO - [18:10:05] Fetched 1000 swaps from token0_in (Total: 265000)
[2026-01-25T18:10:06.757+0000] {logging_mixin.py:188} INFO - [18:10:06] Fetched 1000 swaps from token0_in (Total: 266000)
[2026-01-25T18:10:08.998+0000] {logging_mixin.py:188} INFO - [18:10:08] Fetched 1000 swaps from token0_in (Total: 267000)
[2026-01-25T18:10:11.294+0000] {logging_mixin.py:188} INFO - [18:10:11] Fetched 1000 swaps from token0_in (Total: 268000)
[2026-01-25T18:10:13.332+0000] {logging_mixin.py:188} INFO - [18:10:13] Fetched 1000 swaps from token0_in (Total: 269000)
[2026-01-25T18:10:14.791+0000] {logging_mixin.py:188} INFO - [18:10:14] Fetched 1000 swaps from token0_in (Total: 270000)
[2026-01-25T18:10:16.758+0000] {logging_mixin.py:188} INFO - [18:10:16] Fetched 1000 swaps from token0_in (Total: 271000)
[2026-01-25T18:10:18.603+0000] {logging_mixin.py:188} INFO - [18:10:18] Fetched 1000 swaps from token0_in (Total: 272000)
[2026-01-25T18:10:20.094+0000] {logging_mixin.py:188} INFO - [18:10:20] Fetched 1000 swaps from token0_in (Total: 273000)
[2026-01-25T18:10:22.049+0000] {logging_mixin.py:188} INFO - [18:10:22] Fetched 1000 swaps from token0_in (Total: 274000)
[2026-01-25T18:10:23.731+0000] {logging_mixin.py:188} INFO - [18:10:23] Fetched 1000 swaps from token0_in (Total: 275000)
[2026-01-25T18:10:25.525+0000] {logging_mixin.py:188} INFO - [18:10:25] Fetched 1000 swaps from token0_in (Total: 276000)
[2026-01-25T18:10:27.459+0000] {logging_mixin.py:188} INFO - [18:10:27] Fetched 1000 swaps from token0_in (Total: 277000)
[2026-01-25T18:10:29.251+0000] {logging_mixin.py:188} INFO - [18:10:29] Fetched 1000 swaps from token0_in (Total: 278000)
[2026-01-25T18:10:31.092+0000] {logging_mixin.py:188} INFO - [18:10:31] Fetched 1000 swaps from token0_in (Total: 279000)
[2026-01-25T18:10:32.996+0000] {logging_mixin.py:188} INFO - [18:10:32] Fetched 1000 swaps from token0_in (Total: 280000)
[2026-01-25T18:10:35.065+0000] {logging_mixin.py:188} INFO - [18:10:35] Fetched 1000 swaps from token0_in (Total: 281000)
[2026-01-25T18:10:36.922+0000] {logging_mixin.py:188} INFO - [18:10:36] Fetched 1000 swaps from token0_in (Total: 282000)
[2026-01-25T18:10:38.905+0000] {logging_mixin.py:188} INFO - [18:10:38] Fetched 1000 swaps from token0_in (Total: 283000)
[2026-01-25T18:10:40.851+0000] {logging_mixin.py:188} INFO - [18:10:40] Fetched 1000 swaps from token0_in (Total: 284000)
[2026-01-25T18:10:42.939+0000] {logging_mixin.py:188} INFO - [18:10:42] Fetched 1000 swaps from token0_in (Total: 285000)
[2026-01-25T18:10:44.942+0000] {logging_mixin.py:188} INFO - [18:10:44] Fetched 1000 swaps from token0_in (Total: 286000)
[2026-01-25T18:10:46.904+0000] {logging_mixin.py:188} INFO - [18:10:46] Fetched 1000 swaps from token0_in (Total: 287000)
[2026-01-25T18:10:48.661+0000] {logging_mixin.py:188} INFO - [18:10:48] Fetched 1000 swaps from token0_in (Total: 288000)
[2026-01-25T18:10:50.664+0000] {logging_mixin.py:188} INFO - [18:10:50] Fetched 1000 swaps from token0_in (Total: 289000)
[2026-01-25T18:10:53.052+0000] {logging_mixin.py:188} INFO - [18:10:53] Fetched 1000 swaps from token0_in (Total: 290000)
[2026-01-25T18:10:55.003+0000] {logging_mixin.py:188} INFO - [18:10:55] Fetched 1000 swaps from token0_in (Total: 291000)
[2026-01-25T18:10:56.892+0000] {logging_mixin.py:188} INFO - [18:10:56] Fetched 1000 swaps from token0_in (Total: 292000)
[2026-01-25T18:10:58.987+0000] {logging_mixin.py:188} INFO - [18:10:58] Fetched 1000 swaps from token0_in (Total: 293000)
[2026-01-25T18:11:01.080+0000] {logging_mixin.py:188} INFO - [18:11:01] Fetched 1000 swaps from token0_in (Total: 294000)
[2026-01-25T18:11:03.085+0000] {logging_mixin.py:188} INFO - [18:11:03] Fetched 1000 swaps from token0_in (Total: 295000)
[2026-01-25T18:11:04.921+0000] {logging_mixin.py:188} INFO - [18:11:04] Fetched 1000 swaps from token0_in (Total: 296000)
[2026-01-25T18:11:06.910+0000] {logging_mixin.py:188} INFO - [18:11:06] Fetched 1000 swaps from token0_in (Total: 297000)
[2026-01-25T18:11:08.551+0000] {logging_mixin.py:188} INFO - [18:11:08] Fetched 1000 swaps from token0_in (Total: 298000)
[2026-01-25T18:11:10.773+0000] {logging_mixin.py:188} INFO - [18:11:10] Fetched 1000 swaps from token0_in (Total: 299000)
[2026-01-25T18:11:12.594+0000] {logging_mixin.py:188} INFO - [18:11:12] Fetched 1000 swaps from token0_in (Total: 300000)
[2026-01-25T18:11:14.064+0000] {logging_mixin.py:188} INFO - [18:11:14] Fetched 1000 swaps from token0_in (Total: 301000)
[2026-01-25T18:11:15.499+0000] {logging_mixin.py:188} INFO - [18:11:15] Fetched 1000 swaps from token0_in (Total: 302000)
[2026-01-25T18:11:18.830+0000] {logging_mixin.py:188} INFO - [18:11:18] Fetched 1000 swaps from token0_in (Total: 303000)
[2026-01-25T18:11:20.100+0000] {logging_mixin.py:188} INFO - [18:11:20] Fetched 1000 swaps from token0_in (Total: 304000)
[2026-01-25T18:11:21.390+0000] {logging_mixin.py:188} INFO - [18:11:21] Fetched 1000 swaps from token0_in (Total: 305000)
[2026-01-25T18:11:23.200+0000] {logging_mixin.py:188} INFO - [18:11:23] Fetched 1000 swaps from token0_in (Total: 306000)
[2026-01-25T18:11:24.871+0000] {logging_mixin.py:188} INFO - [18:11:24] Fetched 1000 swaps from token0_in (Total: 307000)
[2026-01-25T18:11:26.481+0000] {logging_mixin.py:188} INFO - [18:11:26] Fetched 1000 swaps from token0_in (Total: 308000)
[2026-01-25T18:11:28.284+0000] {logging_mixin.py:188} INFO - [18:11:28] Fetched 1000 swaps from token0_in (Total: 309000)
[2026-01-25T18:11:29.797+0000] {logging_mixin.py:188} INFO - [18:11:29] Fetched 1000 swaps from token0_in (Total: 310000)
[2026-01-25T18:11:32.118+0000] {logging_mixin.py:188} INFO - [18:11:32] Fetched 1000 swaps from token0_in (Total: 311000)
[2026-01-25T18:11:33.253+0000] {logging_mixin.py:188} INFO - [18:11:33] Fetched 1000 swaps from token0_in (Total: 312000)
[2026-01-25T18:11:35.197+0000] {logging_mixin.py:188} INFO - [18:11:35] Fetched 1000 swaps from token0_in (Total: 313000)
[2026-01-25T18:11:36.850+0000] {logging_mixin.py:188} INFO - [18:11:36] Fetched 1000 swaps from token0_in (Total: 314000)
[2026-01-25T18:11:38.401+0000] {logging_mixin.py:188} INFO - [18:11:38] Fetched 1000 swaps from token0_in (Total: 315000)
[2026-01-25T18:11:40.175+0000] {logging_mixin.py:188} INFO - [18:11:40] Fetched 1000 swaps from token0_in (Total: 316000)
[2026-01-25T18:11:42.267+0000] {logging_mixin.py:188} INFO - [18:11:42] Fetched 1000 swaps from token0_in (Total: 317000)
[2026-01-25T18:11:43.726+0000] {logging_mixin.py:188} INFO - [18:11:43] Fetched 1000 swaps from token0_in (Total: 318000)
[2026-01-25T18:11:45.727+0000] {logging_mixin.py:188} INFO - [18:11:45] Fetched 1000 swaps from token0_in (Total: 319000)
[2026-01-25T18:11:47.408+0000] {logging_mixin.py:188} INFO - [18:11:47] Fetched 1000 swaps from token0_in (Total: 320000)
[2026-01-25T18:11:49.370+0000] {logging_mixin.py:188} INFO - [18:11:49] Fetched 1000 swaps from token0_in (Total: 321000)
[2026-01-25T18:11:51.140+0000] {logging_mixin.py:188} INFO - [18:11:51] Fetched 1000 swaps from token0_in (Total: 322000)
[2026-01-25T18:11:52.901+0000] {logging_mixin.py:188} INFO - [18:11:52] Fetched 1000 swaps from token0_in (Total: 323000)
[2026-01-25T18:11:54.666+0000] {logging_mixin.py:188} INFO - [18:11:54] Fetched 1000 swaps from token0_in (Total: 324000)
[2026-01-25T18:11:56.631+0000] {logging_mixin.py:188} INFO - [18:11:56] Fetched 1000 swaps from token0_in (Total: 325000)
[2026-01-25T18:11:58.688+0000] {logging_mixin.py:188} INFO - [18:11:58] Fetched 1000 swaps from token0_in (Total: 326000)
[2026-01-25T18:12:00.362+0000] {logging_mixin.py:188} INFO - [18:12:00] Fetched 1000 swaps from token0_in (Total: 327000)
[2026-01-25T18:12:02.284+0000] {logging_mixin.py:188} INFO - [18:12:02] Fetched 1000 swaps from token0_in (Total: 328000)
[2026-01-25T18:12:04.685+0000] {logging_mixin.py:188} INFO - [18:12:04] Fetched 1000 swaps from token0_in (Total: 329000)
[2026-01-25T18:12:06.820+0000] {logging_mixin.py:188} INFO - [18:12:06] Fetched 1000 swaps from token0_in (Total: 330000)
[2026-01-25T18:12:08.300+0000] {logging_mixin.py:188} INFO - [18:12:08] Fetched 1000 swaps from token0_in (Total: 331000)
[2026-01-25T18:12:10.154+0000] {logging_mixin.py:188} INFO - [18:12:10] Fetched 1000 swaps from token0_in (Total: 332000)
[2026-01-25T18:12:11.833+0000] {logging_mixin.py:188} INFO - [18:12:11] Fetched 1000 swaps from token0_in (Total: 333000)
[2026-01-25T18:12:13.804+0000] {logging_mixin.py:188} INFO - [18:12:13] Fetched 1000 swaps from token0_in (Total: 334000)
[2026-01-25T18:12:15.636+0000] {logging_mixin.py:188} INFO - [18:12:15] Fetched 1000 swaps from token0_in (Total: 335000)
[2026-01-25T18:12:17.809+0000] {logging_mixin.py:188} INFO - [18:12:17] Fetched 1000 swaps from token0_in (Total: 336000)
[2026-01-25T18:12:19.216+0000] {logging_mixin.py:188} INFO - [18:12:19] Fetched 1000 swaps from token0_in (Total: 337000)
[2026-01-25T18:12:21.113+0000] {logging_mixin.py:188} INFO - [18:12:21] Fetched 1000 swaps from token0_in (Total: 338000)
[2026-01-25T18:12:23.018+0000] {logging_mixin.py:188} INFO - [18:12:23] Fetched 1000 swaps from token0_in (Total: 339000)
[2026-01-25T18:12:24.849+0000] {logging_mixin.py:188} INFO - [18:12:24] Fetched 1000 swaps from token0_in (Total: 340000)
[2026-01-25T18:12:27.168+0000] {logging_mixin.py:188} INFO - [18:12:27] Fetched 1000 swaps from token0_in (Total: 341000)
[2026-01-25T18:12:28.848+0000] {logging_mixin.py:188} INFO - [18:12:28] Fetched 1000 swaps from token0_in (Total: 342000)
[2026-01-25T18:12:30.899+0000] {logging_mixin.py:188} INFO - [18:12:30] Fetched 1000 swaps from token0_in (Total: 343000)
[2026-01-25T18:12:34.067+0000] {logging_mixin.py:188} INFO - [18:12:34] Fetched 1000 swaps from token0_in (Total: 344000)
[2026-01-25T18:12:35.678+0000] {logging_mixin.py:188} INFO - [18:12:35] Fetched 1000 swaps from token0_in (Total: 345000)
[2026-01-25T18:12:37.809+0000] {logging_mixin.py:188} INFO - [18:12:37] Fetched 1000 swaps from token0_in (Total: 346000)
[2026-01-25T18:12:40.112+0000] {logging_mixin.py:188} INFO - [18:12:40] Fetched 1000 swaps from token0_in (Total: 347000)
[2026-01-25T18:12:41.947+0000] {logging_mixin.py:188} INFO - [18:12:41] Fetched 1000 swaps from token0_in (Total: 348000)
[2026-01-25T18:12:43.884+0000] {logging_mixin.py:188} INFO - [18:12:43] Fetched 1000 swaps from token0_in (Total: 349000)
[2026-01-25T18:12:45.973+0000] {logging_mixin.py:188} INFO - [18:12:45] Fetched 1000 swaps from token0_in (Total: 350000)
[2026-01-25T18:12:47.687+0000] {logging_mixin.py:188} INFO - [18:12:47] Fetched 1000 swaps from token0_in (Total: 351000)
[2026-01-25T18:12:49.711+0000] {logging_mixin.py:188} INFO - [18:12:49] Fetched 1000 swaps from token0_in (Total: 352000)
[2026-01-25T18:12:51.464+0000] {logging_mixin.py:188} INFO - [18:12:51] Fetched 1000 swaps from token0_in (Total: 353000)
[2026-01-25T18:12:53.140+0000] {logging_mixin.py:188} INFO - [18:12:53] Fetched 1000 swaps from token0_in (Total: 354000)
[2026-01-25T18:12:54.773+0000] {logging_mixin.py:188} INFO - [18:12:54] Fetched 1000 swaps from token0_in (Total: 355000)
[2026-01-25T18:12:57.042+0000] {logging_mixin.py:188} INFO - [18:12:57] Fetched 1000 swaps from token0_in (Total: 356000)
[2026-01-25T18:12:59.203+0000] {logging_mixin.py:188} INFO - [18:12:59] Fetched 1000 swaps from token0_in (Total: 357000)
[2026-01-25T18:13:00.949+0000] {logging_mixin.py:188} INFO - [18:13:00] Fetched 1000 swaps from token0_in (Total: 358000)
[2026-01-25T18:13:02.859+0000] {logging_mixin.py:188} INFO - [18:13:02] Fetched 1000 swaps from token0_in (Total: 359000)
[2026-01-25T18:13:04.561+0000] {logging_mixin.py:188} INFO - [18:13:04] Fetched 1000 swaps from token0_in (Total: 360000)
[2026-01-25T18:13:06.363+0000] {logging_mixin.py:188} INFO - [18:13:06] Fetched 1000 swaps from token0_in (Total: 361000)
[2026-01-25T18:13:08.333+0000] {logging_mixin.py:188} INFO - [18:13:08] Fetched 1000 swaps from token0_in (Total: 362000)
[2026-01-25T18:13:10.737+0000] {logging_mixin.py:188} INFO - [18:13:10] Fetched 1000 swaps from token0_in (Total: 363000)
[2026-01-25T18:13:12.971+0000] {logging_mixin.py:188} INFO - [18:13:12] Fetched 1000 swaps from token0_in (Total: 364000)
[2026-01-25T18:13:14.890+0000] {logging_mixin.py:188} INFO - [18:13:14] Fetched 1000 swaps from token0_in (Total: 365000)
[2026-01-25T18:13:17.104+0000] {logging_mixin.py:188} INFO - [18:13:17] Fetched 1000 swaps from token0_in (Total: 366000)
[2026-01-25T18:13:18.939+0000] {logging_mixin.py:188} INFO - [18:13:18] Fetched 1000 swaps from token0_in (Total: 367000)
[2026-01-25T18:13:20.890+0000] {logging_mixin.py:188} INFO - [18:13:20] Fetched 1000 swaps from token0_in (Total: 368000)
[2026-01-25T18:13:23.070+0000] {logging_mixin.py:188} INFO - [18:13:23] Fetched 1000 swaps from token0_in (Total: 369000)
[2026-01-25T18:13:25.057+0000] {logging_mixin.py:188} INFO - [18:13:25] Fetched 1000 swaps from token0_in (Total: 370000)
[2026-01-25T18:13:27.211+0000] {logging_mixin.py:188} INFO - [18:13:27] Fetched 1000 swaps from token0_in (Total: 371000)
[2026-01-25T18:13:29.159+0000] {logging_mixin.py:188} INFO - [18:13:29] Fetched 1000 swaps from token0_in (Total: 372000)
[2026-01-25T18:13:31.011+0000] {logging_mixin.py:188} INFO - [18:13:31] Fetched 1000 swaps from token0_in (Total: 373000)
[2026-01-25T18:13:33.221+0000] {logging_mixin.py:188} INFO - [18:13:33] Fetched 1000 swaps from token0_in (Total: 374000)
[2026-01-25T18:13:35.555+0000] {logging_mixin.py:188} INFO - [18:13:35] Fetched 1000 swaps from token0_in (Total: 375000)
[2026-01-25T18:13:37.271+0000] {logging_mixin.py:188} INFO - [18:13:37] Fetched 1000 swaps from token0_in (Total: 376000)
[2026-01-25T18:13:39.197+0000] {logging_mixin.py:188} INFO - [18:13:39] Fetched 1000 swaps from token0_in (Total: 377000)
[2026-01-25T18:13:40.997+0000] {logging_mixin.py:188} INFO - [18:13:40] Fetched 1000 swaps from token0_in (Total: 378000)
[2026-01-25T18:13:42.864+0000] {logging_mixin.py:188} INFO - [18:13:42] Fetched 1000 swaps from token0_in (Total: 379000)
[2026-01-25T18:13:44.832+0000] {logging_mixin.py:188} INFO - [18:13:44] Fetched 1000 swaps from token0_in (Total: 380000)
[2026-01-25T18:13:46.905+0000] {logging_mixin.py:188} INFO - [18:13:46] Fetched 1000 swaps from token0_in (Total: 381000)
[2026-01-25T18:13:48.815+0000] {logging_mixin.py:188} INFO - [18:13:48] Fetched 1000 swaps from token0_in (Total: 382000)
[2026-01-25T18:13:50.921+0000] {logging_mixin.py:188} INFO - [18:13:50] Fetched 1000 swaps from token0_in (Total: 383000)
[2026-01-25T18:13:53.040+0000] {logging_mixin.py:188} INFO - [18:13:53] Fetched 1000 swaps from token0_in (Total: 384000)
[2026-01-25T18:13:55.260+0000] {logging_mixin.py:188} INFO - [18:13:55] Fetched 1000 swaps from token0_in (Total: 385000)
[2026-01-25T18:13:59.116+0000] {logging_mixin.py:188} INFO - [18:13:59] Fetched 1000 swaps from token0_in (Total: 386000)
[2026-01-25T18:14:04.546+0000] {logging_mixin.py:188} INFO - [18:14:04] Fetched 1000 swaps from token0_in (Total: 387000)
[2026-01-25T18:14:06.086+0000] {logging_mixin.py:188} INFO - [18:14:06] Fetched 1000 swaps from token0_in (Total: 388000)
[2026-01-25T18:14:07.373+0000] {logging_mixin.py:188} INFO - [18:14:07] Fetched 1000 swaps from token0_in (Total: 389000)
[2026-01-25T18:14:08.649+0000] {logging_mixin.py:188} INFO - [18:14:08] Fetched 1000 swaps from token0_in (Total: 390000)
[2026-01-25T18:14:09.871+0000] {logging_mixin.py:188} INFO - [18:14:09] Fetched 1000 swaps from token0_in (Total: 391000)
