[2026-01-26T14:00:02.632+0000] {taskinstance.py:1956} INFO - Dependencies all met for dep_context=non-requeueable deps ti=<TaskInstance: the_graph_uniswap_v3_swaps.fetch_and_store_swaps scheduled__2026-01-26T13:00:00+00:00 [queued]>
[2026-01-26T14:00:02.639+0000] {taskinstance.py:1956} INFO - Dependencies all met for dep_context=requeueable deps ti=<TaskInstance: the_graph_uniswap_v3_swaps.fetch_and_store_swaps scheduled__2026-01-26T13:00:00+00:00 [queued]>
[2026-01-26T14:00:02.639+0000] {taskinstance.py:2170} INFO - Starting attempt 1 of 2
[2026-01-26T14:00:02.650+0000] {taskinstance.py:2191} INFO - Executing <Task(PythonOperator): fetch_and_store_swaps> on 2026-01-26 13:00:00+00:00
[2026-01-26T14:00:02.658+0000] {standard_task_runner.py:60} INFO - Started process 70075 to run task
[2026-01-26T14:00:02.664+0000] {standard_task_runner.py:87} INFO - Running: ['***', 'tasks', 'run', 'the_graph_uniswap_v3_swaps', 'fetch_and_store_swaps', 'scheduled__2026-01-26T13:00:00+00:00', '--job-id', '123', '--raw', '--subdir', 'DAGS_FOLDER/the_graph_uniswap_v3_swaps_dag.py', '--cfg-path', '/tmp/tmpe7sap_vz']
[2026-01-26T14:00:02.670+0000] {standard_task_runner.py:88} INFO - Job 123: Subtask fetch_and_store_swaps
[2026-01-26T14:00:02.739+0000] {task_command.py:423} INFO - Running <TaskInstance: the_graph_uniswap_v3_swaps.fetch_and_store_swaps scheduled__2026-01-26T13:00:00+00:00 [running]> on host f2da44f39545
[2026-01-26T14:00:02.823+0000] {taskinstance.py:2480} INFO - Exporting env vars: AIRFLOW_CTX_DAG_OWNER='***' AIRFLOW_CTX_DAG_ID='the_graph_uniswap_v3_swaps' AIRFLOW_CTX_TASK_ID='fetch_and_store_swaps' AIRFLOW_CTX_EXECUTION_DATE='2026-01-26T13:00:00+00:00' AIRFLOW_CTX_TRY_NUMBER='1' AIRFLOW_CTX_DAG_RUN_ID='scheduled__2026-01-26T13:00:00+00:00'
[2026-01-26T14:00:02.839+0000] {logging_mixin.py:188} INFO - Incremental run: Last record at 2026-01-26 12:59:59. Fetching new swaps...
[2026-01-26T14:00:02.839+0000] {logging_mixin.py:188} INFO - Fetching swaps from 2026-01-26 13:00:00 to 2026-01-26 14:00:02.839538
[2026-01-26T14:00:04.434+0000] {logging_mixin.py:188} INFO - [14:00:04] Fetched 1000 swaps from token0_in (Total: 1000)
[2026-01-26T14:00:07.021+0000] {logging_mixin.py:188} INFO - [14:00:07] Fetched 1000 swaps from token0_in (Total: 2000)
[2026-01-26T14:00:08.170+0000] {logging_mixin.py:188} INFO - [14:00:08] Fetched 262 swaps from token0_in (Total: 2262)
[2026-01-26T14:00:09.564+0000] {logging_mixin.py:188} INFO - [14:00:09] Fetched 1000 swaps from token1_in (Total: 1000)
[2026-01-26T14:00:11.654+0000] {logging_mixin.py:188} INFO - [14:00:11] Fetched 1000 swaps from token1_in (Total: 2000)
[2026-01-26T14:00:14.443+0000] {logging_mixin.py:188} INFO - [14:00:14] Fetched 1000 swaps from token1_in (Total: 3000)
[2026-01-26T14:00:16.050+0000] {logging_mixin.py:188} INFO - [14:00:16] Fetched 1000 swaps from token1_in (Total: 4000)
[2026-01-26T14:00:17.020+0000] {logging_mixin.py:188} INFO - [14:00:17] Fetched 111 swaps from token1_in (Total: 4111)
[2026-01-26T14:00:17.155+0000] {logging_mixin.py:188} INFO - Fetch complete. Total unique swaps processed: 4648
[2026-01-26T14:00:17.155+0000] {logging_mixin.py:188} INFO - Successfully synchronized swaps.
[2026-01-26T14:00:17.189+0000] {python.py:201} INFO - Done. Returned value was: None
[2026-01-26T14:00:17.241+0000] {logging_mixin.py:188} WARNING - /home/***/.local/lib/python3.8/site-packages/***/models/baseoperator.py:1469 RemovedInAirflow3Warning: Passing 'execution_date' to 'TaskInstance.xcom_push()' is deprecated.
[2026-01-26T14:00:17.339+0000] {taskinstance.py:1138} INFO - Marking task as SUCCESS. dag_id=the_graph_uniswap_v3_swaps, task_id=fetch_and_store_swaps, execution_date=20260126T130000, start_date=20260126T140002, end_date=20260126T140017
[2026-01-26T14:00:17.469+0000] {local_task_job_runner.py:234} INFO - Task exited with return code 0
[2026-01-26T14:00:17.576+0000] {taskinstance.py:3280} INFO - 0 downstream tasks scheduled from follow-on schedule check
