[2026-01-26T11:06:47.365+0000] {taskinstance.py:1956} INFO - Dependencies all met for dep_context=non-requeueable deps ti=<TaskInstance: the_graph_uniswap_v3_swaps.fetch_and_store_swaps scheduled__2026-01-26T10:00:00+00:00 [queued]>
[2026-01-26T11:06:47.373+0000] {taskinstance.py:1956} INFO - Dependencies all met for dep_context=requeueable deps ti=<TaskInstance: the_graph_uniswap_v3_swaps.fetch_and_store_swaps scheduled__2026-01-26T10:00:00+00:00 [queued]>
[2026-01-26T11:06:47.373+0000] {taskinstance.py:2170} INFO - Starting attempt 1 of 2
[2026-01-26T11:06:47.386+0000] {taskinstance.py:2191} INFO - Executing <Task(PythonOperator): fetch_and_store_swaps> on 2026-01-26 10:00:00+00:00
[2026-01-26T11:06:47.391+0000] {standard_task_runner.py:60} INFO - Started process 45723 to run task
[2026-01-26T11:06:47.395+0000] {standard_task_runner.py:87} INFO - Running: ['***', 'tasks', 'run', 'the_graph_uniswap_v3_swaps', 'fetch_and_store_swaps', 'scheduled__2026-01-26T10:00:00+00:00', '--job-id', '109', '--raw', '--subdir', 'DAGS_FOLDER/the_graph_uniswap_v3_swaps_dag.py', '--cfg-path', '/tmp/tmp6zzu3msd']
[2026-01-26T11:06:47.398+0000] {standard_task_runner.py:88} INFO - Job 109: Subtask fetch_and_store_swaps
[2026-01-26T11:06:47.458+0000] {task_command.py:423} INFO - Running <TaskInstance: the_graph_uniswap_v3_swaps.fetch_and_store_swaps scheduled__2026-01-26T10:00:00+00:00 [running]> on host f2da44f39545
[2026-01-26T11:06:47.529+0000] {taskinstance.py:2480} INFO - Exporting env vars: AIRFLOW_CTX_DAG_OWNER='***' AIRFLOW_CTX_DAG_ID='the_graph_uniswap_v3_swaps' AIRFLOW_CTX_TASK_ID='fetch_and_store_swaps' AIRFLOW_CTX_EXECUTION_DATE='2026-01-26T10:00:00+00:00' AIRFLOW_CTX_TRY_NUMBER='1' AIRFLOW_CTX_DAG_RUN_ID='scheduled__2026-01-26T10:00:00+00:00'
[2026-01-26T11:06:47.551+0000] {logging_mixin.py:188} INFO - Incremental run: Last record at 2026-01-26 09:59:59. Fetching new swaps...
[2026-01-26T11:06:47.552+0000] {logging_mixin.py:188} INFO - Fetching swaps from 2026-01-26 10:00:00 to 2026-01-26 11:06:47.551766
[2026-01-26T11:06:48.695+0000] {logging_mixin.py:188} INFO - [11:06:48] Fetched 1000 swaps from token0_in (Total: 1000)
[2026-01-26T11:06:50.364+0000] {logging_mixin.py:188} INFO - [11:06:50] Fetched 1000 swaps from token0_in (Total: 2000)
[2026-01-26T11:06:53.107+0000] {logging_mixin.py:188} INFO - [11:06:53] Fetched 555 swaps from token0_in (Total: 2555)
[2026-01-26T11:06:54.549+0000] {logging_mixin.py:188} INFO - [11:06:54] Fetched 1000 swaps from token1_in (Total: 1000)
[2026-01-26T11:06:56.292+0000] {logging_mixin.py:188} INFO - [11:06:56] Fetched 1000 swaps from token1_in (Total: 2000)
[2026-01-26T11:06:58.549+0000] {logging_mixin.py:188} INFO - [11:06:58] Fetched 1000 swaps from token1_in (Total: 3000)
[2026-01-26T11:07:01.811+0000] {logging_mixin.py:188} INFO - [11:07:01] Fetched 900 swaps from token1_in (Total: 3900)
[2026-01-26T11:07:02.517+0000] {logging_mixin.py:188} INFO - Fetch complete. Total unique swaps processed: 4387
[2026-01-26T11:07:02.517+0000] {logging_mixin.py:188} INFO - Successfully synchronized swaps.
[2026-01-26T11:07:02.534+0000] {python.py:201} INFO - Done. Returned value was: None
[2026-01-26T11:07:02.573+0000] {logging_mixin.py:188} WARNING - /home/***/.local/lib/python3.8/site-packages/***/models/baseoperator.py:1469 RemovedInAirflow3Warning: Passing 'execution_date' to 'TaskInstance.xcom_push()' is deprecated.
[2026-01-26T11:07:02.681+0000] {taskinstance.py:1138} INFO - Marking task as SUCCESS. dag_id=the_graph_uniswap_v3_swaps, task_id=fetch_and_store_swaps, execution_date=20260126T100000, start_date=20260126T110647, end_date=20260126T110702
[2026-01-26T11:07:02.780+0000] {local_task_job_runner.py:234} INFO - Task exited with return code 0
[2026-01-26T11:07:02.848+0000] {taskinstance.py:3280} INFO - 0 downstream tasks scheduled from follow-on schedule check
